{"C:\\Code\\spackl - Copy\\app.config.js": {"path":"C:\\Code\\spackl - Copy\\app.config.js","statementMap":{},"fnMap":{},"branchMap":{},"s":{},"f":{},"b":{}}
,"C:\\Code\\spackl - Copy\\firebaseConfig.ts": {"path":"C:\\Code\\spackl - Copy\\firebaseConfig.ts","statementMap":{"0":{"start":{"line":7,"column":23},"end":{"line":15,"column":1}},"1":{"start":{"line":18,"column":28},"end":{"line":18,"column":57}},"2":{"start":{"line":20,"column":29},"end":{"line":22,"column":2}},"3":{"start":{"line":23,"column":32},"end":{"line":23,"column":56}},"4":{"start":{"line":24,"column":34},"end":{"line":24,"column":60}}},"fnMap":{},"branchMap":{},"s":{"0":1,"1":1,"2":1,"3":1,"4":1},"f":{},"b":{},"_coverageSchema":"1a1c01bbd47fc00a2c39e90264f33305004495a9","hash":"f0d5b704f5bc5bb3ff5a8b2463b62c4a5cb48d63"}
,"C:\\Code\\spackl - Copy\\metro.config.js": {"path":"C:\\Code\\spackl - Copy\\metro.config.js","statementMap":{"0":{"start":{"line":1,"column":29},"end":{"line":1,"column":57}},"1":{"start":{"line":2,"column":24},"end":{"line":2,"column":61}},"2":{"start":{"line":4,"column":15},"end":{"line":4,"column":42}},"3":{"start":{"line":7,"column":21},"end":{"line":20,"column":1}},"4":{"start":{"line":23,"column":0},"end":{"line":23,"column":51}}},"fnMap":{},"branchMap":{},"s":{"0":0,"1":0,"2":0,"3":0,"4":0},"f":{},"b":{}}
,"C:\\Code\\spackl - Copy\\app\\+not-found.tsx": {"path":"C:\\Code\\spackl - Copy\\app\\+not-found.tsx","statementMap":{"0":{"start":{"line":6,"column":2},"end":{"line":16,"column":4}},"1":{"start":{"line":19,"column":15},"end":{"line":34,"column":2}}},"fnMap":{"0":{"name":"NotFoundScreen","decl":{"start":{"line":5,"column":24},"end":{"line":5,"column":38}},"loc":{"start":{"line":5,"column":41},"end":{"line":17,"column":1}},"line":5}},"branchMap":{},"s":{"0":0,"1":0},"f":{"0":0},"b":{}}
,"C:\\Code\\spackl - Copy\\app\\_layout.tsx": {"path":"C:\\Code\\spackl - Copy\\app\\_layout.tsx","statementMap":{"0":{"start":{"line":14,"column":2},"end":{"line":14,"column":22}},"1":{"start":{"line":16,"column":24},"end":{"line":21,"column":4}},"2":{"start":{"line":23,"column":2},"end":{"line":25,"column":3}},"3":{"start":{"line":24,"column":4},"end":{"line":24,"column":16}},"4":{"start":{"line":27,"column":2},"end":{"line":45,"column":4}}},"fnMap":{"0":{"name":"RootLayout","decl":{"start":{"line":13,"column":24},"end":{"line":13,"column":34}},"loc":{"start":{"line":13,"column":37},"end":{"line":46,"column":1}},"line":13}},"branchMap":{"0":{"loc":{"start":{"line":23,"column":2},"end":{"line":25,"column":3}},"type":"if","locations":[{"start":{"line":23,"column":2},"end":{"line":25,"column":3}},{"start":{},"end":{}}],"line":23}},"s":{"0":0,"1":0,"2":0,"3":0,"4":0},"f":{"0":0},"b":{"0":[0,0]}}
,"C:\\Code\\spackl - Copy\\app\\(tabs)\\_layout.tsx": {"path":"C:\\Code\\spackl - Copy\\app\\(tabs)\\_layout.tsx","statementMap":{"0":{"start":{"line":6,"column":21},"end":{"line":6,"column":31}},"1":{"start":{"line":8,"column":2},"end":{"line":55,"column":4}},"2":{"start":{"line":30,"column":43},"end":{"line":30,"column":81}},"3":{"start":{"line":37,"column":43},"end":{"line":37,"column":78}},"4":{"start":{"line":44,"column":43},"end":{"line":44,"column":83}},"5":{"start":{"line":51,"column":43},"end":{"line":51,"column":81}}},"fnMap":{"0":{"name":"TabLayout","decl":{"start":{"line":5,"column":24},"end":{"line":5,"column":33}},"loc":{"start":{"line":5,"column":36},"end":{"line":56,"column":1}},"line":5},"1":{"name":"(anonymous_1)","decl":{"start":{"line":30,"column":22},"end":{"line":30,"column":23}},"loc":{"start":{"line":30,"column":43},"end":{"line":30,"column":81}},"line":30},"2":{"name":"(anonymous_2)","decl":{"start":{"line":37,"column":22},"end":{"line":37,"column":23}},"loc":{"start":{"line":37,"column":43},"end":{"line":37,"column":78}},"line":37},"3":{"name":"(anonymous_3)","decl":{"start":{"line":44,"column":22},"end":{"line":44,"column":23}},"loc":{"start":{"line":44,"column":43},"end":{"line":44,"column":83}},"line":44},"4":{"name":"(anonymous_4)","decl":{"start":{"line":51,"column":22},"end":{"line":51,"column":23}},"loc":{"start":{"line":51,"column":43},"end":{"line":51,"column":81}},"line":51}},"branchMap":{"0":{"loc":{"start":{"line":12,"column":27},"end":{"line":12,"column":57}},"type":"cond-expr","locations":[{"start":{"line":12,"column":36},"end":{"line":12,"column":45}},{"start":{"line":12,"column":48},"end":{"line":12,"column":57}}],"line":12},"1":{"loc":{"start":{"line":13,"column":26},"end":{"line":13,"column":56}},"type":"cond-expr","locations":[{"start":{"line":13,"column":35},"end":{"line":13,"column":44}},{"start":{"line":13,"column":47},"end":{"line":13,"column":56}}],"line":13},"2":{"loc":{"start":{"line":16,"column":33},"end":{"line":16,"column":63}},"type":"cond-expr","locations":[{"start":{"line":16,"column":42},"end":{"line":16,"column":51}},{"start":{"line":16,"column":54},"end":{"line":16,"column":63}}],"line":16},"3":{"loc":{"start":{"line":19,"column":27},"end":{"line":19,"column":57}},"type":"cond-expr","locations":[{"start":{"line":19,"column":36},"end":{"line":19,"column":45}},{"start":{"line":19,"column":48},"end":{"line":19,"column":57}}],"line":19},"4":{"loc":{"start":{"line":23,"column":17},"end":{"line":23,"column":47}},"type":"cond-expr","locations":[{"start":{"line":23,"column":26},"end":{"line":23,"column":35}},{"start":{"line":23,"column":38},"end":{"line":23,"column":47}}],"line":23}},"s":{"0":0,"1":0,"2":0,"3":0,"4":0,"5":0},"f":{"0":0,"1":0,"2":0,"3":0,"4":0},"b":{"0":[0,0],"1":[0,0],"2":[0,0],"3":[0,0],"4":[0,0]}}
,"C:\\Code\\spackl - Copy\\app\\(tabs)\\contacts.tsx": {"path":"C:\\Code\\spackl - Copy\\app\\(tabs)\\contacts.tsx","statementMap":{"0":{"start":{"line":37,"column":34},"end":{"line":37,"column":57}},"1":{"start":{"line":38,"column":32},"end":{"line":38,"column":46}},"2":{"start":{"line":39,"column":28},"end":{"line":39,"column":57}},"3":{"start":{"line":40,"column":40},"end":{"line":40,"column":52}},"4":{"start":{"line":41,"column":40},"end":{"line":41,"column":51}},"5":{"start":{"line":42,"column":20},"end":{"line":42,"column":51}},"6":{"start":{"line":43,"column":21},"end":{"line":43,"column":31}},"7":{"start":{"line":44,"column":17},"end":{"line":44,"column":28}},"8":{"start":{"line":45,"column":30},"end":{"line":45,"column":39}},"9":{"start":{"line":46,"column":48},"end":{"line":46,"column":81}},"10":{"start":{"line":47,"column":58},"end":{"line":47,"column":73}},"11":{"start":{"line":48,"column":38},"end":{"line":48,"column":53}},"12":{"start":{"line":49,"column":40},"end":{"line":49,"column":76}},"13":{"start":{"line":50,"column":42},"end":{"line":50,"column":78}},"14":{"start":{"line":51,"column":46},"end":{"line":51,"column":81}},"15":{"start":{"line":52,"column":50},"end":{"line":52,"column":65}},"16":{"start":{"line":53,"column":48},"end":{"line":53,"column":78}},"17":{"start":{"line":54,"column":44},"end":{"line":54,"column":65}},"18":{"start":{"line":55,"column":44},"end":{"line":55,"column":59}},"19":{"start":{"line":56,"column":40},"end":{"line":56,"column":69}},"20":{"start":{"line":57,"column":42},"end":{"line":64,"column":9}},"21":{"start":{"line":65,"column":56},"end":{"line":65,"column":71}},"22":{"start":{"line":67,"column":22},"end":{"line":67,"column":23}},"23":{"start":{"line":68,"column":22},"end":{"line":68,"column":26}},"24":{"start":{"line":70,"column":2},"end":{"line":74,"column":13}},"25":{"start":{"line":71,"column":4},"end":{"line":71,"column":19}},"26":{"start":{"line":72,"column":4},"end":{"line":72,"column":26}},"27":{"start":{"line":73,"column":4},"end":{"line":73,"column":23}},"28":{"start":{"line":76,"column":20},"end":{"line":89,"column":8}},"29":{"start":{"line":77,"column":4},"end":{"line":77,"column":24}},"30":{"start":{"line":78,"column":4},"end":{"line":88,"column":5}},"31":{"start":{"line":79,"column":6},"end":{"line":82,"column":9}},"32":{"start":{"line":84,"column":6},"end":{"line":84,"column":46}},"33":{"start":{"line":85,"column":6},"end":{"line":85,"column":41}},"34":{"start":{"line":87,"column":6},"end":{"line":87,"column":27}},"35":{"start":{"line":91,"column":23},"end":{"line":212,"column":3}},"36":{"start":{"line":92,"column":4},"end":{"line":211,"column":5}},"37":{"start":{"line":93,"column":6},"end":{"line":129,"column":7}},"38":{"start":{"line":95,"column":8},"end":{"line":126,"column":11}},"39":{"start":{"line":127,"column":8},"end":{"line":127,"column":26}},"40":{"start":{"line":128,"column":8},"end":{"line":128,"column":15}},"41":{"start":{"line":131,"column":25},"end":{"line":131,"column":65}},"42":{"start":{"line":132,"column":6},"end":{"line":136,"column":7}},"43":{"start":{"line":133,"column":8},"end":{"line":133,"column":61}},"44":{"start":{"line":134,"column":8},"end":{"line":134,"column":26}},"45":{"start":{"line":135,"column":8},"end":{"line":135,"column":15}},"46":{"start":{"line":138,"column":23},"end":{"line":144,"column":8}},"47":{"start":{"line":147,"column":27},"end":{"line":157,"column":7}},"48":{"start":{"line":159,"column":33},"end":{"line":173,"column":89}},"49":{"start":{"line":162,"column":8},"end":{"line":162,"column":63}},"50":{"start":{"line":163,"column":24},"end":{"line":172,"column":9}},"51":{"start":{"line":175,"column":6},"end":{"line":175,"column":38}},"52":{"start":{"line":176,"column":6},"end":{"line":176,"column":36}},"53":{"start":{"line":179,"column":39},"end":{"line":201,"column":7}},"54":{"start":{"line":181,"column":10},"end":{"line":199,"column":11}},"55":{"start":{"line":182,"column":12},"end":{"line":184,"column":13}},"56":{"start":{"line":183,"column":14},"end":{"line":183,"column":73}},"57":{"start":{"line":186,"column":37},"end":{"line":186,"column":86}},"58":{"start":{"line":187,"column":38},"end":{"line":187,"column":98}},"59":{"start":{"line":188,"column":38},"end":{"line":188,"column":69}},"60":{"start":{"line":190,"column":29},"end":{"line":190,"column":105}},"61":{"start":{"line":191,"column":12},"end":{"line":195,"column":14}},"62":{"start":{"line":197,"column":12},"end":{"line":197,"column":84}},"63":{"start":{"line":198,"column":12},"end":{"line":198,"column":66}},"64":{"start":{"line":203,"column":6},"end":{"line":203,"column":44}},"65":{"start":{"line":204,"column":6},"end":{"line":204,"column":107}},"66":{"start":{"line":204,"column":64},"end":{"line":204,"column":97}},"67":{"start":{"line":206,"column":6},"end":{"line":206,"column":42}},"68":{"start":{"line":207,"column":6},"end":{"line":207,"column":52}},"69":{"start":{"line":209,"column":6},"end":{"line":209,"column":24}},"70":{"start":{"line":210,"column":6},"end":{"line":210,"column":37}},"71":{"start":{"line":214,"column":30},"end":{"line":234,"column":3}},"72":{"start":{"line":215,"column":4},"end":{"line":233,"column":5}},"73":{"start":{"line":216,"column":33},"end":{"line":216,"column":82}},"74":{"start":{"line":217,"column":16},"end":{"line":217,"column":77}},"75":{"start":{"line":218,"column":28},"end":{"line":218,"column":44}},"76":{"start":{"line":220,"column":55},"end":{"line":220,"column":57}},"77":{"start":{"line":221,"column":6},"end":{"line":228,"column":9}},"78":{"start":{"line":222,"column":21},"end":{"line":222,"column":31}},"79":{"start":{"line":223,"column":8},"end":{"line":227,"column":10}},"80":{"start":{"line":230,"column":6},"end":{"line":230,"column":46}},"81":{"start":{"line":232,"column":6},"end":{"line":232,"column":60}},"82":{"start":{"line":236,"column":27},"end":{"line":268,"column":3}},"83":{"start":{"line":237,"column":4},"end":{"line":237,"column":49}},"84":{"start":{"line":237,"column":42},"end":{"line":237,"column":49}},"85":{"start":{"line":239,"column":4},"end":{"line":239,"column":33}},"86":{"start":{"line":240,"column":4},"end":{"line":267,"column":5}},"87":{"start":{"line":241,"column":31},"end":{"line":241,"column":71}},"88":{"start":{"line":242,"column":33},"end":{"line":242,"column":93}},"89":{"start":{"line":243,"column":33},"end":{"line":243,"column":65}},"90":{"start":{"line":245,"column":6},"end":{"line":261,"column":7}},"91":{"start":{"line":246,"column":21},"end":{"line":246,"column":46}},"92":{"start":{"line":247,"column":32},"end":{"line":256,"column":13}},"93":{"start":{"line":248,"column":29},"end":{"line":248,"column":45}},"94":{"start":{"line":249,"column":51},"end":{"line":256,"column":11}},"95":{"start":{"line":258,"column":8},"end":{"line":258,"column":41}},"96":{"start":{"line":260,"column":8},"end":{"line":260,"column":28}},"97":{"start":{"line":263,"column":6},"end":{"line":263,"column":60}},"98":{"start":{"line":264,"column":6},"end":{"line":264,"column":50}},"99":{"start":{"line":266,"column":6},"end":{"line":266,"column":36}},"100":{"start":{"line":270,"column":28},"end":{"line":390,"column":3}},"101":{"start":{"line":271,"column":4},"end":{"line":389,"column":5}},"102":{"start":{"line":272,"column":6},"end":{"line":275,"column":5}},"103":{"start":{"line":273,"column":8},"end":{"line":273,"column":48}},"104":{"start":{"line":274,"column":6},"end":{"line":274,"column":13}},"105":{"start":{"line":277,"column":19},"end":{"line":277,"column":44}},"106":{"start":{"line":278,"column":6},"end":{"line":281,"column":7}},"107":{"start":{"line":279,"column":8},"end":{"line":279,"column":43}},"108":{"start":{"line":280,"column":8},"end":{"line":280,"column":15}},"109":{"start":{"line":283,"column":35},"end":{"line":283,"column":84}},"110":{"start":{"line":286,"column":23},"end":{"line":286,"column":62}},"111":{"start":{"line":287,"column":24},"end":{"line":287,"column":89}},"112":{"start":{"line":288,"column":27},"end":{"line":288,"column":51}},"113":{"start":{"line":289,"column":28},"end":{"line":289,"column":47}},"114":{"start":{"line":292,"column":25},"end":{"line":300,"column":7}},"115":{"start":{"line":303,"column":24},"end":{"line":303,"column":64}},"116":{"start":{"line":304,"column":26},"end":{"line":304,"column":75}},"117":{"start":{"line":305,"column":29},"end":{"line":305,"column":55}},"118":{"start":{"line":306,"column":21},"end":{"line":306,"column":84}},"119":{"start":{"line":306,"column":53},"end":{"line":306,"column":82}},"120":{"start":{"line":309,"column":32},"end":{"line":309,"column":96}},"121":{"start":{"line":310,"column":33},"end":{"line":321,"column":7}},"122":{"start":{"line":324,"column":32},"end":{"line":324,"column":63}},"123":{"start":{"line":325,"column":6},"end":{"line":334,"column":7}},"124":{"start":{"line":326,"column":29},"end":{"line":326,"column":53}},"125":{"start":{"line":328,"column":8},"end":{"line":331,"column":11}},"126":{"start":{"line":333,"column":8},"end":{"line":333,"column":60}},"127":{"start":{"line":337,"column":32},"end":{"line":337,"column":83}},"128":{"start":{"line":338,"column":32},"end":{"line":338,"column":63}},"129":{"start":{"line":340,"column":6},"end":{"line":366,"column":7}},"130":{"start":{"line":341,"column":33},"end":{"line":341,"column":72}},"131":{"start":{"line":342,"column":30},"end":{"line":345,"column":9}},"132":{"start":{"line":343,"column":10},"end":{"line":344,"column":67}},"133":{"start":{"line":347,"column":8},"end":{"line":356,"column":9}},"134":{"start":{"line":348,"column":10},"end":{"line":355,"column":13}},"135":{"start":{"line":358,"column":8},"end":{"line":365,"column":11}},"136":{"start":{"line":369,"column":6},"end":{"line":375,"column":8}},"137":{"start":{"line":370,"column":8},"end":{"line":374,"column":9}},"138":{"start":{"line":371,"column":10},"end":{"line":373,"column":15}},"139":{"start":{"line":378,"column":6},"end":{"line":385,"column":7}},"140":{"start":{"line":379,"column":24},"end":{"line":379,"column":110}},"141":{"start":{"line":380,"column":27},"end":{"line":380,"column":82}},"142":{"start":{"line":382,"column":6},"end":{"line":384,"column":9}},"143":{"start":{"line":383,"column":10},"end":{"line":383,"column":47}},"144":{"start":{"line":388,"column":6},"end":{"line":388,"column":30}},"145":{"start":{"line":392,"column":26},"end":{"line":419,"column":3}},"146":{"start":{"line":393,"column":4},"end":{"line":418,"column":5}},"147":{"start":{"line":394,"column":35},"end":{"line":394,"column":68}},"148":{"start":{"line":395,"column":6},"end":{"line":395,"column":40}},"149":{"start":{"line":395,"column":33},"end":{"line":395,"column":40}},"150":{"start":{"line":397,"column":31},"end":{"line":397,"column":70}},"151":{"start":{"line":398,"column":32},"end":{"line":398,"column":92}},"152":{"start":{"line":400,"column":6},"end":{"line":400,"column":41}},"153":{"start":{"line":403,"column":8},"end":{"line":407,"column":8}},"154":{"start":{"line":404,"column":10},"end":{"line":406,"column":9}},"155":{"start":{"line":405,"column":10},"end":{"line":405,"column":59}},"156":{"start":{"line":408,"column":6},"end":{"line":408,"column":52}},"157":{"start":{"line":408,"column":29},"end":{"line":408,"column":50}},"158":{"start":{"line":410,"column":6},"end":{"line":414,"column":8}},"159":{"start":{"line":416,"column":6},"end":{"line":416,"column":54}},"160":{"start":{"line":417,"column":6},"end":{"line":417,"column":82}},"161":{"start":{"line":421,"column":34},"end":{"line":442,"column":3}},"162":{"start":{"line":422,"column":4},"end":{"line":441,"column":5}},"163":{"start":{"line":423,"column":35},"end":{"line":423,"column":68}},"164":{"start":{"line":424,"column":6},"end":{"line":424,"column":45}},"165":{"start":{"line":424,"column":33},"end":{"line":424,"column":45}},"166":{"start":{"line":426,"column":31},"end":{"line":426,"column":70}},"167":{"start":{"line":427,"column":32},"end":{"line":427,"column":92}},"168":{"start":{"line":428,"column":32},"end":{"line":428,"column":63}},"169":{"start":{"line":430,"column":6},"end":{"line":430,"column":51}},"170":{"start":{"line":430,"column":39},"end":{"line":430,"column":51}},"171":{"start":{"line":432,"column":19},"end":{"line":432,"column":43}},"172":{"start":{"line":433,"column":6},"end":{"line":437,"column":8}},"173":{"start":{"line":439,"column":6},"end":{"line":439,"column":66}},"174":{"start":{"line":440,"column":6},"end":{"line":440,"column":18}},"175":{"start":{"line":444,"column":28},"end":{"line":446,"column":3}},"176":{"start":{"line":445,"column":4},"end":{"line":445,"column":42}},"177":{"start":{"line":448,"column":27},"end":{"line":456,"column":111}},"178":{"start":{"line":449,"column":4},"end":{"line":449,"column":45}},"179":{"start":{"line":449,"column":29},"end":{"line":449,"column":45}},"180":{"start":{"line":451,"column":24},"end":{"line":451,"column":67}},"181":{"start":{"line":452,"column":4},"end":{"line":455,"column":7}},"182":{"start":{"line":453,"column":27},"end":{"line":453,"column":124}},"183":{"start":{"line":454,"column":6},"end":{"line":454,"column":68}},"184":{"start":{"line":454,"column":39},"end":{"line":454,"column":66}},"185":{"start":{"line":458,"column":28},"end":{"line":579,"column":3}},"186":{"start":{"line":459,"column":4},"end":{"line":578,"column":11}},"187":{"start":{"line":461,"column":23},"end":{"line":461,"column":46}},"188":{"start":{"line":503,"column":29},"end":{"line":503,"column":55}},"189":{"start":{"line":520,"column":29},"end":{"line":520,"column":51}},"190":{"start":{"line":534,"column":16},"end":{"line":538,"column":23}},"191":{"start":{"line":552,"column":10},"end":{"line":567,"column":11}},"192":{"start":{"line":553,"column":12},"end":{"line":564,"column":14}},"193":{"start":{"line":561,"column":33},"end":{"line":561,"column":54}},"194":{"start":{"line":565,"column":17},"end":{"line":567,"column":11}},"195":{"start":{"line":566,"column":12},"end":{"line":566,"column":36}},"196":{"start":{"line":581,"column":28},"end":{"line":607,"column":3}},"197":{"start":{"line":582,"column":4},"end":{"line":582,"column":29}},"198":{"start":{"line":582,"column":22},"end":{"line":582,"column":29}},"199":{"start":{"line":584,"column":4},"end":{"line":584,"column":27}},"200":{"start":{"line":585,"column":4},"end":{"line":585,"column":25}},"201":{"start":{"line":587,"column":4},"end":{"line":606,"column":5}},"202":{"start":{"line":588,"column":24},"end":{"line":588,"column":64}},"203":{"start":{"line":589,"column":16},"end":{"line":589,"column":81}},"204":{"start":{"line":590,"column":28},"end":{"line":590,"column":44}},"205":{"start":{"line":592,"column":30},"end":{"line":592,"column":32}},"206":{"start":{"line":593,"column":6},"end":{"line":598,"column":9}},"207":{"start":{"line":594,"column":8},"end":{"line":597,"column":20}},"208":{"start":{"line":600,"column":6},"end":{"line":600,"column":31}},"209":{"start":{"line":602,"column":6},"end":{"line":602,"column":60}},"210":{"start":{"line":603,"column":6},"end":{"line":603,"column":46}},"211":{"start":{"line":605,"column":6},"end":{"line":605,"column":30}},"212":{"start":{"line":609,"column":29},"end":{"line":615,"column":3}},"213":{"start":{"line":610,"column":4},"end":{"line":610,"column":32}},"214":{"start":{"line":611,"column":4},"end":{"line":614,"column":5}},"215":{"start":{"line":612,"column":26},"end":{"line":612,"column":75}},"216":{"start":{"line":613,"column":6},"end":{"line":613,"column":43}},"217":{"start":{"line":617,"column":27},"end":{"line":642,"column":3}},"218":{"start":{"line":618,"column":27},"end":{"line":618,"column":55}},"219":{"start":{"line":619,"column":4},"end":{"line":625,"column":5}},"220":{"start":{"line":620,"column":6},"end":{"line":623,"column":10}},"221":{"start":{"line":620,"column":31},"end":{"line":623,"column":7}},"222":{"start":{"line":624,"column":6},"end":{"line":624,"column":13}},"223":{"start":{"line":627,"column":4},"end":{"line":627,"column":76}},"224":{"start":{"line":627,"column":28},"end":{"line":627,"column":73}},"225":{"start":{"line":628,"column":4},"end":{"line":630,"column":7}},"226":{"start":{"line":628,"column":24},"end":{"line":630,"column":5}},"227":{"start":{"line":629,"column":6},"end":{"line":629,"column":75}},"228":{"start":{"line":632,"column":4},"end":{"line":641,"column":5}},"229":{"start":{"line":633,"column":6},"end":{"line":633,"column":69}},"230":{"start":{"line":633,"column":35},"end":{"line":633,"column":67}},"231":{"start":{"line":634,"column":6},"end":{"line":634,"column":46}},"232":{"start":{"line":636,"column":6},"end":{"line":636,"column":62}},"233":{"start":{"line":637,"column":6},"end":{"line":640,"column":10}},"234":{"start":{"line":637,"column":31},"end":{"line":640,"column":7}},"235":{"start":{"line":644,"column":35},"end":{"line":668,"column":3}},"236":{"start":{"line":645,"column":4},"end":{"line":667,"column":5}},"237":{"start":{"line":646,"column":6},"end":{"line":648,"column":7}},"238":{"start":{"line":647,"column":8},"end":{"line":647,"column":67}},"239":{"start":{"line":650,"column":31},"end":{"line":650,"column":80}},"240":{"start":{"line":651,"column":29},"end":{"line":651,"column":62}},"241":{"start":{"line":653,"column":6},"end":{"line":661,"column":7}},"242":{"start":{"line":654,"column":8},"end":{"line":660,"column":10}},"243":{"start":{"line":663,"column":6},"end":{"line":663,"column":65}},"244":{"start":{"line":665,"column":6},"end":{"line":665,"column":78}},"245":{"start":{"line":666,"column":6},"end":{"line":666,"column":60}},"246":{"start":{"line":670,"column":31},"end":{"line":692,"column":3}},"247":{"start":{"line":671,"column":4},"end":{"line":691,"column":5}},"248":{"start":{"line":672,"column":6},"end":{"line":674,"column":9}},"249":{"start":{"line":672,"column":26},"end":{"line":674,"column":7}},"250":{"start":{"line":673,"column":8},"end":{"line":673,"column":77}},"251":{"start":{"line":675,"column":6},"end":{"line":675,"column":63}},"252":{"start":{"line":675,"column":31},"end":{"line":675,"column":60}},"253":{"start":{"line":676,"column":6},"end":{"line":676,"column":61}},"254":{"start":{"line":676,"column":30},"end":{"line":676,"column":58}},"255":{"start":{"line":678,"column":29},"end":{"line":678,"column":68}},"256":{"start":{"line":679,"column":6},"end":{"line":681,"column":9}},"257":{"start":{"line":679,"column":26},"end":{"line":681,"column":7}},"258":{"start":{"line":680,"column":8},"end":{"line":680,"column":48}},"259":{"start":{"line":683,"column":6},"end":{"line":683,"column":73}},"260":{"start":{"line":684,"column":6},"end":{"line":686,"column":9}},"261":{"start":{"line":684,"column":26},"end":{"line":686,"column":7}},"262":{"start":{"line":685,"column":8},"end":{"line":685,"column":74}},"263":{"start":{"line":687,"column":6},"end":{"line":690,"column":10}},"264":{"start":{"line":687,"column":31},"end":{"line":690,"column":7}},"265":{"start":{"line":694,"column":29},"end":{"line":725,"column":3}},"266":{"start":{"line":695,"column":4},"end":{"line":724,"column":5}},"267":{"start":{"line":696,"column":6},"end":{"line":696,"column":53}},"268":{"start":{"line":696,"column":46},"end":{"line":696,"column":53}},"269":{"start":{"line":698,"column":31},"end":{"line":698,"column":80}},"270":{"start":{"line":699,"column":32},"end":{"line":699,"column":92}},"271":{"start":{"line":700,"column":32},"end":{"line":700,"column":63}},"272":{"start":{"line":702,"column":6},"end":{"line":721,"column":7}},"273":{"start":{"line":703,"column":21},"end":{"line":703,"column":45}},"274":{"start":{"line":704,"column":8},"end":{"line":720,"column":12}},"275":{"start":{"line":704,"column":35},"end":{"line":720,"column":9}},"276":{"start":{"line":723,"column":6},"end":{"line":723,"column":59}},"277":{"start":{"line":727,"column":30},"end":{"line":749,"column":3}},"278":{"start":{"line":728,"column":4},"end":{"line":728,"column":24}},"279":{"start":{"line":729,"column":4},"end":{"line":748,"column":5}},"280":{"start":{"line":730,"column":32},"end":{"line":732,"column":7}},"281":{"start":{"line":731,"column":8},"end":{"line":731,"column":77}},"282":{"start":{"line":734,"column":6},"end":{"line":739,"column":10}},"283":{"start":{"line":735,"column":8},"end":{"line":737,"column":11}},"284":{"start":{"line":735,"column":28},"end":{"line":737,"column":9}},"285":{"start":{"line":736,"column":10},"end":{"line":736,"column":79}},"286":{"start":{"line":738,"column":8},"end":{"line":738,"column":49}},"287":{"start":{"line":742,"column":6},"end":{"line":742,"column":87}},"288":{"start":{"line":742,"column":57},"end":{"line":742,"column":84}},"289":{"start":{"line":744,"column":6},"end":{"line":744,"column":55}},"290":{"start":{"line":745,"column":6},"end":{"line":745,"column":49}},"291":{"start":{"line":747,"column":6},"end":{"line":747,"column":27}},"292":{"start":{"line":751,"column":36},"end":{"line":803,"column":3}},"293":{"start":{"line":752,"column":4},"end":{"line":752,"column":38}},"294":{"start":{"line":752,"column":26},"end":{"line":752,"column":38}},"295":{"start":{"line":754,"column":20},"end":{"line":754,"column":60}},"296":{"start":{"line":756,"column":4},"end":{"line":802,"column":6}},"297":{"start":{"line":761,"column":30},"end":{"line":761,"column":56}},"298":{"start":{"line":769,"column":31},"end":{"line":769,"column":57}},"299":{"start":{"line":778,"column":18},"end":{"line":791,"column":25}},"300":{"start":{"line":805,"column":29},"end":{"line":874,"column":3}},"301":{"start":{"line":806,"column":4},"end":{"line":812,"column":5}},"302":{"start":{"line":807,"column":6},"end":{"line":811,"column":8}},"303":{"start":{"line":814,"column":4},"end":{"line":825,"column":5}},"304":{"start":{"line":815,"column":6},"end":{"line":824,"column":8}},"305":{"start":{"line":827,"column":4},"end":{"line":873,"column":6}},"306":{"start":{"line":833,"column":10},"end":{"line":870,"column":17}},"307":{"start":{"line":855,"column":16},"end":{"line":862,"column":23}},"308":{"start":{"line":876,"column":2},"end":{"line":882,"column":3}},"309":{"start":{"line":877,"column":4},"end":{"line":881,"column":6}},"310":{"start":{"line":884,"column":2},"end":{"line":899,"column":3}},"311":{"start":{"line":885,"column":4},"end":{"line":898,"column":6}},"312":{"start":{"line":891,"column":12},"end":{"line":891,"column":27}},"313":{"start":{"line":892,"column":12},"end":{"line":892,"column":29}},"314":{"start":{"line":893,"column":12},"end":{"line":893,"column":27}},"315":{"start":{"line":901,"column":2},"end":{"line":1015,"column":4}},"316":{"start":{"line":914,"column":38},"end":{"line":914,"column":56}},"317":{"start":{"line":924,"column":32},"end":{"line":924,"column":39}},"318":{"start":{"line":955,"column":32},"end":{"line":955,"column":56}},"319":{"start":{"line":964,"column":31},"end":{"line":964,"column":55}},"320":{"start":{"line":976,"column":18},"end":{"line":981,"column":25}},"321":{"start":{"line":995,"column":20},"end":{"line":1002,"column":27}},"322":{"start":{"line":1018,"column":15},"end":{"line":1553,"column":2}}},"fnMap":{"0":{"name":"ContactsScreen","decl":{"start":{"line":36,"column":24},"end":{"line":36,"column":38}},"loc":{"start":{"line":36,"column":41},"end":{"line":1016,"column":1}},"line":36},"1":{"name":"(anonymous_1)","decl":{"start":{"line":70,"column":12},"end":{"line":70,"column":13}},"loc":{"start":{"line":70,"column":18},"end":{"line":74,"column":3}},"line":70},"2":{"name":"(anonymous_2)","decl":{"start":{"line":76,"column":32},"end":{"line":76,"column":33}},"loc":{"start":{"line":76,"column":44},"end":{"line":89,"column":3}},"line":76},"3":{"name":"(anonymous_3)","decl":{"start":{"line":91,"column":23},"end":{"line":91,"column":24}},"loc":{"start":{"line":91,"column":35},"end":{"line":212,"column":3}},"line":91},"4":{"name":"(anonymous_4)","decl":{"start":{"line":161,"column":23},"end":{"line":161,"column":24}},"loc":{"start":{"line":162,"column":8},"end":{"line":162,"column":63}},"line":162},"5":{"name":"(anonymous_5)","decl":{"start":{"line":163,"column":12},"end":{"line":163,"column":13}},"loc":{"start":{"line":163,"column":24},"end":{"line":172,"column":9}},"line":163},"6":{"name":"(anonymous_6)","decl":{"start":{"line":180,"column":31},"end":{"line":180,"column":32}},"loc":{"start":{"line":180,"column":50},"end":{"line":200,"column":9}},"line":180},"7":{"name":"(anonymous_7)","decl":{"start":{"line":204,"column":53},"end":{"line":204,"column":54}},"loc":{"start":{"line":204,"column":64},"end":{"line":204,"column":97}},"line":204},"8":{"name":"(anonymous_8)","decl":{"start":{"line":214,"column":30},"end":{"line":214,"column":31}},"loc":{"start":{"line":214,"column":42},"end":{"line":234,"column":3}},"line":214},"9":{"name":"(anonymous_9)","decl":{"start":{"line":221,"column":28},"end":{"line":221,"column":29}},"loc":{"start":{"line":221,"column":37},"end":{"line":228,"column":7}},"line":221},"10":{"name":"(anonymous_10)","decl":{"start":{"line":236,"column":27},"end":{"line":236,"column":28}},"loc":{"start":{"line":236,"column":39},"end":{"line":268,"column":3}},"line":236},"11":{"name":"(anonymous_11)","decl":{"start":{"line":248,"column":18},"end":{"line":248,"column":19}},"loc":{"start":{"line":248,"column":29},"end":{"line":248,"column":45}},"line":248},"12":{"name":"(anonymous_12)","decl":{"start":{"line":249,"column":15},"end":{"line":249,"column":16}},"loc":{"start":{"line":249,"column":51},"end":{"line":256,"column":11}},"line":249},"13":{"name":"(anonymous_13)","decl":{"start":{"line":270,"column":28},"end":{"line":270,"column":29}},"loc":{"start":{"line":270,"column":56},"end":{"line":390,"column":3}},"line":270},"14":{"name":"(anonymous_14)","decl":{"start":{"line":306,"column":45},"end":{"line":306,"column":46}},"loc":{"start":{"line":306,"column":53},"end":{"line":306,"column":82}},"line":306},"15":{"name":"(anonymous_15)","decl":{"start":{"line":342,"column":52},"end":{"line":342,"column":53}},"loc":{"start":{"line":343,"column":10},"end":{"line":344,"column":67}},"line":343},"16":{"name":"(anonymous_16)","decl":{"start":{"line":369,"column":18},"end":{"line":369,"column":19}},"loc":{"start":{"line":370,"column":8},"end":{"line":374,"column":9}},"line":370},"17":{"name":"(anonymous_17)","decl":{"start":{"line":370,"column":17},"end":{"line":370,"column":18}},"loc":{"start":{"line":371,"column":10},"end":{"line":373,"column":15}},"line":371},"18":{"name":"(anonymous_18)","decl":{"start":{"line":392,"column":26},"end":{"line":392,"column":27}},"loc":{"start":{"line":392,"column":54},"end":{"line":419,"column":3}},"line":392},"19":{"name":"(anonymous_19)","decl":{"start":{"line":403,"column":20},"end":{"line":403,"column":21}},"loc":{"start":{"line":404,"column":10},"end":{"line":406,"column":9}},"line":404},"20":{"name":"(anonymous_20)","decl":{"start":{"line":404,"column":19},"end":{"line":404,"column":20}},"loc":{"start":{"line":405,"column":10},"end":{"line":405,"column":59}},"line":405},"21":{"name":"(anonymous_21)","decl":{"start":{"line":408,"column":21},"end":{"line":408,"column":22}},"loc":{"start":{"line":408,"column":29},"end":{"line":408,"column":50}},"line":408},"22":{"name":"(anonymous_22)","decl":{"start":{"line":421,"column":34},"end":{"line":421,"column":35}},"loc":{"start":{"line":421,"column":62},"end":{"line":442,"column":3}},"line":421},"23":{"name":"(anonymous_23)","decl":{"start":{"line":444,"column":28},"end":{"line":444,"column":29}},"loc":{"start":{"line":444,"column":50},"end":{"line":446,"column":3}},"line":444},"24":{"name":"(anonymous_24)","decl":{"start":{"line":448,"column":35},"end":{"line":448,"column":36}},"loc":{"start":{"line":448,"column":41},"end":{"line":456,"column":3}},"line":448},"25":{"name":"(anonymous_25)","decl":{"start":{"line":452,"column":27},"end":{"line":452,"column":28}},"loc":{"start":{"line":452,"column":38},"end":{"line":455,"column":5}},"line":452},"26":{"name":"(anonymous_26)","decl":{"start":{"line":454,"column":31},"end":{"line":454,"column":32}},"loc":{"start":{"line":454,"column":39},"end":{"line":454,"column":66}},"line":454},"27":{"name":"(anonymous_27)","decl":{"start":{"line":458,"column":28},"end":{"line":458,"column":29}},"loc":{"start":{"line":459,"column":4},"end":{"line":578,"column":11}},"line":459},"28":{"name":"(anonymous_28)","decl":{"start":{"line":461,"column":17},"end":{"line":461,"column":18}},"loc":{"start":{"line":461,"column":23},"end":{"line":461,"column":46}},"line":461},"29":{"name":"(anonymous_29)","decl":{"start":{"line":503,"column":23},"end":{"line":503,"column":24}},"loc":{"start":{"line":503,"column":29},"end":{"line":503,"column":55}},"line":503},"30":{"name":"(anonymous_30)","decl":{"start":{"line":520,"column":23},"end":{"line":520,"column":24}},"loc":{"start":{"line":520,"column":29},"end":{"line":520,"column":51}},"line":520},"31":{"name":"(anonymous_31)","decl":{"start":{"line":533,"column":33},"end":{"line":533,"column":34}},"loc":{"start":{"line":534,"column":16},"end":{"line":538,"column":23}},"line":534},"32":{"name":"(anonymous_32)","decl":{"start":{"line":551,"column":17},"end":{"line":551,"column":18}},"loc":{"start":{"line":551,"column":23},"end":{"line":568,"column":9}},"line":551},"33":{"name":"(anonymous_33)","decl":{"start":{"line":561,"column":27},"end":{"line":561,"column":28}},"loc":{"start":{"line":561,"column":33},"end":{"line":561,"column":54}},"line":561},"34":{"name":"(anonymous_34)","decl":{"start":{"line":581,"column":28},"end":{"line":581,"column":29}},"loc":{"start":{"line":581,"column":59},"end":{"line":607,"column":3}},"line":581},"35":{"name":"(anonymous_35)","decl":{"start":{"line":593,"column":28},"end":{"line":593,"column":29}},"loc":{"start":{"line":593,"column":37},"end":{"line":598,"column":7}},"line":593},"36":{"name":"(anonymous_36)","decl":{"start":{"line":609,"column":29},"end":{"line":609,"column":30}},"loc":{"start":{"line":609,"column":57},"end":{"line":615,"column":3}},"line":609},"37":{"name":"(anonymous_37)","decl":{"start":{"line":617,"column":27},"end":{"line":617,"column":28}},"loc":{"start":{"line":617,"column":55},"end":{"line":642,"column":3}},"line":617},"38":{"name":"(anonymous_38)","decl":{"start":{"line":620,"column":22},"end":{"line":620,"column":23}},"loc":{"start":{"line":620,"column":31},"end":{"line":623,"column":7}},"line":620},"39":{"name":"(anonymous_39)","decl":{"start":{"line":627,"column":19},"end":{"line":627,"column":20}},"loc":{"start":{"line":627,"column":28},"end":{"line":627,"column":73}},"line":627},"40":{"name":"(anonymous_40)","decl":{"start":{"line":628,"column":16},"end":{"line":628,"column":17}},"loc":{"start":{"line":628,"column":24},"end":{"line":630,"column":5}},"line":628},"41":{"name":"(anonymous_41)","decl":{"start":{"line":628,"column":33},"end":{"line":628,"column":34}},"loc":{"start":{"line":629,"column":6},"end":{"line":629,"column":75}},"line":629},"42":{"name":"(anonymous_42)","decl":{"start":{"line":633,"column":24},"end":{"line":633,"column":25}},"loc":{"start":{"line":633,"column":35},"end":{"line":633,"column":67}},"line":633},"43":{"name":"(anonymous_43)","decl":{"start":{"line":637,"column":22},"end":{"line":637,"column":23}},"loc":{"start":{"line":637,"column":31},"end":{"line":640,"column":7}},"line":637},"44":{"name":"(anonymous_44)","decl":{"start":{"line":644,"column":35},"end":{"line":644,"column":36}},"loc":{"start":{"line":644,"column":63},"end":{"line":668,"column":3}},"line":644},"45":{"name":"(anonymous_45)","decl":{"start":{"line":670,"column":31},"end":{"line":670,"column":32}},"loc":{"start":{"line":670,"column":59},"end":{"line":692,"column":3}},"line":670},"46":{"name":"(anonymous_46)","decl":{"start":{"line":672,"column":18},"end":{"line":672,"column":19}},"loc":{"start":{"line":672,"column":26},"end":{"line":674,"column":7}},"line":672},"47":{"name":"(anonymous_47)","decl":{"start":{"line":672,"column":35},"end":{"line":672,"column":36}},"loc":{"start":{"line":673,"column":8},"end":{"line":673,"column":77}},"line":673},"48":{"name":"(anonymous_48)","decl":{"start":{"line":675,"column":22},"end":{"line":675,"column":23}},"loc":{"start":{"line":675,"column":31},"end":{"line":675,"column":60}},"line":675},"49":{"name":"(anonymous_49)","decl":{"start":{"line":676,"column":21},"end":{"line":676,"column":22}},"loc":{"start":{"line":676,"column":30},"end":{"line":676,"column":58}},"line":676},"50":{"name":"(anonymous_50)","decl":{"start":{"line":679,"column":18},"end":{"line":679,"column":19}},"loc":{"start":{"line":679,"column":26},"end":{"line":681,"column":7}},"line":679},"51":{"name":"(anonymous_51)","decl":{"start":{"line":679,"column":35},"end":{"line":679,"column":36}},"loc":{"start":{"line":680,"column":8},"end":{"line":680,"column":48}},"line":680},"52":{"name":"(anonymous_52)","decl":{"start":{"line":684,"column":18},"end":{"line":684,"column":19}},"loc":{"start":{"line":684,"column":26},"end":{"line":686,"column":7}},"line":684},"53":{"name":"(anonymous_53)","decl":{"start":{"line":684,"column":35},"end":{"line":684,"column":36}},"loc":{"start":{"line":685,"column":8},"end":{"line":685,"column":74}},"line":685},"54":{"name":"(anonymous_54)","decl":{"start":{"line":687,"column":22},"end":{"line":687,"column":23}},"loc":{"start":{"line":687,"column":31},"end":{"line":690,"column":7}},"line":687},"55":{"name":"(anonymous_55)","decl":{"start":{"line":694,"column":29},"end":{"line":694,"column":30}},"loc":{"start":{"line":694,"column":57},"end":{"line":725,"column":3}},"line":694},"56":{"name":"(anonymous_56)","decl":{"start":{"line":704,"column":26},"end":{"line":704,"column":27}},"loc":{"start":{"line":704,"column":35},"end":{"line":720,"column":9}},"line":704},"57":{"name":"(anonymous_57)","decl":{"start":{"line":727,"column":30},"end":{"line":727,"column":31}},"loc":{"start":{"line":727,"column":42},"end":{"line":749,"column":3}},"line":727},"58":{"name":"(anonymous_58)","decl":{"start":{"line":730,"column":48},"end":{"line":730,"column":49}},"loc":{"start":{"line":731,"column":8},"end":{"line":731,"column":77}},"line":731},"59":{"name":"(anonymous_59)","decl":{"start":{"line":734,"column":46},"end":{"line":734,"column":47}},"loc":{"start":{"line":734,"column":57},"end":{"line":739,"column":7}},"line":734},"60":{"name":"(anonymous_60)","decl":{"start":{"line":735,"column":20},"end":{"line":735,"column":21}},"loc":{"start":{"line":735,"column":28},"end":{"line":737,"column":9}},"line":735},"61":{"name":"(anonymous_61)","decl":{"start":{"line":735,"column":37},"end":{"line":735,"column":38}},"loc":{"start":{"line":736,"column":10},"end":{"line":736,"column":79}},"line":736},"62":{"name":"(anonymous_62)","decl":{"start":{"line":742,"column":46},"end":{"line":742,"column":47}},"loc":{"start":{"line":742,"column":57},"end":{"line":742,"column":84}},"line":742},"63":{"name":"(anonymous_63)","decl":{"start":{"line":751,"column":36},"end":{"line":751,"column":37}},"loc":{"start":{"line":751,"column":42},"end":{"line":803,"column":3}},"line":751},"64":{"name":"(anonymous_64)","decl":{"start":{"line":761,"column":24},"end":{"line":761,"column":25}},"loc":{"start":{"line":761,"column":30},"end":{"line":761,"column":56}},"line":761},"65":{"name":"(anonymous_65)","decl":{"start":{"line":769,"column":25},"end":{"line":769,"column":26}},"loc":{"start":{"line":769,"column":31},"end":{"line":769,"column":57}},"line":769},"66":{"name":"(anonymous_66)","decl":{"start":{"line":777,"column":28},"end":{"line":777,"column":29}},"loc":{"start":{"line":778,"column":18},"end":{"line":791,"column":25}},"line":778},"67":{"name":"(anonymous_67)","decl":{"start":{"line":805,"column":29},"end":{"line":805,"column":30}},"loc":{"start":{"line":805,"column":35},"end":{"line":874,"column":3}},"line":805},"68":{"name":"(anonymous_68)","decl":{"start":{"line":832,"column":26},"end":{"line":832,"column":27}},"loc":{"start":{"line":833,"column":10},"end":{"line":870,"column":17}},"line":833},"69":{"name":"(anonymous_69)","decl":{"start":{"line":854,"column":47},"end":{"line":854,"column":48}},"loc":{"start":{"line":855,"column":16},"end":{"line":862,"column":23}},"line":855},"70":{"name":"(anonymous_70)","decl":{"start":{"line":890,"column":19},"end":{"line":890,"column":20}},"loc":{"start":{"line":890,"column":25},"end":{"line":894,"column":11}},"line":890},"71":{"name":"(anonymous_71)","decl":{"start":{"line":914,"column":32},"end":{"line":914,"column":33}},"loc":{"start":{"line":914,"column":38},"end":{"line":914,"column":56}},"line":914},"72":{"name":"(anonymous_72)","decl":{"start":{"line":924,"column":22},"end":{"line":924,"column":23}},"loc":{"start":{"line":924,"column":32},"end":{"line":924,"column":39}},"line":924},"73":{"name":"(anonymous_73)","decl":{"start":{"line":955,"column":26},"end":{"line":955,"column":27}},"loc":{"start":{"line":955,"column":32},"end":{"line":955,"column":56}},"line":955},"74":{"name":"(anonymous_74)","decl":{"start":{"line":964,"column":25},"end":{"line":964,"column":26}},"loc":{"start":{"line":964,"column":31},"end":{"line":964,"column":55}},"line":964},"75":{"name":"(anonymous_75)","decl":{"start":{"line":975,"column":51},"end":{"line":975,"column":52}},"loc":{"start":{"line":976,"column":18},"end":{"line":981,"column":25}},"line":976},"76":{"name":"(anonymous_76)","decl":{"start":{"line":994,"column":36},"end":{"line":994,"column":37}},"loc":{"start":{"line":995,"column":20},"end":{"line":1002,"column":27}},"line":995}},"branchMap":{"0":{"loc":{"start":{"line":93,"column":6},"end":{"line":129,"column":7}},"type":"if","locations":[{"start":{"line":93,"column":6},"end":{"line":129,"column":7}},{"start":{},"end":{}}],"line":93},"1":{"loc":{"start":{"line":132,"column":6},"end":{"line":136,"column":7}},"type":"if","locations":[{"start":{"line":132,"column":6},"end":{"line":136,"column":7}},{"start":{},"end":{}}],"line":132},"2":{"loc":{"start":{"line":162,"column":8},"end":{"line":162,"column":63}},"type":"binary-expr","locations":[{"start":{"line":162,"column":8},"end":{"line":162,"column":28}},{"start":{"line":162,"column":32},"end":{"line":162,"column":63}}],"line":162},"3":{"loc":{"start":{"line":165,"column":14},"end":{"line":165,"column":39}},"type":"binary-expr","locations":[{"start":{"line":165,"column":14},"end":{"line":165,"column":26}},{"start":{"line":165,"column":30},"end":{"line":165,"column":39}}],"line":165},"4":{"loc":{"start":{"line":182,"column":12},"end":{"line":184,"column":13}},"type":"if","locations":[{"start":{"line":182,"column":12},"end":{"line":184,"column":13}},{"start":{},"end":{}}],"line":182},"5":{"loc":{"start":{"line":190,"column":29},"end":{"line":190,"column":105}},"type":"binary-expr","locations":[{"start":{"line":190,"column":29},"end":{"line":190,"column":55}},{"start":{"line":190,"column":59},"end":{"line":190,"column":105}}],"line":190},"6":{"loc":{"start":{"line":194,"column":28},"end":{"line":194,"column":80}},"type":"cond-expr","locations":[{"start":{"line":194,"column":39},"end":{"line":194,"column":56}},{"start":{"line":194,"column":59},"end":{"line":194,"column":80}}],"line":194},"7":{"loc":{"start":{"line":237,"column":4},"end":{"line":237,"column":49}},"type":"if","locations":[{"start":{"line":237,"column":4},"end":{"line":237,"column":49}},{"start":{},"end":{}}],"line":237},"8":{"loc":{"start":{"line":237,"column":8},"end":{"line":237,"column":40}},"type":"binary-expr","locations":[{"start":{"line":237,"column":8},"end":{"line":237,"column":13}},{"start":{"line":237,"column":17},"end":{"line":237,"column":40}}],"line":237},"9":{"loc":{"start":{"line":245,"column":6},"end":{"line":261,"column":7}},"type":"if","locations":[{"start":{"line":245,"column":6},"end":{"line":261,"column":7}},{"start":{"line":259,"column":13},"end":{"line":261,"column":7}}],"line":245},"10":{"loc":{"start":{"line":255,"column":20},"end":{"line":255,"column":45}},"type":"binary-expr","locations":[{"start":{"line":255,"column":20},"end":{"line":255,"column":39}},{"start":{"line":255,"column":43},"end":{"line":255,"column":45}}],"line":255},"11":{"loc":{"start":{"line":272,"column":6},"end":{"line":275,"column":5}},"type":"if","locations":[{"start":{"line":272,"column":6},"end":{"line":275,"column":5}},{"start":{},"end":{}}],"line":272},"12":{"loc":{"start":{"line":278,"column":6},"end":{"line":281,"column":7}},"type":"if","locations":[{"start":{"line":278,"column":6},"end":{"line":281,"column":7}},{"start":{},"end":{}}],"line":278},"13":{"loc":{"start":{"line":293,"column":19},"end":{"line":293,"column":54}},"type":"binary-expr","locations":[{"start":{"line":293,"column":19},"end":{"line":293,"column":41}},{"start":{"line":293,"column":45},"end":{"line":293,"column":54}}],"line":293},"14":{"loc":{"start":{"line":294,"column":20},"end":{"line":294,"column":56}},"type":"binary-expr","locations":[{"start":{"line":294,"column":20},"end":{"line":294,"column":43}},{"start":{"line":294,"column":47},"end":{"line":294,"column":56}}],"line":294},"15":{"loc":{"start":{"line":295,"column":15},"end":{"line":295,"column":46}},"type":"binary-expr","locations":[{"start":{"line":295,"column":15},"end":{"line":295,"column":33}},{"start":{"line":295,"column":37},"end":{"line":295,"column":46}}],"line":295},"16":{"loc":{"start":{"line":296,"column":22},"end":{"line":296,"column":60}},"type":"binary-expr","locations":[{"start":{"line":296,"column":22},"end":{"line":296,"column":47}},{"start":{"line":296,"column":51},"end":{"line":296,"column":60}}],"line":296},"17":{"loc":{"start":{"line":297,"column":16},"end":{"line":297,"column":48}},"type":"binary-expr","locations":[{"start":{"line":297,"column":16},"end":{"line":297,"column":35}},{"start":{"line":297,"column":39},"end":{"line":297,"column":48}}],"line":297},"18":{"loc":{"start":{"line":298,"column":19},"end":{"line":298,"column":54}},"type":"binary-expr","locations":[{"start":{"line":298,"column":19},"end":{"line":298,"column":41}},{"start":{"line":298,"column":45},"end":{"line":298,"column":54}}],"line":298},"19":{"loc":{"start":{"line":299,"column":26},"end":{"line":299,"column":68}},"type":"binary-expr","locations":[{"start":{"line":299,"column":26},"end":{"line":299,"column":55}},{"start":{"line":299,"column":59},"end":{"line":299,"column":68}}],"line":299},"20":{"loc":{"start":{"line":325,"column":6},"end":{"line":334,"column":7}},"type":"if","locations":[{"start":{"line":325,"column":6},"end":{"line":334,"column":7}},{"start":{"line":332,"column":13},"end":{"line":334,"column":7}}],"line":325},"21":{"loc":{"start":{"line":340,"column":6},"end":{"line":366,"column":7}},"type":"if","locations":[{"start":{"line":340,"column":6},"end":{"line":366,"column":7}},{"start":{"line":357,"column":13},"end":{"line":366,"column":7}}],"line":340},"22":{"loc":{"start":{"line":341,"column":33},"end":{"line":341,"column":72}},"type":"binary-expr","locations":[{"start":{"line":341,"column":33},"end":{"line":341,"column":66}},{"start":{"line":341,"column":70},"end":{"line":341,"column":72}}],"line":341},"23":{"loc":{"start":{"line":343,"column":10},"end":{"line":344,"column":67}},"type":"binary-expr","locations":[{"start":{"line":343,"column":10},"end":{"line":343,"column":36}},{"start":{"line":344,"column":11},"end":{"line":344,"column":24}},{"start":{"line":344,"column":28},"end":{"line":344,"column":66}}],"line":343},"24":{"loc":{"start":{"line":347,"column":8},"end":{"line":356,"column":9}},"type":"if","locations":[{"start":{"line":347,"column":8},"end":{"line":356,"column":9}},{"start":{},"end":{}}],"line":347},"25":{"loc":{"start":{"line":371,"column":10},"end":{"line":373,"column":15}},"type":"cond-expr","locations":[{"start":{"line":372,"column":14},"end":{"line":372,"column":69}},{"start":{"line":373,"column":14},"end":{"line":373,"column":15}}],"line":371},"26":{"loc":{"start":{"line":378,"column":6},"end":{"line":385,"column":7}},"type":"if","locations":[{"start":{"line":378,"column":6},"end":{"line":385,"column":7}},{"start":{},"end":{}}],"line":378},"27":{"loc":{"start":{"line":378,"column":10},"end":{"line":378,"column":49}},"type":"binary-expr","locations":[{"start":{"line":378,"column":10},"end":{"line":378,"column":31}},{"start":{"line":378,"column":35},"end":{"line":378,"column":49}}],"line":378},"28":{"loc":{"start":{"line":382,"column":6},"end":{"line":384,"column":9}},"type":"if","locations":[{"start":{"line":382,"column":6},"end":{"line":384,"column":9}},{"start":{},"end":{}}],"line":382},"29":{"loc":{"start":{"line":395,"column":6},"end":{"line":395,"column":40}},"type":"if","locations":[{"start":{"line":395,"column":6},"end":{"line":395,"column":40}},{"start":{},"end":{}}],"line":395},"30":{"loc":{"start":{"line":405,"column":10},"end":{"line":405,"column":59}},"type":"cond-expr","locations":[{"start":{"line":405,"column":32},"end":{"line":405,"column":55}},{"start":{"line":405,"column":58},"end":{"line":405,"column":59}}],"line":405},"31":{"loc":{"start":{"line":417,"column":15},"end":{"line":417,"column":80}},"type":"cond-expr","locations":[{"start":{"line":417,"column":38},"end":{"line":417,"column":49}},{"start":{"line":417,"column":52},"end":{"line":417,"column":80}}],"line":417},"32":{"loc":{"start":{"line":424,"column":6},"end":{"line":424,"column":45}},"type":"if","locations":[{"start":{"line":424,"column":6},"end":{"line":424,"column":45}},{"start":{},"end":{}}],"line":424},"33":{"loc":{"start":{"line":430,"column":6},"end":{"line":430,"column":51}},"type":"if","locations":[{"start":{"line":430,"column":6},"end":{"line":430,"column":51}},{"start":{},"end":{}}],"line":430},"34":{"loc":{"start":{"line":449,"column":4},"end":{"line":449,"column":45}},"type":"if","locations":[{"start":{"line":449,"column":4},"end":{"line":449,"column":45}},{"start":{},"end":{}}],"line":449},"35":{"loc":{"start":{"line":453,"column":46},"end":{"line":453,"column":65}},"type":"binary-expr","locations":[{"start":{"line":453,"column":46},"end":{"line":453,"column":59}},{"start":{"line":453,"column":63},"end":{"line":453,"column":65}}],"line":453},"36":{"loc":{"start":{"line":453,"column":69},"end":{"line":453,"column":108}},"type":"binary-expr","locations":[{"start":{"line":453,"column":69},"end":{"line":453,"column":102}},{"start":{"line":453,"column":106},"end":{"line":453,"column":108}}],"line":453},"37":{"loc":{"start":{"line":459,"column":38},"end":{"line":459,"column":70}},"type":"binary-expr","locations":[{"start":{"line":459,"column":38},"end":{"line":459,"column":44}},{"start":{"line":459,"column":48},"end":{"line":459,"column":70}}],"line":459},"38":{"loc":{"start":{"line":463,"column":9},"end":{"line":469,"column":9}},"type":"cond-expr","locations":[{"start":{"line":464,"column":10},"end":{"line":464,"column":74}},{"start":{"line":466,"column":10},"end":{"line":468,"column":17}}],"line":463},"39":{"loc":{"start":{"line":463,"column":9},"end":{"line":463,"column":42}},"type":"binary-expr","locations":[{"start":{"line":463,"column":9},"end":{"line":463,"column":28}},{"start":{"line":463,"column":32},"end":{"line":463,"column":42}}],"line":463},"40":{"loc":{"start":{"line":466,"column":65},"end":{"line":466,"column":103}},"type":"binary-expr","locations":[{"start":{"line":466,"column":65},"end":{"line":466,"column":71}},{"start":{"line":466,"column":75},"end":{"line":466,"column":103}}],"line":466},"41":{"loc":{"start":{"line":467,"column":35},"end":{"line":467,"column":65}},"type":"cond-expr","locations":[{"start":{"line":467,"column":44},"end":{"line":467,"column":53}},{"start":{"line":467,"column":56},"end":{"line":467,"column":65}}],"line":467},"42":{"loc":{"start":{"line":472,"column":35},"end":{"line":472,"column":61}},"type":"binary-expr","locations":[{"start":{"line":472,"column":35},"end":{"line":472,"column":41}},{"start":{"line":472,"column":45},"end":{"line":472,"column":61}}],"line":472},"43":{"loc":{"start":{"line":473,"column":9},"end":{"line":477,"column":9}},"type":"binary-expr","locations":[{"start":{"line":473,"column":9},"end":{"line":473,"column":31}},{"start":{"line":474,"column":10},"end":{"line":476,"column":17}}],"line":473},"44":{"loc":{"start":{"line":474,"column":38},"end":{"line":474,"column":67}},"type":"binary-expr","locations":[{"start":{"line":474,"column":38},"end":{"line":474,"column":44}},{"start":{"line":474,"column":48},"end":{"line":474,"column":67}}],"line":474},"45":{"loc":{"start":{"line":478,"column":9},"end":{"line":485,"column":9}},"type":"binary-expr","locations":[{"start":{"line":478,"column":9},"end":{"line":478,"column":41}},{"start":{"line":479,"column":10},"end":{"line":484,"column":17}}],"line":478},"46":{"loc":{"start":{"line":481,"column":45},"end":{"line":481,"column":71}},"type":"binary-expr","locations":[{"start":{"line":481,"column":45},"end":{"line":481,"column":51}},{"start":{"line":481,"column":55},"end":{"line":481,"column":71}}],"line":481},"47":{"loc":{"start":{"line":486,"column":9},"end":{"line":507,"column":9}},"type":"binary-expr","locations":[{"start":{"line":486,"column":9},"end":{"line":486,"column":39}},{"start":{"line":487,"column":10},"end":{"line":506,"column":17}}],"line":486},"48":{"loc":{"start":{"line":488,"column":45},"end":{"line":488,"column":71}},"type":"binary-expr","locations":[{"start":{"line":488,"column":45},"end":{"line":488,"column":51}},{"start":{"line":488,"column":55},"end":{"line":488,"column":71}}],"line":488},"49":{"loc":{"start":{"line":491,"column":13},"end":{"line":495,"column":13}},"type":"binary-expr","locations":[{"start":{"line":491,"column":13},"end":{"line":491,"column":26}},{"start":{"line":492,"column":14},"end":{"line":494,"column":21}}],"line":491},"50":{"loc":{"start":{"line":492,"column":49},"end":{"line":492,"column":75}},"type":"binary-expr","locations":[{"start":{"line":492,"column":49},"end":{"line":492,"column":55}},{"start":{"line":492,"column":59},"end":{"line":492,"column":75}}],"line":492},"51":{"loc":{"start":{"line":496,"column":13},"end":{"line":500,"column":13}},"type":"binary-expr","locations":[{"start":{"line":496,"column":13},"end":{"line":496,"column":29}},{"start":{"line":497,"column":14},"end":{"line":499,"column":21}}],"line":496},"52":{"loc":{"start":{"line":497,"column":49},"end":{"line":497,"column":75}},"type":"binary-expr","locations":[{"start":{"line":497,"column":49},"end":{"line":497,"column":55}},{"start":{"line":497,"column":59},"end":{"line":497,"column":75}}],"line":497},"53":{"loc":{"start":{"line":504,"column":42},"end":{"line":504,"column":72}},"type":"cond-expr","locations":[{"start":{"line":504,"column":51},"end":{"line":504,"column":60}},{"start":{"line":504,"column":63},"end":{"line":504,"column":72}}],"line":504},"54":{"loc":{"start":{"line":508,"column":9},"end":{"line":526,"column":9}},"type":"binary-expr","locations":[{"start":{"line":508,"column":9},"end":{"line":508,"column":38}},{"start":{"line":509,"column":10},"end":{"line":525,"column":17}}],"line":508},"55":{"loc":{"start":{"line":510,"column":46},"end":{"line":510,"column":72}},"type":"binary-expr","locations":[{"start":{"line":510,"column":46},"end":{"line":510,"column":52}},{"start":{"line":510,"column":56},"end":{"line":510,"column":72}}],"line":510},"56":{"loc":{"start":{"line":513,"column":13},"end":{"line":517,"column":13}},"type":"binary-expr","locations":[{"start":{"line":513,"column":13},"end":{"line":513,"column":34}},{"start":{"line":514,"column":14},"end":{"line":516,"column":21}}],"line":513},"57":{"loc":{"start":{"line":514,"column":48},"end":{"line":514,"column":74}},"type":"binary-expr","locations":[{"start":{"line":514,"column":48},"end":{"line":514,"column":54}},{"start":{"line":514,"column":58},"end":{"line":514,"column":74}}],"line":514},"58":{"loc":{"start":{"line":522,"column":24},"end":{"line":522,"column":49}},"type":"binary-expr","locations":[{"start":{"line":522,"column":24},"end":{"line":522,"column":44}},{"start":{"line":522,"column":48},"end":{"line":522,"column":49}}],"line":522},"59":{"loc":{"start":{"line":527,"column":9},"end":{"line":542,"column":9}},"type":"binary-expr","locations":[{"start":{"line":527,"column":9},"end":{"line":527,"column":33}},{"start":{"line":528,"column":10},"end":{"line":541,"column":17}}],"line":527},"60":{"loc":{"start":{"line":529,"column":46},"end":{"line":529,"column":72}},"type":"binary-expr","locations":[{"start":{"line":529,"column":46},"end":{"line":529,"column":52}},{"start":{"line":529,"column":56},"end":{"line":529,"column":72}}],"line":529},"61":{"loc":{"start":{"line":534,"column":62},"end":{"line":534,"column":91}},"type":"binary-expr","locations":[{"start":{"line":534,"column":62},"end":{"line":534,"column":68}},{"start":{"line":534,"column":72},"end":{"line":534,"column":91}}],"line":534},"62":{"loc":{"start":{"line":535,"column":50},"end":{"line":535,"column":76}},"type":"binary-expr","locations":[{"start":{"line":535,"column":50},"end":{"line":535,"column":56}},{"start":{"line":535,"column":60},"end":{"line":535,"column":76}}],"line":535},"63":{"loc":{"start":{"line":547,"column":10},"end":{"line":547,"column":68}},"type":"binary-expr","locations":[{"start":{"line":547,"column":10},"end":{"line":547,"column":40}},{"start":{"line":547,"column":44},"end":{"line":547,"column":68}}],"line":547},"64":{"loc":{"start":{"line":548,"column":10},"end":{"line":548,"column":76}},"type":"binary-expr","locations":[{"start":{"line":548,"column":10},"end":{"line":548,"column":16}},{"start":{"line":548,"column":20},"end":{"line":548,"column":50}},{"start":{"line":548,"column":54},"end":{"line":548,"column":76}}],"line":548},"65":{"loc":{"start":{"line":549,"column":10},"end":{"line":549,"column":72}},"type":"binary-expr","locations":[{"start":{"line":549,"column":10},"end":{"line":549,"column":42}},{"start":{"line":549,"column":46},"end":{"line":549,"column":72}}],"line":549},"66":{"loc":{"start":{"line":552,"column":10},"end":{"line":567,"column":11}},"type":"if","locations":[{"start":{"line":552,"column":10},"end":{"line":567,"column":11}},{"start":{"line":565,"column":17},"end":{"line":567,"column":11}}],"line":552},"67":{"loc":{"start":{"line":565,"column":17},"end":{"line":567,"column":11}},"type":"if","locations":[{"start":{"line":565,"column":17},"end":{"line":567,"column":11}},{"start":{},"end":{}}],"line":565},"68":{"loc":{"start":{"line":570,"column":9},"end":{"line":576,"column":9}},"type":"cond-expr","locations":[{"start":{"line":571,"column":10},"end":{"line":571,"column":83}},{"start":{"line":572,"column":12},"end":{"line":576,"column":9}}],"line":570},"69":{"loc":{"start":{"line":571,"column":49},"end":{"line":571,"column":79}},"type":"cond-expr","locations":[{"start":{"line":571,"column":58},"end":{"line":571,"column":67}},{"start":{"line":571,"column":70},"end":{"line":571,"column":79}}],"line":571},"70":{"loc":{"start":{"line":572,"column":12},"end":{"line":576,"column":9}},"type":"cond-expr","locations":[{"start":{"line":573,"column":10},"end":{"line":573,"column":46}},{"start":{"line":575,"column":10},"end":{"line":575,"column":69}}],"line":572},"71":{"loc":{"start":{"line":575,"column":35},"end":{"line":575,"column":65}},"type":"cond-expr","locations":[{"start":{"line":575,"column":44},"end":{"line":575,"column":53}},{"start":{"line":575,"column":56},"end":{"line":575,"column":65}}],"line":575},"72":{"loc":{"start":{"line":582,"column":4},"end":{"line":582,"column":29}},"type":"if","locations":[{"start":{"line":582,"column":4},"end":{"line":582,"column":29}},{"start":{},"end":{}}],"line":582},"73":{"loc":{"start":{"line":611,"column":4},"end":{"line":614,"column":5}},"type":"if","locations":[{"start":{"line":611,"column":4},"end":{"line":614,"column":5}},{"start":{},"end":{}}],"line":611},"74":{"loc":{"start":{"line":618,"column":27},"end":{"line":618,"column":55}},"type":"binary-expr","locations":[{"start":{"line":618,"column":27},"end":{"line":618,"column":50}},{"start":{"line":618,"column":54},"end":{"line":618,"column":55}}],"line":618},"75":{"loc":{"start":{"line":619,"column":4},"end":{"line":625,"column":5}},"type":"if","locations":[{"start":{"line":619,"column":4},"end":{"line":625,"column":5}},{"start":{},"end":{}}],"line":619},"76":{"loc":{"start":{"line":629,"column":6},"end":{"line":629,"column":75}},"type":"cond-expr","locations":[{"start":{"line":629,"column":28},"end":{"line":629,"column":71}},{"start":{"line":629,"column":74},"end":{"line":629,"column":75}}],"line":629},"77":{"loc":{"start":{"line":639,"column":61},"end":{"line":639,"column":113}},"type":"cond-expr","locations":[{"start":{"line":639,"column":84},"end":{"line":639,"column":95}},{"start":{"line":639,"column":98},"end":{"line":639,"column":113}}],"line":639},"78":{"loc":{"start":{"line":646,"column":6},"end":{"line":648,"column":7}},"type":"if","locations":[{"start":{"line":646,"column":6},"end":{"line":648,"column":7}},{"start":{},"end":{}}],"line":646},"79":{"loc":{"start":{"line":653,"column":6},"end":{"line":661,"column":7}},"type":"if","locations":[{"start":{"line":653,"column":6},"end":{"line":661,"column":7}},{"start":{},"end":{}}],"line":653},"80":{"loc":{"start":{"line":673,"column":8},"end":{"line":673,"column":77}},"type":"cond-expr","locations":[{"start":{"line":673,"column":30},"end":{"line":673,"column":73}},{"start":{"line":673,"column":76},"end":{"line":673,"column":77}}],"line":673},"81":{"loc":{"start":{"line":680,"column":8},"end":{"line":680,"column":48}},"type":"cond-expr","locations":[{"start":{"line":680,"column":30},"end":{"line":680,"column":44}},{"start":{"line":680,"column":47},"end":{"line":680,"column":48}}],"line":680},"82":{"loc":{"start":{"line":685,"column":8},"end":{"line":685,"column":74}},"type":"cond-expr","locations":[{"start":{"line":685,"column":30},"end":{"line":685,"column":70}},{"start":{"line":685,"column":73},"end":{"line":685,"column":74}}],"line":685},"83":{"loc":{"start":{"line":689,"column":22},"end":{"line":689,"column":85}},"type":"cond-expr","locations":[{"start":{"line":689,"column":45},"end":{"line":689,"column":56}},{"start":{"line":689,"column":59},"end":{"line":689,"column":85}}],"line":689},"84":{"loc":{"start":{"line":696,"column":6},"end":{"line":696,"column":53}},"type":"if","locations":[{"start":{"line":696,"column":6},"end":{"line":696,"column":53}},{"start":{},"end":{}}],"line":696},"85":{"loc":{"start":{"line":702,"column":6},"end":{"line":721,"column":7}},"type":"if","locations":[{"start":{"line":702,"column":6},"end":{"line":721,"column":7}},{"start":{},"end":{}}],"line":702},"86":{"loc":{"start":{"line":711,"column":27},"end":{"line":711,"column":51}},"type":"binary-expr","locations":[{"start":{"line":711,"column":27},"end":{"line":711,"column":46}},{"start":{"line":711,"column":50},"end":{"line":711,"column":51}}],"line":711},"87":{"loc":{"start":{"line":713,"column":16},"end":{"line":718,"column":19}},"type":"cond-expr","locations":[{"start":{"line":713,"column":35},"end":{"line":718,"column":14}},{"start":{"line":718,"column":17},"end":{"line":718,"column":19}}],"line":713},"88":{"loc":{"start":{"line":717,"column":27},"end":{"line":717,"column":51}},"type":"binary-expr","locations":[{"start":{"line":717,"column":27},"end":{"line":717,"column":46}},{"start":{"line":717,"column":50},"end":{"line":717,"column":51}}],"line":717},"89":{"loc":{"start":{"line":731,"column":8},"end":{"line":731,"column":77}},"type":"binary-expr","locations":[{"start":{"line":731,"column":8},"end":{"line":731,"column":41}},{"start":{"line":731,"column":45},"end":{"line":731,"column":77}}],"line":731},"90":{"loc":{"start":{"line":736,"column":10},"end":{"line":736,"column":79}},"type":"cond-expr","locations":[{"start":{"line":736,"column":32},"end":{"line":736,"column":75}},{"start":{"line":736,"column":78},"end":{"line":736,"column":79}}],"line":736},"91":{"loc":{"start":{"line":752,"column":4},"end":{"line":752,"column":38}},"type":"if","locations":[{"start":{"line":752,"column":4},"end":{"line":752,"column":38}},{"start":{},"end":{}}],"line":752},"92":{"loc":{"start":{"line":754,"column":20},"end":{"line":754,"column":60}},"type":"binary-expr","locations":[{"start":{"line":754,"column":20},"end":{"line":754,"column":54}},{"start":{"line":754,"column":58},"end":{"line":754,"column":60}}],"line":754},"93":{"loc":{"start":{"line":762,"column":43},"end":{"line":762,"column":76}},"type":"binary-expr","locations":[{"start":{"line":762,"column":43},"end":{"line":762,"column":49}},{"start":{"line":762,"column":53},"end":{"line":762,"column":76}}],"line":762},"94":{"loc":{"start":{"line":763,"column":45},"end":{"line":763,"column":78}},"type":"binary-expr","locations":[{"start":{"line":763,"column":45},"end":{"line":763,"column":51}},{"start":{"line":763,"column":55},"end":{"line":763,"column":78}}],"line":763},"95":{"loc":{"start":{"line":765,"column":47},"end":{"line":765,"column":73}},"type":"binary-expr","locations":[{"start":{"line":765,"column":47},"end":{"line":765,"column":53}},{"start":{"line":765,"column":57},"end":{"line":765,"column":73}}],"line":765},"96":{"loc":{"start":{"line":771,"column":36},"end":{"line":771,"column":66}},"type":"cond-expr","locations":[{"start":{"line":771,"column":45},"end":{"line":771,"column":54}},{"start":{"line":771,"column":57},"end":{"line":771,"column":66}}],"line":771},"97":{"loc":{"start":{"line":776,"column":15},"end":{"line":797,"column":15}},"type":"cond-expr","locations":[{"start":{"line":777,"column":16},"end":{"line":792,"column":18}},{"start":{"line":794,"column":16},"end":{"line":796,"column":23}}],"line":776},"98":{"loc":{"start":{"line":778,"column":64},"end":{"line":778,"column":96}},"type":"binary-expr","locations":[{"start":{"line":778,"column":64},"end":{"line":778,"column":70}},{"start":{"line":778,"column":74},"end":{"line":778,"column":96}}],"line":778},"99":{"loc":{"start":{"line":779,"column":56},"end":{"line":779,"column":82}},"type":"binary-expr","locations":[{"start":{"line":779,"column":56},"end":{"line":779,"column":62}},{"start":{"line":779,"column":66},"end":{"line":779,"column":82}}],"line":779},"100":{"loc":{"start":{"line":780,"column":23},"end":{"line":780,"column":71}},"type":"cond-expr","locations":[{"start":{"line":780,"column":51},"end":{"line":780,"column":59}},{"start":{"line":780,"column":62},"end":{"line":780,"column":71}}],"line":780},"101":{"loc":{"start":{"line":782,"column":54},"end":{"line":782,"column":80}},"type":"binary-expr","locations":[{"start":{"line":782,"column":54},"end":{"line":782,"column":60}},{"start":{"line":782,"column":64},"end":{"line":782,"column":80}}],"line":782},"102":{"loc":{"start":{"line":785,"column":56},"end":{"line":785,"column":82}},"type":"binary-expr","locations":[{"start":{"line":785,"column":56},"end":{"line":785,"column":62}},{"start":{"line":785,"column":66},"end":{"line":785,"column":82}}],"line":785},"103":{"loc":{"start":{"line":788,"column":56},"end":{"line":788,"column":82}},"type":"binary-expr","locations":[{"start":{"line":788,"column":56},"end":{"line":788,"column":62}},{"start":{"line":788,"column":66},"end":{"line":788,"column":82}}],"line":788},"104":{"loc":{"start":{"line":794,"column":48},"end":{"line":794,"column":74}},"type":"binary-expr","locations":[{"start":{"line":794,"column":48},"end":{"line":794,"column":54}},{"start":{"line":794,"column":58},"end":{"line":794,"column":74}}],"line":794},"105":{"loc":{"start":{"line":806,"column":4},"end":{"line":812,"column":5}},"type":"if","locations":[{"start":{"line":806,"column":4},"end":{"line":812,"column":5}},{"start":{},"end":{}}],"line":806},"106":{"loc":{"start":{"line":808,"column":38},"end":{"line":808,"column":66}},"type":"binary-expr","locations":[{"start":{"line":808,"column":38},"end":{"line":808,"column":44}},{"start":{"line":808,"column":48},"end":{"line":808,"column":66}}],"line":808},"107":{"loc":{"start":{"line":814,"column":4},"end":{"line":825,"column":5}},"type":"if","locations":[{"start":{"line":814,"column":4},"end":{"line":825,"column":5}},{"start":{},"end":{}}],"line":814},"108":{"loc":{"start":{"line":816,"column":38},"end":{"line":816,"column":66}},"type":"binary-expr","locations":[{"start":{"line":816,"column":38},"end":{"line":816,"column":44}},{"start":{"line":816,"column":48},"end":{"line":816,"column":66}}],"line":816},"109":{"loc":{"start":{"line":817,"column":45},"end":{"line":817,"column":71}},"type":"binary-expr","locations":[{"start":{"line":817,"column":45},"end":{"line":817,"column":51}},{"start":{"line":817,"column":55},"end":{"line":817,"column":71}}],"line":817},"110":{"loc":{"start":{"line":820,"column":42},"end":{"line":820,"column":68}},"type":"binary-expr","locations":[{"start":{"line":820,"column":42},"end":{"line":820,"column":48}},{"start":{"line":820,"column":52},"end":{"line":820,"column":68}}],"line":820},"111":{"loc":{"start":{"line":828,"column":36},"end":{"line":828,"column":64}},"type":"binary-expr","locations":[{"start":{"line":828,"column":36},"end":{"line":828,"column":42}},{"start":{"line":828,"column":46},"end":{"line":828,"column":64}}],"line":828},"112":{"loc":{"start":{"line":829,"column":43},"end":{"line":829,"column":69}},"type":"binary-expr","locations":[{"start":{"line":829,"column":43},"end":{"line":829,"column":49}},{"start":{"line":829,"column":53},"end":{"line":829,"column":69}}],"line":829},"113":{"loc":{"start":{"line":833,"column":63},"end":{"line":833,"column":102}},"type":"binary-expr","locations":[{"start":{"line":833,"column":63},"end":{"line":833,"column":69}},{"start":{"line":833,"column":73},"end":{"line":833,"column":102}}],"line":833},"114":{"loc":{"start":{"line":835,"column":55},"end":{"line":835,"column":81}},"type":"binary-expr","locations":[{"start":{"line":835,"column":55},"end":{"line":835,"column":61}},{"start":{"line":835,"column":65},"end":{"line":835,"column":81}}],"line":835},"115":{"loc":{"start":{"line":838,"column":56},"end":{"line":838,"column":82}},"type":"binary-expr","locations":[{"start":{"line":838,"column":56},"end":{"line":838,"column":62}},{"start":{"line":838,"column":66},"end":{"line":838,"column":82}}],"line":838},"116":{"loc":{"start":{"line":843,"column":55},"end":{"line":843,"column":81}},"type":"binary-expr","locations":[{"start":{"line":843,"column":55},"end":{"line":843,"column":61}},{"start":{"line":843,"column":65},"end":{"line":843,"column":81}}],"line":843},"117":{"loc":{"start":{"line":846,"column":55},"end":{"line":846,"column":81}},"type":"binary-expr","locations":[{"start":{"line":846,"column":55},"end":{"line":846,"column":61}},{"start":{"line":846,"column":65},"end":{"line":846,"column":81}}],"line":846},"118":{"loc":{"start":{"line":851,"column":62},"end":{"line":851,"column":88}},"type":"binary-expr","locations":[{"start":{"line":851,"column":62},"end":{"line":851,"column":68}},{"start":{"line":851,"column":72},"end":{"line":851,"column":88}}],"line":851},"119":{"loc":{"start":{"line":856,"column":65},"end":{"line":856,"column":91}},"type":"binary-expr","locations":[{"start":{"line":856,"column":65},"end":{"line":856,"column":71}},{"start":{"line":856,"column":75},"end":{"line":856,"column":91}}],"line":856},"120":{"loc":{"start":{"line":859,"column":64},"end":{"line":859,"column":90}},"type":"binary-expr","locations":[{"start":{"line":859,"column":64},"end":{"line":859,"column":70}},{"start":{"line":859,"column":74},"end":{"line":859,"column":90}}],"line":859},"121":{"loc":{"start":{"line":864,"column":15},"end":{"line":868,"column":15}},"type":"binary-expr","locations":[{"start":{"line":864,"column":15},"end":{"line":864,"column":41}},{"start":{"line":865,"column":16},"end":{"line":867,"column":23}}],"line":864},"122":{"loc":{"start":{"line":865,"column":53},"end":{"line":865,"column":79}},"type":"binary-expr","locations":[{"start":{"line":865,"column":53},"end":{"line":865,"column":59}},{"start":{"line":865,"column":63},"end":{"line":865,"column":79}}],"line":865},"123":{"loc":{"start":{"line":876,"column":2},"end":{"line":882,"column":3}},"type":"if","locations":[{"start":{"line":876,"column":2},"end":{"line":882,"column":3}},{"start":{},"end":{}}],"line":876},"124":{"loc":{"start":{"line":878,"column":44},"end":{"line":878,"column":74}},"type":"binary-expr","locations":[{"start":{"line":878,"column":44},"end":{"line":878,"column":50}},{"start":{"line":878,"column":54},"end":{"line":878,"column":74}}],"line":878},"125":{"loc":{"start":{"line":884,"column":2},"end":{"line":899,"column":3}},"type":"if","locations":[{"start":{"line":884,"column":2},"end":{"line":899,"column":3}},{"start":{},"end":{}}],"line":884},"126":{"loc":{"start":{"line":886,"column":44},"end":{"line":886,"column":74}},"type":"binary-expr","locations":[{"start":{"line":886,"column":44},"end":{"line":886,"column":50}},{"start":{"line":886,"column":54},"end":{"line":886,"column":74}}],"line":886},"127":{"loc":{"start":{"line":887,"column":40},"end":{"line":887,"column":66}},"type":"binary-expr","locations":[{"start":{"line":887,"column":40},"end":{"line":887,"column":46}},{"start":{"line":887,"column":50},"end":{"line":887,"column":66}}],"line":887},"128":{"loc":{"start":{"line":902,"column":36},"end":{"line":902,"column":66}},"type":"binary-expr","locations":[{"start":{"line":902,"column":36},"end":{"line":902,"column":42}},{"start":{"line":902,"column":46},"end":{"line":902,"column":66}}],"line":902},"129":{"loc":{"start":{"line":903,"column":44},"end":{"line":903,"column":80}},"type":"binary-expr","locations":[{"start":{"line":903,"column":44},"end":{"line":903,"column":50}},{"start":{"line":903,"column":54},"end":{"line":903,"column":80}}],"line":903},"130":{"loc":{"start":{"line":904,"column":51},"end":{"line":904,"column":92}},"type":"binary-expr","locations":[{"start":{"line":904,"column":51},"end":{"line":904,"column":57}},{"start":{"line":904,"column":61},"end":{"line":904,"column":92}}],"line":904},"131":{"loc":{"start":{"line":905,"column":35},"end":{"line":905,"column":65}},"type":"cond-expr","locations":[{"start":{"line":905,"column":44},"end":{"line":905,"column":53}},{"start":{"line":905,"column":56},"end":{"line":905,"column":65}}],"line":905},"132":{"loc":{"start":{"line":907,"column":40},"end":{"line":907,"column":66}},"type":"binary-expr","locations":[{"start":{"line":907,"column":40},"end":{"line":907,"column":46}},{"start":{"line":907,"column":50},"end":{"line":907,"column":66}}],"line":907},"133":{"loc":{"start":{"line":911,"column":34},"end":{"line":911,"column":64}},"type":"cond-expr","locations":[{"start":{"line":911,"column":43},"end":{"line":911,"column":52}},{"start":{"line":911,"column":55},"end":{"line":911,"column":64}}],"line":911},"134":{"loc":{"start":{"line":913,"column":11},"end":{"line":917,"column":11}},"type":"binary-expr","locations":[{"start":{"line":913,"column":11},"end":{"line":913,"column":33}},{"start":{"line":914,"column":12},"end":{"line":916,"column":24}}],"line":913},"135":{"loc":{"start":{"line":915,"column":34},"end":{"line":915,"column":64}},"type":"cond-expr","locations":[{"start":{"line":915,"column":43},"end":{"line":915,"column":52}},{"start":{"line":915,"column":55},"end":{"line":915,"column":64}}],"line":915},"136":{"loc":{"start":{"line":931,"column":23},"end":{"line":931,"column":53}},"type":"cond-expr","locations":[{"start":{"line":931,"column":32},"end":{"line":931,"column":41}},{"start":{"line":931,"column":44},"end":{"line":931,"column":53}}],"line":931},"137":{"loc":{"start":{"line":936,"column":7},"end":{"line":947,"column":7}},"type":"binary-expr","locations":[{"start":{"line":936,"column":7},"end":{"line":936,"column":22}},{"start":{"line":937,"column":8},"end":{"line":946,"column":24}}],"line":936},"138":{"loc":{"start":{"line":951,"column":7},"end":{"line":1013,"column":7}},"type":"binary-expr","locations":[{"start":{"line":951,"column":7},"end":{"line":951,"column":22}},{"start":{"line":952,"column":8},"end":{"line":1012,"column":16}}],"line":951},"139":{"loc":{"start":{"line":957,"column":47},"end":{"line":957,"column":82}},"type":"binary-expr","locations":[{"start":{"line":957,"column":47},"end":{"line":957,"column":53}},{"start":{"line":957,"column":57},"end":{"line":957,"column":82}}],"line":957},"140":{"loc":{"start":{"line":959,"column":47},"end":{"line":959,"column":73}},"type":"binary-expr","locations":[{"start":{"line":959,"column":47},"end":{"line":959,"column":53}},{"start":{"line":959,"column":57},"end":{"line":959,"column":73}}],"line":959},"141":{"loc":{"start":{"line":966,"column":36},"end":{"line":966,"column":66}},"type":"cond-expr","locations":[{"start":{"line":966,"column":45},"end":{"line":966,"column":54}},{"start":{"line":966,"column":57},"end":{"line":966,"column":66}}],"line":966},"142":{"loc":{"start":{"line":972,"column":51},"end":{"line":972,"column":77}},"type":"binary-expr","locations":[{"start":{"line":972,"column":51},"end":{"line":972,"column":57}},{"start":{"line":972,"column":61},"end":{"line":972,"column":77}}],"line":972},"143":{"loc":{"start":{"line":978,"column":48},"end":{"line":978,"column":74}},"type":"binary-expr","locations":[{"start":{"line":978,"column":48},"end":{"line":978,"column":54}},{"start":{"line":978,"column":58},"end":{"line":978,"column":74}}],"line":978},"144":{"loc":{"start":{"line":986,"column":51},"end":{"line":986,"column":77}},"type":"binary-expr","locations":[{"start":{"line":986,"column":51},"end":{"line":986,"column":57}},{"start":{"line":986,"column":61},"end":{"line":986,"column":77}}],"line":986},"145":{"loc":{"start":{"line":989,"column":17},"end":{"line":1008,"column":17}},"type":"cond-expr","locations":[{"start":{"line":990,"column":18},"end":{"line":990,"column":68}},{"start":{"line":991,"column":20},"end":{"line":1008,"column":17}}],"line":989},"146":{"loc":{"start":{"line":991,"column":20},"end":{"line":1008,"column":17}},"type":"cond-expr","locations":[{"start":{"line":992,"column":18},"end":{"line":992,"column":69}},{"start":{"line":993,"column":20},"end":{"line":1008,"column":17}}],"line":991},"147":{"loc":{"start":{"line":993,"column":20},"end":{"line":1008,"column":17}},"type":"cond-expr","locations":[{"start":{"line":994,"column":18},"end":{"line":1003,"column":20}},{"start":{"line":1005,"column":18},"end":{"line":1007,"column":25}}],"line":993},"148":{"loc":{"start":{"line":997,"column":48},"end":{"line":997,"column":78}},"type":"binary-expr","locations":[{"start":{"line":997,"column":48},"end":{"line":997,"column":54}},{"start":{"line":997,"column":58},"end":{"line":997,"column":78}}],"line":997},"149":{"loc":{"start":{"line":999,"column":54},"end":{"line":999,"column":80}},"type":"binary-expr","locations":[{"start":{"line":999,"column":54},"end":{"line":999,"column":60}},{"start":{"line":999,"column":64},"end":{"line":999,"column":80}}],"line":999},"150":{"loc":{
[...]
ne":34,"column":3}},"loc":{"start":{"line":34,"column":55},"end":{"line":72,"column":3}},"line":34},"2":{"name":"(anonymous_2)","decl":{"start":{"line":42,"column":28},"end":{"line":42,"column":29}},"loc":{"start":{"line":42,"column":41},"end":{"line":46,"column":9}},"line":42},"3":{"name":"(anonymous_3)","decl":{"start":{"line":74,"column":2},"end":{"line":74,"column":3}},"loc":{"start":{"line":74,"column":68},"end":{"line":103,"column":3}},"line":74},"4":{"name":"(anonymous_4)","decl":{"start":{"line":105,"column":2},"end":{"line":105,"column":3}},"loc":{"start":{"line":105,"column":79},"end":{"line":127,"column":3}},"line":105},"5":{"name":"(anonymous_5)","decl":{"start":{"line":129,"column":2},"end":{"line":129,"column":3}},"loc":{"start":{"line":129,"column":47},"end":{"line":155,"column":3}},"line":129},"6":{"name":"(anonymous_6)","decl":{"start":{"line":157,"column":2},"end":{"line":157,"column":3}},"loc":{"start":{"line":157,"column":68},"end":{"line":192,"column":3}},"line":157},"7":{"name":"(anonymous_7)","decl":{"start":{"line":194,"column":2},"end":{"line":194,"column":3}},"loc":{"start":{"line":194,"column":65},"end":{"line":224,"column":3}},"line":194},"8":{"name":"(anonymous_8)","decl":{"start":{"line":226,"column":2},"end":{"line":226,"column":3}},"loc":{"start":{"line":229,"column":5},"end":{"line":250,"column":3}},"line":229}},"branchMap":{"0":{"loc":{"start":{"line":35,"column":4},"end":{"line":37,"column":5}},"type":"if","locations":[{"start":{"line":35,"column":4},"end":{"line":37,"column":5}},{"start":{},"end":{}}],"line":35},"1":{"loc":{"start":{"line":53,"column":6},"end":{"line":65,"column":7}},"type":"if","locations":[{"start":{"line":53,"column":6},"end":{"line":65,"column":7}},{"start":{},"end":{}}],"line":53},"2":{"loc":{"start":{"line":55,"column":8},"end":{"line":64,"column":9}},"type":"if","locations":[{"start":{"line":55,"column":8},"end":{"line":64,"column":9}},{"start":{},"end":{}}],"line":55},"3":{"loc":{"start":{"line":80,"column":6},"end":{"line":86,"column":7}},"type":"if","locations":[{"start":{"line":80,"column":6},"end":{"line":86,"column":7}},{"start":{},"end":{}}],"line":80},"4":{"loc":{"start":{"line":90,"column":6},"end":{"line":95,"column":7}},"type":"if","locations":[{"start":{"line":90,"column":6},"end":{"line":95,"column":7}},{"start":{},"end":{}}],"line":90},"5":{"loc":{"start":{"line":130,"column":4},"end":{"line":132,"column":5}},"type":"if","locations":[{"start":{"line":130,"column":4},"end":{"line":132,"column":5}},{"start":{},"end":{}}],"line":130},"6":{"loc":{"start":{"line":137,"column":6},"end":{"line":139,"column":7}},"type":"if","locations":[{"start":{"line":137,"column":6},"end":{"line":139,"column":7}},{"start":{},"end":{}}],"line":137},"7":{"loc":{"start":{"line":158,"column":4},"end":{"line":160,"column":5}},"type":"if","locations":[{"start":{"line":158,"column":4},"end":{"line":160,"column":5}},{"start":{},"end":{}}],"line":158},"8":{"loc":{"start":{"line":165,"column":6},"end":{"line":170,"column":7}},"type":"if","locations":[{"start":{"line":165,"column":6},"end":{"line":170,"column":7}},{"start":{},"end":{}}],"line":165},"9":{"loc":{"start":{"line":167,"column":8},"end":{"line":169,"column":9}},"type":"if","locations":[{"start":{"line":167,"column":8},"end":{"line":169,"column":9}},{"start":{},"end":{}}],"line":167},"10":{"loc":{"start":{"line":177,"column":24},"end":{"line":177,"column":62}},"type":"cond-expr","locations":[{"start":{"line":177,"column":34},"end":{"line":177,"column":54}},{"start":{"line":177,"column":57},"end":{"line":177,"column":62}}],"line":177},"11":{"loc":{"start":{"line":182,"column":6},"end":{"line":185,"column":7}},"type":"if","locations":[{"start":{"line":182,"column":6},"end":{"line":185,"column":7}},{"start":{},"end":{}}],"line":182},"12":{"loc":{"start":{"line":195,"column":4},"end":{"line":197,"column":5}},"type":"if","locations":[{"start":{"line":195,"column":4},"end":{"line":197,"column":5}},{"start":{},"end":{}}],"line":195},"13":{"loc":{"start":{"line":203,"column":6},"end":{"line":205,"column":7}},"type":"if","locations":[{"start":{"line":203,"column":6},"end":{"line":205,"column":7}},{"start":{},"end":{}}],"line":203},"14":{"loc":{"start":{"line":203,"column":10},"end":{"line":203,"column":39}},"type":"binary-expr","locations":[{"start":{"line":203,"column":10},"end":{"line":203,"column":17}},{"start":{"line":203,"column":21},"end":{"line":203,"column":39}}],"line":203},"15":{"loc":{"start":{"line":214,"column":6},"end":{"line":217,"column":7}},"type":"if","locations":[{"start":{"line":214,"column":6},"end":{"line":217,"column":7}},{"start":{},"end":{}}],"line":214},"16":{"loc":{"start":{"line":230,"column":4},"end":{"line":235,"column":5}},"type":"if","locations":[{"start":{"line":230,"column":4},"end":{"line":235,"column":5}},{"start":{},"end":{}}],"line":230}},"s":{"0":0,"1":0,"2":0,"3":0,"4":0,"5":0,"6":0,"7":0,"8":0,"9":0,"10":0,"11":0,"12":0,"13":0,"14":0,"15":0,"16":0,"17":0,"18":0,"19":0,"20":0,"21":0,"22":0,"23":0,"24":0,"25":0,"26":0,"27":0,"28":0,"29":0,"30":0,"31":0,"32":0,"33":0,"34":0,"35":0,"36":0,"37":0,"38":0,"39":0,"40":0,"41":0,"42":0,"43":0,"44":0,"45":0,"46":0,"47":0,"48":0,"49":0,"50":0,"51":0,"52":0,"53":0,"54":0,"55":0,"56":0,"57":0,"58":0,"59":0,"60":0,"61":0,"62":0,"63":0,"64":0,"65":0,"66":0,"67":0,"68":0,"69":0,"70":0,"71":0,"72":0,"73":0,"74":0,"75":0,"76":0,"77":0,"78":0,"79":0,"80":0,"81":0,"82":0,"83":0,"84":0,"85":0,"86":0},"f":{"0":0,"1":0,"2":0,"3":0,"4":0,"5":0,"6":0,"7":0,"8":0},"b":{"0":[0,0],"1":[0,0],"2":[0,0],"3":[0,0],"4":[0,0],"5":[0,0],"6":[0,0],"7":[0,0],"8":[0,0],"9":[0,0],"10":[0,0],"11":[0,0],"12":[0,0],"13":[0,0],"14":[0,0],"15":[0,0],"16":[0,0]}}
,"C:\\Code\\spackl - Copy\\services\\SharedContactsService.ts": {"path":"C:\\Code\\spackl - Copy\\services\\SharedContactsService.ts","statementMap":{"0":{"start":{"line":17,"column":48},"end":{"line":17,"column":65}},"1":{"start":{"line":21,"column":4},"end":{"line":23,"column":5}},"2":{"start":{"line":22,"column":6},"end":{"line":22,"column":45}},"3":{"start":{"line":24,"column":4},"end":{"line":24,"column":25}},"4":{"start":{"line":28,"column":4},"end":{"line":28,"column":97}},"5":{"start":{"line":36,"column":4},"end":{"line":75,"column":5}},"6":{"start":{"line":37,"column":31},"end":{"line":37,"column":70}},"7":{"start":{"line":38,"column":24},"end":{"line":38,"column":34}},"8":{"start":{"line":40,"column":43},"end":{"line":46,"column":7}},"9":{"start":{"line":49,"column":6},"end":{"line":63,"column":7}},"10":{"start":{"line":50,"column":26},"end":{"line":50,"column":45}},"11":{"start":{"line":51,"column":8},"end":{"line":61,"column":9}},"12":{"start":{"line":53,"column":12},"end":{"line":53,"column":58}},"13":{"start":{"line":54,"column":12},"end":{"line":54,"column":18}},"14":{"start":{"line":56,"column":12},"end":{"line":56,"column":55}},"15":{"start":{"line":57,"column":12},"end":{"line":57,"column":18}},"16":{"start":{"line":59,"column":12},"end":{"line":59,"column":56}},"17":{"start":{"line":60,"column":12},"end":{"line":60,"column":18}},"18":{"start":{"line":62,"column":8},"end":{"line":62,"column":44}},"19":{"start":{"line":65,"column":6},"end":{"line":69,"column":9}},"20":{"start":{"line":71,"column":6},"end":{"line":71,"column":27}},"21":{"start":{"line":73,"column":6},"end":{"line":73,"column":53}},"22":{"start":{"line":74,"column":6},"end":{"line":74,"column":49}},"23":{"start":{"line":79,"column":4},"end":{"line":96,"column":5}},"24":{"start":{"line":80,"column":32},"end":{"line":80,"column":66}},"25":{"start":{"line":81,"column":34},"end":{"line":81,"column":58}},"26":{"start":{"line":82,"column":37},"end":{"line":82,"column":71}},"27":{"start":{"line":84,"column":6},"end":{"line":92,"column":9}},"28":{"start":{"line":85,"column":21},"end":{"line":85,"column":31}},"29":{"start":{"line":86,"column":8},"end":{"line":91,"column":27}},"30":{"start":{"line":94,"column":6},"end":{"line":94,"column":61}},"31":{"start":{"line":95,"column":6},"end":{"line":95,"column":55}},"32":{"start":{"line":100,"column":4},"end":{"line":106,"column":5}},"33":{"start":{"line":101,"column":31},"end":{"line":101,"column":87}},"34":{"start":{"line":102,"column":6},"end":{"line":102,"column":40}},"35":{"start":{"line":104,"column":6},"end":{"line":104,"column":61}},"36":{"start":{"line":105,"column":6},"end":{"line":105,"column":57}},"37":{"start":{"line":113,"column":4},"end":{"line":125,"column":5}},"38":{"start":{"line":114,"column":31},"end":{"line":114,"column":87}},"39":{"start":{"line":115,"column":30},"end":{"line":115,"column":44}},"40":{"start":{"line":117,"column":6},"end":{"line":119,"column":7}},"41":{"start":{"line":118,"column":8},"end":{"line":118,"column":69}},"42":{"start":{"line":121,"column":6},"end":{"line":121,"column":52}},"43":{"start":{"line":123,"column":6},"end":{"line":123,"column":61}},"44":{"start":{"line":124,"column":6},"end":{"line":124,"column":57}}},"fnMap":{"0":{"name":"(anonymous_0)","decl":{"start":{"line":20,"column":2},"end":{"line":20,"column":3}},"loc":{"start":{"line":20,"column":30},"end":{"line":25,"column":3}},"line":20},"1":{"name":"(anonymous_1)","decl":{"start":{"line":27,"column":2},"end":{"line":27,"column":3}},"loc":{"start":{"line":27,"column":40},"end":{"line":29,"column":3}},"line":27},"2":{"name":"(anonymous_2)","decl":{"start":{"line":31,"column":2},"end":{"line":31,"column":3}},"loc":{"start":{"line":35,"column":28},"end":{"line":76,"column":3}},"line":35},"3":{"name":"(anonymous_3)","decl":{"start":{"line":78,"column":2},"end":{"line":78,"column":3}},"loc":{"start":{"line":78,"column":54},"end":{"line":97,"column":3}},"line":78},"4":{"name":"(anonymous_4)","decl":{"start":{"line":84,"column":45},"end":{"line":84,"column":46}},"loc":{"start":{"line":84,"column":52},"end":{"line":92,"column":7}},"line":84},"5":{"name":"(anonymous_5)","decl":{"start":{"line":99,"column":2},"end":{"line":99,"column":3}},"loc":{"start":{"line":99,"column":68},"end":{"line":107,"column":3}},"line":99},"6":{"name":"(anonymous_6)","decl":{"start":{"line":109,"column":2},"end":{"line":109,"column":3}},"loc":{"start":{"line":112,"column":19},"end":{"line":126,"column":3}},"line":112}},"branchMap":{"0":{"loc":{"start":{"line":21,"column":4},"end":{"line":23,"column":5}},"type":"if","locations":[{"start":{"line":21,"column":4},"end":{"line":23,"column":5}},{"start":{},"end":{}}],"line":21},"1":{"loc":{"start":{"line":49,"column":6},"end":{"line":63,"column":7}},"type":"if","locations":[{"start":{"line":49,"column":6},"end":{"line":63,"column":7}},{"start":{},"end":{}}],"line":49},"2":{"loc":{"start":{"line":51,"column":8},"end":{"line":61,"column":9}},"type":"switch","locations":[{"start":{"line":52,"column":10},"end":{"line":54,"column":18}},{"start":{"line":55,"column":10},"end":{"line":57,"column":18}},{"start":{"line":58,"column":10},"end":{"line":60,"column":18}}],"line":51},"3":{"loc":{"start":{"line":68,"column":19},"end":{"line":68,"column":95}},"type":"cond-expr","locations":[{"start":{"line":68,"column":45},"end":{"line":68,"column":88}},{"start":{"line":68,"column":91},"end":{"line":68,"column":95}}],"line":68},"4":{"loc":{"start":{"line":90,"column":21},"end":{"line":90,"column":73}},"type":"cond-expr","locations":[{"start":{"line":90,"column":38},"end":{"line":90,"column":61}},{"start":{"line":90,"column":64},"end":{"line":90,"column":73}}],"line":90},"5":{"loc":{"start":{"line":117,"column":6},"end":{"line":119,"column":7}},"type":"if","locations":[{"start":{"line":117,"column":6},"end":{"line":119,"column":7}},{"start":{},"end":{}}],"line":117}},"s":{"0":0,"1":0,"2":0,"3":0,"4":0,"5":0,"6":0,"7":0,"8":0,"9":0,"10":0,"11":0,"12":0,"13":0,"14":0,"15":0,"16":0,"17":0,"18":0,"19":0,"20":0,"21":0,"22":0,"23":0,"24":0,"25":0,"26":0,"27":0,"28":0,"29":0,"30":0,"31":0,"32":0,"33":0,"34":0,"35":0,"36":0,"37":0,"38":0,"39":0,"40":0,"41":0,"42":0,"43":0,"44":0},"f":{"0":0,"1":0,"2":0,"3":0,"4":0,"5":0,"6":0},"b":{"0":[0,0],"1":[0,0],"2":[0,0,0],"3":[0,0],"4":[0,0],"5":[0,0]}}
,"C:\\Code\\spackl - Copy\\services\\UserSettingsService.ts": {"path":"C:\\Code\\spackl - Copy\\services\\UserSettingsService.ts","statementMap":{"0":{"start":{"line":28,"column":4},"end":{"line":28,"column":19}},"1":{"start":{"line":29,"column":4},"end":{"line":29,"column":34}},"2":{"start":{"line":34,"column":32},"end":{"line":34,"column":46}},"3":{"start":{"line":37,"column":4},"end":{"line":39,"column":5}},"4":{"start":{"line":38,"column":6},"end":{"line":38,"column":45}},"5":{"start":{"line":43,"column":4},"end":{"line":45,"column":5}},"6":{"start":{"line":44,"column":6},"end":{"line":44,"column":55}},"7":{"start":{"line":47,"column":4},"end":{"line":50,"column":5}},"8":{"start":{"line":49,"column":6},"end":{"line":49,"column":68}},"9":{"start":{"line":52,"column":4},"end":{"line":55,"column":5}},"10":{"start":{"line":54,"column":6},"end":{"line":54,"column":63}},"11":{"start":{"line":57,"column":4},"end":{"line":60,"column":5}},"12":{"start":{"line":59,"column":6},"end":{"line":59,"column":60}},"13":{"start":{"line":62,"column":4},"end":{"line":65,"column":5}},"14":{"start":{"line":64,"column":6},"end":{"line":64,"column":58}},"15":{"start":{"line":69,"column":4},"end":{"line":108,"column":5}},"16":{"start":{"line":70,"column":6},"end":{"line":70,"column":38}},"17":{"start":{"line":72,"column":21},"end":{"line":72,"column":74}},"18":{"start":{"line":73,"column":22},"end":{"line":73,"column":42}},"19":{"start":{"line":75,"column":24},"end":{"line":75,"column":34}},"20":{"start":{"line":76,"column":31},"end":{"line":79,"column":7}},"21":{"start":{"line":81,"column":6},"end":{"line":90,"column":7}},"22":{"start":{"line":83,"column":8},"end":{"line":86,"column":11}},"23":{"start":{"line":89,"column":8},"end":{"line":89,"column":50}},"24":{"start":{"line":92,"column":6},"end":{"line":95,"column":9}},"25":{"start":{"line":97,"column":6},"end":{"line":97,"column":53}},"26":{"start":{"line":99,"column":6},"end":{"line":101,"column":7}},"27":{"start":{"line":100,"column":8},"end":{"line":100,"column":20}},"28":{"start":{"line":103,"column":6},"end":{"line":107,"column":8}},"29":{"start":{"line":112,"column":4},"end":{"line":124,"column":5}},"30":{"start":{"line":113,"column":21},"end":{"line":113,"column":74}},"31":{"start":{"line":114,"column":22},"end":{"line":114,"column":42}},"32":{"start":{"line":116,"column":6},"end":{"line":118,"column":7}},"33":{"start":{"line":117,"column":8},"end":{"line":117,"column":20}},"34":{"start":{"line":120,"column":6},"end":{"line":120,"column":44}},"35":{"start":{"line":122,"column":6},"end":{"line":122,"column":54}},"36":{"start":{"line":123,"column":6},"end":{"line":123,"column":53}}},"fnMap":{"0":{"name":"(anonymous_0)","decl":{"start":{"line":27,"column":2},"end":{"line":27,"column":3}},"loc":{"start":{"line":27,"column":31},"end":{"line":30,"column":3}},"line":27},"1":{"name":"(anonymous_1)","decl":{"start":{"line":36,"column":2},"end":{"line":36,"column":3}},"loc":{"start":{"line":36,"column":38},"end":{"line":40,"column":3}},"line":36},"2":{"name":"(anonymous_2)","decl":{"start":{"line":42,"column":2},"end":{"line":42,"column":3}},"loc":{"start":{"line":42,"column":66},"end":{"line":66,"column":3}},"line":42},"3":{"name":"(anonymous_3)","decl":{"start":{"line":68,"column":2},"end":{"line":68,"column":3}},"loc":{"start":{"line":68,"column":69},"end":{"line":109,"column":3}},"line":68},"4":{"name":"(anonymous_4)","decl":{"start":{"line":111,"column":2},"end":{"line":111,"column":3}},"loc":{"start":{"line":111,"column":52},"end":{"line":125,"column":3}},"line":111}},"branchMap":{"0":{"loc":{"start":{"line":37,"column":4},"end":{"line":39,"column":5}},"type":"if","locations":[{"start":{"line":37,"column":4},"end":{"line":39,"column":5}},{"start":{},"end":{}}],"line":37},"1":{"loc":{"start":{"line":43,"column":4},"end":{"line":45,"column":5}},"type":"if","locations":[{"start":{"line":43,"column":4},"end":{"line":45,"column":5}},{"start":{},"end":{}}],"line":43},"2":{"loc":{"start":{"line":43,"column":8},"end":{"line":43,"column":79}},"type":"binary-expr","locations":[{"start":{"line":43,"column":8},"end":{"line":43,"column":22}},{"start":{"line":43,"column":26},"end":{"line":43,"column":79}}],"line":43},"3":{"loc":{"start":{"line":47,"column":4},"end":{"line":50,"column":5}},"type":"if","locations":[{"start":{"line":47,"column":4},"end":{"line":50,"column":5}},{"start":{},"end":{}}],"line":47},"4":{"loc":{"start":{"line":47,"column":8},"end":{"line":48,"column":87}},"type":"binary-expr","locations":[{"start":{"line":47,"column":8},"end":{"line":47,"column":43}},{"start":{"line":48,"column":8},"end":{"line":48,"column":87}}],"line":47},"5":{"loc":{"start":{"line":52,"column":4},"end":{"line":55,"column":5}},"type":"if","locations":[{"start":{"line":52,"column":4},"end":{"line":55,"column":5}},{"start":{},"end":{}}],"line":52},"6":{"loc":{"start":{"line":52,"column":8},"end":{"line":53,"column":73}},"type":"binary-expr","locations":[{"start":{"line":52,"column":8},"end":{"line":52,"column":38}},{"start":{"line":53,"column":8},"end":{"line":53,"column":73}}],"line":52},"7":{"loc":{"start":{"line":57,"column":4},"end":{"line":60,"column":5}},"type":"if","locations":[{"start":{"line":57,"column":4},"end":{"line":60,"column":5}},{"start":{},"end":{}}],"line":57},"8":{"loc":{"start":{"line":57,"column":8},"end":{"line":58,"column":82}},"type":"binary-expr","locations":[{"start":{"line":57,"column":8},"end":{"line":57,"column":53}},{"start":{"line":58,"column":9},"end":{"line":58,"column":43}},{"start":{"line":58,"column":47},"end":{"line":58,"column":81}}],"line":57},"9":{"loc":{"start":{"line":62,"column":4},"end":{"line":65,"column":5}},"type":"if","locations":[{"start":{"line":62,"column":4},"end":{"line":65,"column":5}},{"start":{},"end":{}}],"line":62},"10":{"loc":{"start":{"line":62,"column":8},"end":{"line":63,"column":92}},"type":"binary-expr","locations":[{"start":{"line":62,"column":8},"end":{"line":62,"column":56}},{"start":{"line":63,"column":9},"end":{"line":63,"column":46}},{"start":{"line":63,"column":50},"end":{"line":63,"column":91}}],"line":62},"11":{"loc":{"start":{"line":81,"column":6},"end":{"line":90,"column":7}},"type":"if","locations":[{"start":{"line":81,"column":6},"end":{"line":90,"column":7}},{"start":{"line":87,"column":13},"end":{"line":90,"column":7}}],"line":81},"12":{"loc":{"start":{"line":99,"column":6},"end":{"line":101,"column":7}},"type":"if","locations":[{"start":{"line":99,"column":6},"end":{"line":101,"column":7}},{"start":{},"end":{}}],"line":99},"13":{"loc":{"start":{"line":104,"column":8},"end":{"line":106,"column":37}},"type":"cond-expr","locations":[{"start":{"line":105,"column":12},"end":{"line":105,"column":55}},{"start":{"line":106,"column":12},"end":{"line":106,"column":37}}],"line":104},"14":{"loc":{"start":{"line":116,"column":6},"end":{"line":118,"column":7}},"type":"if","locations":[{"start":{"line":116,"column":6},"end":{"line":118,"column":7}},{"start":{},"end":{}}],"line":116}},"s":{"0":0,"1":0,"2":0,"3":0,"4":0,"5":0,"6":0,"7":0,"8":0,"9":0,"10":0,"11":0,"12":0,"13":0,"14":0,"15":0,"16":0,"17":0,"18":0,"19":0,"20":0,"21":0,"22":0,"23":0,"24":0,"25":0,"26":0,"27":0,"28":0,"29":0,"30":0,"31":0,"32":0,"33":0,"34":0,"35":0,"36":0},"f":{"0":0,"1":0,"2":0,"3":0,"4":0},"b":{"0":[0,0],"1":[0,0],"2":[0,0],"3":[0,0],"4":[0,0],"5":[0,0],"6":[0,0],"7":[0,0],"8":[0,0,0],"9":[0,0],"10":[0,0,0],"11":[0,0],"12":[0,0],"13":[0,0],"14":[0,0]}}
,"C:\\Code\\spackl - Copy\\types\\auth.d.ts": {"path":"C:\\Code\\spackl - Copy\\types\\auth.d.ts","statementMap":{},"fnMap":{},"branchMap":{},"s":{},"f":{},"b":{}}
,"C:\\Code\\spackl - Copy\\types\\contexts.d.ts": {"path":"C:\\Code\\spackl - Copy\\types\\contexts.d.ts","statementMap":{},"fnMap":{},"branchMap":{},"s":{},"f":{},"b":{}}
,"C:\\Code\\spackl - Copy\\types\\firebaseConfig.d.ts": {"path":"C:\\Code\\spackl - Copy\\types\\firebaseConfig.d.ts","statementMap":{},"fnMap":{},"branchMap":{},"s":{},"f":{},"b":{}}
}
