TN:
SF:app.config.js
FNF:0
FNH:0
LF:0
LH:0
BRF:0
BRH:0
end_of_record
TN:
SF:firebaseConfig.ts
FNF:0
FNH:0
DA:21,0
DA:31,0
DA:32,0
DA:38,0
DA:40,0
DA:43,0
DA:44,0
LF:7
LH:0
BRDA:23,0,0,0
BRDA:23,0,1,0
BRDA:31,1,0,0
BRDA:31,1,1,0
BRDA:31,2,0,0
BRDA:31,2,1,0
BRF:6
BRH:0
end_of_record
TN:
SF:jest.config.js
FNF:0
FNH:0
DA:1,0
LF:1
LH:0
BRF:0
BRH:0
end_of_record
TN:
SF:metro.config.js
FNF:0
FNH:0
DA:1,0
DA:2,0
DA:4,0
DA:7,0
DA:23,0
LF:5
LH:0
BRF:0
BRH:0
end_of_record
TN:
SF:app\+not-found.tsx
FN:5,NotFoundScreen
FNF:1
FNH:0
FNDA:0,NotFoundScreen
DA:6,0
DA:19,0
LF:2
LH:0
BRF:0
BRH:0
end_of_record
TN:
SF:app\_layout.tsx
FN:14,RootLayoutNav
FN:19,(anonymous_1)
FN:55,RootLayout
FNF:3
FNH:0
FNDA:0,RootLayoutNav
FNDA:0,(anonymous_1)
FNDA:0,RootLayout
DA:15,0
DA:16,0
DA:17,0
DA:19,0
DA:20,0
DA:22,0
DA:23,0
DA:24,0
DA:25,0
DA:29,0
DA:56,0
DA:58,0
DA:65,0
DA:66,0
DA:69,0
LF:15
LH:0
BRDA:22,0,0,0
BRDA:22,0,1,0
BRDA:22,1,0,0
BRDA:22,1,1,0
BRDA:24,2,0,0
BRDA:24,2,1,0
BRDA:24,3,0,0
BRDA:24,3,1,0
BRDA:65,4,0,0
BRDA:65,4,1,0
BRF:10
BRH:0
end_of_record
TN:
SF:app\(auth)\_layout.tsx
FN:3,AuthLayout
FNF:1
FNH:0
FNDA:0,AuthLayout
DA:4,0
LF:1
LH:0
BRF:0
BRH:0
end_of_record
TN:
SF:app\(auth)\index.tsx
FN:7,AuthScreen
FN:12,(anonymous_1)
FN:48,(anonymous_2)
FN:56,(anonymous_3)
FNF:4
FNH:0
FNDA:0,AuthScreen
FNDA:0,(anonymous_1)
FNDA:0,(anonymous_2)
FNDA:0,(anonymous_3)
DA:8,0
DA:9,0
DA:10,0
DA:12,0
DA:13,0
DA:14,0
DA:15,0
DA:17,0
DA:21,0
DA:48,0
DA:56,0
DA:67,0
LF:12
LH:0
BRDA:22,0,0,0
BRDA:22,0,1,0
BRDA:24,1,0,0
BRDA:24,1,1,0
BRDA:25,2,0,0
BRDA:25,2,1,0
BRDA:29,3,0,0
BRDA:29,3,1,0
BRDA:39,4,0,0
BRDA:39,4,1,0
BRDA:47,5,0,0
BRDA:47,5,1,0
BRDA:59,6,0,0
BRDA:59,6,1,0
BRF:14
BRH:0
end_of_record
TN:
SF:app\(tabs)\_layout.tsx
FN:5,TabLayout
FN:30,(anonymous_1)
FN:37,(anonymous_2)
FN:44,(anonymous_3)
FN:51,(anonymous_4)
FN:58,(anonymous_5)
FNF:6
FNH:0
FNDA:0,TabLayout
FNDA:0,(anonymous_1)
FNDA:0,(anonymous_2)
FNDA:0,(anonymous_3)
FNDA:0,(anonymous_4)
FNDA:0,(anonymous_5)
DA:6,0
DA:8,0
DA:30,0
DA:37,0
DA:44,0
DA:51,0
DA:58,0
LF:7
LH:0
BRDA:12,0,0,0
BRDA:12,0,1,0
BRDA:13,1,0,0
BRDA:13,1,1,0
BRDA:16,2,0,0
BRDA:16,2,1,0
BRDA:19,3,0,0
BRDA:19,3,1,0
BRDA:23,4,0,0
BRDA:23,4,1,0
BRF:10
BRH:0
end_of_record
TN:
SF:app\(tabs)\contacts.tsx
FN:36,ContactsScreen
FN:84,(anonymous_1)
FN:90,(anonymous_2)
FN:105,(anonymous_3)
FN:181,(anonymous_4)
FN:183,(anonymous_5)
FN:200,(anonymous_6)
FN:224,(anonymous_7)
FN:234,(anonymous_8)
FN:241,(anonymous_9)
FN:256,(anonymous_10)
FN:268,(anonymous_11)
FN:269,(anonymous_12)
FN:290,(anonymous_13)
FN:326,(anonymous_14)
FN:369,(anonymous_15)
FN:396,(anonymous_16)
FN:397,(anonymous_17)
FN:423,(anonymous_18)
FN:434,(anonymous_19)
FN:435,(anonymous_20)
FN:439,(anonymous_21)
FN:452,(anonymous_22)
FN:475,(anonymous_23)
FN:479,(anonymous_24)
FN:483,(anonymous_25)
FN:485,(anonymous_26)
FN:489,(anonymous_27)
FN:492,(anonymous_28)
FN:534,(anonymous_29)
FN:551,(anonymous_30)
FN:564,(anonymous_31)
FN:582,(anonymous_32)
FN:592,(anonymous_33)
FN:612,(anonymous_34)
FN:624,(anonymous_35)
FN:640,(anonymous_36)
FN:648,(anonymous_37)
FN:651,(anonymous_38)
FN:658,(anonymous_39)
FN:659,(anonymous_40)
FN:659,(anonymous_41)
FN:664,(anonymous_42)
FN:668,(anonymous_43)
FN:675,(anonymous_44)
FN:701,(anonymous_45)
FN:703,(anonymous_46)
FN:703,(anonymous_47)
FN:706,(anonymous_48)
FN:707,(anonymous_49)
FN:710,(anonymous_50)
FN:710,(anonymous_51)
FN:715,(anonymous_52)
FN:715,(anonymous_53)
FN:718,(anonymous_54)
FN:725,(anonymous_55)
FN:735,(anonymous_56)
FN:758,(anonymous_57)
FN:761,(anonymous_58)
FN:765,(anonymous_59)
FN:766,(anonymous_60)
FN:766,(anonymous_61)
FN:773,(anonymous_62)
FN:782,(anonymous_63)
FN:792,(anonymous_64)
FN:800,(anonymous_65)
FN:808,(anonymous_66)
FN:836,(anonymous_67)
FN:863,(anonymous_68)
FN:885,(anonymous_69)
FN:921,(anonymous_70)
FN:945,(anonymous_71)
FN:955,(anonymous_72)
FN:986,(anonymous_73)
FN:995,(anonymous_74)
FN:1006,(anonymous_75)
FN:1025,(anonymous_76)
FNF:77
FNH:0
FNDA:0,ContactsScreen
FNDA:0,(anonymous_1)
FNDA:0,(anonymous_2)
FNDA:0,(anonymous_3)
FNDA:0,(anonymous_4)
FNDA:0,(anonymous_5)
FNDA:0,(anonymous_6)
FNDA:0,(anonymous_7)
FNDA:0,(anonymous_8)
FNDA:0,(anonymous_9)
FNDA:0,(anonymous_10)
FNDA:0,(anonymous_11)
FNDA:0,(anonymous_12)
FNDA:0,(anonymous_13)
FNDA:0,(anonymous_14)
FNDA:0,(anonymous_15)
FNDA:0,(anonymous_16)
FNDA:0,(anonymous_17)
FNDA:0,(anonymous_18)
FNDA:0,(anonymous_19)
FNDA:0,(anonymous_20)
FNDA:0,(anonymous_21)
FNDA:0,(anonymous_22)
FNDA:0,(anonymous_23)
FNDA:0,(anonymous_24)
FNDA:0,(anonymous_25)
FNDA:0,(anonymous_26)
FNDA:0,(anonymous_27)
FNDA:0,(anonymous_28)
FNDA:0,(anonymous_29)
FNDA:0,(anonymous_30)
FNDA:0,(anonymous_31)
FNDA:0,(anonymous_32)
FNDA:0,(anonymous_33)
FNDA:0,(anonymous_34)
FNDA:0,(anonymous_35)
FNDA:0,(anonymous_36)
FNDA:0,(anonymous_37)
FNDA:0,(anonymous_38)
FNDA:0,(anonymous_39)
FNDA:0,(anonymous_40)
FNDA:0,(anonymous_41)
FNDA:0,(anonymous_42)
FNDA:0,(anonymous_43)
FNDA:0,(anonymous_44)
FNDA:0,(anonymous_45)
FNDA:0,(anonymous_46)
FNDA:0,(anonymous_47)
FNDA:0,(anonymous_48)
FNDA:0,(anonymous_49)
FNDA:0,(anonymous_50)
FNDA:0,(anonymous_51)
FNDA:0,(anonymous_52)
FNDA:0,(anonymous_53)
FNDA:0,(anonymous_54)
FNDA:0,(anonymous_55)
FNDA:0,(anonymous_56)
FNDA:0,(anonymous_57)
FNDA:0,(anonymous_58)
FNDA:0,(anonymous_59)
FNDA:0,(anonymous_60)
FNDA:0,(anonymous_61)
FNDA:0,(anonymous_62)
FNDA:0,(anonymous_63)
FNDA:0,(anonymous_64)
FNDA:0,(anonymous_65)
FNDA:0,(anonymous_66)
FNDA:0,(anonymous_67)
FNDA:0,(anonymous_68)
FNDA:0,(anonymous_69)
FNDA:0,(anonymous_70)
FNDA:0,(anonymous_71)
FNDA:0,(anonymous_72)
FNDA:0,(anonymous_73)
FNDA:0,(anonymous_74)
FNDA:0,(anonymous_75)
FNDA:0,(anonymous_76)
DA:37,0
DA:38,0
DA:39,0
DA:40,0
DA:41,0
DA:42,0
DA:43,0
DA:44,0
DA:45,0
DA:46,0
DA:47,0
DA:48,0
DA:49,0
DA:50,0
DA:58,0
DA:59,0
DA:60,0
DA:61,0
DA:62,0
DA:63,0
DA:64,0
DA:79,0
DA:81,0
DA:82,0
DA:84,0
DA:85,0
DA:86,0
DA:87,0
DA:90,0
DA:91,0
DA:92,0
DA:93,0
DA:98,0
DA:99,0
DA:101,0
DA:105,0
DA:106,0
DA:107,0
DA:109,0
DA:147,0
DA:148,0
DA:151,0
DA:152,0
DA:153,0
DA:154,0
DA:155,0
DA:158,0
DA:167,0
DA:179,0
DA:182,0
DA:183,0
DA:195,0
DA:196,0
DA:199,0
DA:201,0
DA:202,0
DA:203,0
DA:206,0
DA:207,0
DA:208,0
DA:210,0
DA:211,0
DA:217,0
DA:218,0
DA:223,0
DA:224,0
DA:226,0
DA:227,0
DA:229,0
DA:230,0
DA:234,0
DA:235,0
DA:236,0
DA:237,0
DA:238,0
DA:240,0
DA:241,0
DA:242,0
DA:243,0
DA:250,0
DA:252,0
DA:256,0
DA:257,0
DA:259,0
DA:260,0
DA:261,0
DA:262,0
DA:263,0
DA:265,0
DA:266,0
DA:267,0
DA:268,0
DA:269,0
DA:278,0
DA:280,0
DA:283,0
DA:284,0
DA:286,0
DA:290,0
DA:291,0
DA:292,0
DA:293,0
DA:294,0
DA:297,0
DA:298,0
DA:299,0
DA:300,0
DA:303,0
DA:306,0
DA:307,0
DA:308,0
DA:309,0
DA:312,0
DA:323,0
DA:324,0
DA:325,0
DA:326,0
DA:329,0
DA:330,0
DA:344,0
DA:345,0
DA:346,0
DA:348,0
DA:353,0
DA:357,0
DA:358,0
DA:360,0
DA:361,0
DA:369,0
DA:370,0
DA:374,0
DA:375,0
DA:385,0
DA:396,0
DA:397,0
DA:398,0
DA:405,0
DA:406,0
DA:407,0
DA:409,0
DA:410,0
DA:415,0
DA:416,0
DA:418,0
DA:423,0
DA:424,0
DA:425,0
DA:426,0
DA:428,0
DA:429,0
DA:431,0
DA:434,0
DA:435,0
DA:436,0
DA:439,0
DA:441,0
DA:447,0
DA:448,0
DA:452,0
DA:453,0
DA:454,0
DA:455,0
DA:457,0
DA:458,0
DA:459,0
DA:461,0
DA:463,0
DA:464,0
DA:470,0
DA:471,0
DA:475,0
DA:476,0
DA:479,0
DA:480,0
DA:482,0
DA:483,0
DA:484,0
DA:485,0
DA:489,0
DA:490,0
DA:492,0
DA:534,0
DA:551,0
DA:565,0
DA:583,0
DA:584,0
DA:592,0
DA:596,0
DA:597,0
DA:612,0
DA:613,0
DA:615,0
DA:616,0
DA:618,0
DA:619,0
DA:620,0
DA:621,0
DA:623,0
DA:624,0
DA:625,0
DA:631,0
DA:633,0
DA:634,0
DA:636,0
DA:640,0
DA:641,0
DA:642,0
DA:643,0
DA:644,0
DA:648,0
DA:649,0
DA:650,0
DA:651,0
DA:655,0
DA:658,0
DA:659,0
DA:660,0
DA:663,0
DA:664,0
DA:665,0
DA:667,0
DA:668,0
DA:675,0
DA:676,0
DA:677,0
DA:678,0
DA:681,0
DA:682,0
DA:684,0
DA:685,0
DA:694,0
DA:696,0
DA:697,0
DA:701,0
DA:702,0
DA:703,0
DA:704,0
DA:706,0
DA:707,0
DA:709,0
DA:710,0
DA:711,0
DA:714,0
DA:715,0
DA:716,0
DA:718,0
DA:725,0
DA:726,0
DA:727,0
DA:729,0
DA:730,0
DA:731,0
DA:733,0
DA:734,0
DA:735,0
DA:754,0
DA:758,0
DA:759,0
DA:760,0
DA:761,0
DA:762,0
DA:765,0
DA:766,0
DA:767,0
DA:769,0
DA:773,0
DA:775,0
DA:776,0
DA:778,0
DA:782,0
DA:783,0
DA:785,0
DA:787,0
DA:792,0
DA:800,0
DA:809,0
DA:836,0
DA:837,0
DA:838,0
DA:845,0
DA:846,0
DA:858,0
DA:864,0
DA:886,0
DA:907,0
DA:908,0
DA:915,0
DA:916,0
DA:922,0
DA:923,0
DA:924,0
DA:932,0
DA:945,0
DA:955,0
DA:986,0
DA:995,0
DA:1007,0
DA:1026,0
DA:1049,0
LF:299
LH:0
BRDA:107,0,0,0
BRDA:107,0,1,0
BRDA:152,1,0,0
BRDA:152,1,1,0
BRDA:182,2,0,0
BRDA:182,2,1,0
BRDA:185,3,0,0
BRDA:185,3,1,0
BRDA:202,4,0,0
BRDA:202,4,1,0
BRDA:210,5,0,0
BRDA:210,5,1,0
BRDA:214,6,0,0
BRDA:214,6,1,0
BRDA:257,7,0,0
BRDA:257,7,1,0
BRDA:257,8,0,0
BRDA:257,8,1,0
BRDA:265,9,0,0
BRDA:265,9,1,0
BRDA:275,10,0,0
BRDA:275,10,1,0
BRDA:292,11,0,0
BRDA:292,11,1,0
BRDA:298,12,0,0
BRDA:298,12,1,0
BRDA:313,13,0,0
BRDA:313,13,1,0
BRDA:314,14,0,0
BRDA:314,14,1,0
BRDA:315,15,0,0
BRDA:315,15,1,0
BRDA:316,16,0,0
BRDA:316,16,1,0
BRDA:317,17,0,0
BRDA:317,17,1,0
BRDA:318,18,0,0
BRDA:318,18,1,0
BRDA:319,19,0,0
BRDA:319,19,1,0
BRDA:345,20,0,0
BRDA:345,20,1,0
BRDA:360,21,0,0
BRDA:360,21,1,0
BRDA:361,22,0,0
BRDA:361,22,1,0
BRDA:370,23,0,0
BRDA:370,23,1,0
BRDA:370,23,2,0
BRDA:374,24,0,0
BRDA:374,24,1,0
BRDA:398,25,0,0
BRDA:398,25,1,0
BRDA:405,26,0,0
BRDA:405,26,1,0
BRDA:405,27,0,0
BRDA:405,27,1,0
BRDA:409,28,0,0
BRDA:409,28,1,0
BRDA:415,29,0,0
BRDA:415,29,1,0
BRDA:426,30,0,0
BRDA:426,30,1,0
BRDA:436,31,0,0
BRDA:436,31,1,0
BRDA:448,32,0,0
BRDA:448,32,1,0
BRDA:455,33,0,0
BRDA:455,33,1,0
BRDA:461,34,0,0
BRDA:461,34,1,0
BRDA:480,35,0,0
BRDA:480,35,1,0
BRDA:484,36,0,0
BRDA:484,36,1,0
BRDA:484,37,0,0
BRDA:484,37,1,0
BRDA:490,38,0,0
BRDA:490,38,1,0
BRDA:494,39,0,0
BRDA:494,39,1,0
BRDA:494,40,0,0
BRDA:494,40,1,0
BRDA:497,41,0,0
BRDA:497,41,1,0
BRDA:498,42,0,0
BRDA:498,42,1,0
BRDA:503,43,0,0
BRDA:503,43,1,0
BRDA:504,44,0,0
BRDA:504,44,1,0
BRDA:505,45,0,0
BRDA:505,45,1,0
BRDA:509,46,0,0
BRDA:509,46,1,0
BRDA:512,47,0,0
BRDA:512,47,1,0
BRDA:517,48,0,0
BRDA:517,48,1,0
BRDA:519,49,0,0
BRDA:519,49,1,0
BRDA:522,50,0,0
BRDA:522,50,1,0
BRDA:523,51,0,0
BRDA:523,51,1,0
BRDA:527,52,0,0
BRDA:527,52,1,0
BRDA:528,53,0,0
BRDA:528,53,1,0
BRDA:535,54,0,0
BRDA:535,54,1,0
BRDA:539,55,0,0
BRDA:539,55,1,0
BRDA:541,56,0,0
BRDA:541,56,1,0
BRDA:544,57,0,0
BRDA:544,57,1,0
BRDA:545,58,0,0
BRDA:545,58,1,0
BRDA:553,59,0,0
BRDA:553,59,1,0
BRDA:558,60,0,0
BRDA:558,60,1,0
BRDA:560,61,0,0
BRDA:560,61,1,0
BRDA:565,62,0,0
BRDA:565,62,1,0
BRDA:566,63,0,0
BRDA:566,63,1,0
BRDA:578,64,0,0
BRDA:578,64,1,0
BRDA:579,65,0,0
BRDA:579,65,1,0
BRDA:579,65,2,0
BRDA:580,66,0,0
BRDA:580,66,1,0
BRDA:583,67,0,0
BRDA:583,67,1,0
BRDA:596,68,0,0
BRDA:596,68,1,0
BRDA:601,69,0,0
BRDA:601,69,1,0
BRDA:602,70,0,0
BRDA:602,70,1,0
BRDA:603,71,0,0
BRDA:603,71,1,0
BRDA:606,72,0,0
BRDA:606,72,1,0
BRDA:613,73,0,0
BRDA:613,73,1,0
BRDA:642,74,0,0
BRDA:642,74,1,0
BRDA:649,75,0,0
BRDA:649,75,1,0
BRDA:650,76,0,0
BRDA:650,76,1,0
BRDA:660,77,0,0
BRDA:660,77,1,0
BRDA:670,78,0,0
BRDA:670,78,1,0
BRDA:677,79,0,0
BRDA:677,79,1,0
BRDA:684,80,0,0
BRDA:684,80,1,0
BRDA:704,81,0,0
BRDA:704,81,1,0
BRDA:711,82,0,0
BRDA:711,82,1,0
BRDA:716,83,0,0
BRDA:716,83,1,0
BRDA:720,84,0,0
BRDA:720,84,1,0
BRDA:727,85,0,0
BRDA:727,85,1,0
BRDA:733,86,0,0
BRDA:733,86,1,0
BRDA:742,87,0,0
BRDA:742,87,1,0
BRDA:744,88,0,0
BRDA:744,88,1,0
BRDA:748,89,0,0
BRDA:748,89,1,0
BRDA:762,90,0,0
BRDA:762,90,1,0
BRDA:767,91,0,0
BRDA:767,91,1,0
BRDA:783,92,0,0
BRDA:783,92,1,0
BRDA:785,93,0,0
BRDA:785,93,1,0
BRDA:793,94,0,0
BRDA:793,94,1,0
BRDA:794,95,0,0
BRDA:794,95,1,0
BRDA:796,96,0,0
BRDA:796,96,1,0
BRDA:802,97,0,0
BRDA:802,97,1,0
BRDA:807,98,0,0
BRDA:807,98,1,0
BRDA:809,99,0,0
BRDA:809,99,1,0
BRDA:810,100,0,0
BRDA:810,100,1,0
BRDA:811,101,0,0
BRDA:811,101,1,0
BRDA:813,102,0,0
BRDA:813,102,1,0
BRDA:816,103,0,0
BRDA:816,103,1,0
BRDA:819,104,0,0
BRDA:819,104,1,0
BRDA:825,105,0,0
BRDA:825,105,1,0
BRDA:837,106,0,0
BRDA:837,106,1,0
BRDA:839,107,0,0
BRDA:839,107,1,0
BRDA:845,108,0,0
BRDA:845,108,1,0
BRDA:847,109,0,0
BRDA:847,109,1,0
BRDA:848,110,0,0
BRDA:848,110,1,0
BRDA:851,111,0,0
BRDA:851,111,1,0
BRDA:859,112,0,0
BRDA:859,112,1,0
BRDA:860,113,0,0
BRDA:860,113,1,0
BRDA:864,114,0,0
BRDA:864,114,1,0
BRDA:866,115,0,0
BRDA:866,115,1,0
BRDA:869,116,0,0
BRDA:869,116,1,0
BRDA:874,117,0,0
BRDA:874,117,1,0
BRDA:877,118,0,0
BRDA:877,118,1,0
BRDA:882,119,0,0
BRDA:882,119,1,0
BRDA:887,120,0,0
BRDA:887,120,1,0
BRDA:890,121,0,0
BRDA:890,121,1,0
BRDA:895,122,0,0
BRDA:895,122,1,0
BRDA:896,123,0,0
BRDA:896,123,1,0
BRDA:907,124,0,0
BRDA:907,124,1,0
BRDA:909,125,0,0
BRDA:909,125,1,0
BRDA:915,126,0,0
BRDA:915,126,1,0
BRDA:917,127,0,0
BRDA:917,127,1,0
BRDA:918,128,0,0
BRDA:918,128,1,0
BRDA:933,129,0,0
BRDA:933,129,1,0
BRDA:934,130,0,0
BRDA:934,130,1,0
BRDA:935,131,0,0
BRDA:935,131,1,0
BRDA:936,132,0,0
BRDA:936,132,1,0
BRDA:938,133,0,0
BRDA:938,133,1,0
BRDA:942,134,0,0
BRDA:942,134,1,0
BRDA:944,135,0,0
BRDA:944,135,1,0
BRDA:946,136,0,0
BRDA:946,136,1,0
BRDA:962,137,0,0
BRDA:962,137,1,0
BRDA:967,138,0,0
BRDA:967,138,1,0
BRDA:982,139,0,0
BRDA:982,139,1,0
BRDA:988,140,0,0
BRDA:988,140,1,0
BRDA:990,141,0,0
BRDA:990,141,1,0
BRDA:997,142,0,0
BRDA:997,142,1,0
BRDA:1003,143,0,0
BRDA:1003,143,1,0
BRDA:1009,144,0,0
BRDA:1009,144,1,0
BRDA:1017,145,0,0
BRDA:1017,145,1,0
BRDA:1020,146,0,0
BRDA:1020,146,1,0
BRDA:1022,147,0,0
BRDA:1022,147,1,0
BRDA:1024,148,0,0
BRDA:1024,148,1,0
BRDA:1028,149,0,0
BRDA:1028,149,1,0
BRDA:1030,150,0,0
BRDA:1030,150,1,0
BRDA:1036,151,0,0
BRDA:1036,151,1,0
BRF:306
BRH:0
end_of_record
TN:
SF:app\(tabs)\create.tsx
FN:4,CreateEventScreen
FN:7,(anonymous_1)
FNF:2
FNH:0
FNDA:0,CreateEventScreen
FNDA:0,(anonymous_1)
DA:5,0
DA:7,0
DA:9,0
DA:15,0
LF:4
LH:0
BRF:0
BRH:0
end_of_record
TN:
SF:app\(tabs)\home.tsx
FN:10,HomeScreen
FN:19,(anonymous_1)
FN:23,(anonymous_2)
FN:28,(anonymous_3)
FN:40,(anonymous_4)
FN:46,(anonymous_5)
FN:47,(anonymous_6)
FN:64,(anonymous_7)
FN:88,(anonymous_8)
FN:102,(anonymous_9)
FN:132,(anonymous_10)
FN:142,(anonymous_11)
FN:153,(anonymous_12)
FN:187,(anonymous_13)
FN:191,(anonymous_14)
FN:234,(anonymous_15)
FN:234,(anonymous_16)
FN:242,(anonymous_17)
FN:242,(anonymous_18)
FN:251,(anonymous_19)
FN:259,(anonymous_20)
FN:261,(anonymous_21)
FNF:22
FNH:0
FNDA:0,HomeScreen
FNDA:0,(anonymous_1)
FNDA:0,(anonymous_2)
FNDA:0,(anonymous_3)
FNDA:0,(anonymous_4)
FNDA:0,(anonymous_5)
FNDA:0,(anonymous_6)
FNDA:0,(anonymous_7)
FNDA:0,(anonymous_8)
FNDA:0,(anonymous_9)
FNDA:0,(anonymous_10)
FNDA:0,(anonymous_11)
FNDA:0,(anonymous_12)
FNDA:0,(anonymous_13)
FNDA:0,(anonymous_14)
FNDA:0,(anonymous_15)
FNDA:0,(anonymous_16)
FNDA:0,(anonymous_17)
FNDA:0,(anonymous_18)
FNDA:0,(anonymous_19)
FNDA:0,(anonymous_20)
FNDA:0,(anonymous_21)
DA:11,0
DA:12,0
DA:13,0
DA:14,0
DA:15,0
DA:16,0
DA:17,0
DA:19,0
DA:20,0
DA:23,0
DA:24,0
DA:25,0
DA:28,0
DA:29,0
DA:41,0
DA:42,0
DA:46,0
DA:47,0
DA:48,0
DA:50,0
DA:51,0
DA:52,0
DA:54,0
DA:64,0
DA:88,0
DA:89,0
DA:90,0
DA:91,0
DA:92,0
DA:94,0
DA:99,0
DA:100,0
DA:102,0
DA:103,0
DA:104,0
DA:105,0
DA:107,0
DA:110,0
DA:111,0
DA:114,0
DA:117,0
DA:118,0
DA:125,0
DA:126,0
DA:133,0
DA:134,0
DA:142,0
DA:143,0
DA:146,0
DA:147,0
DA:153,0
DA:188,0
DA:191,0
DA:229,0
DA:234,0
DA:242,0
DA:252,0
DA:260,0
DA:261,0
DA:284,0
LF:60
LH:0
BRDA:52,0,0,0
BRDA:52,0,1,0
BRDA:59,1,0,0
BRDA:59,1,1,0
BRDA:60,2,0,0
BRDA:60,2,1,0
BRDA:61,3,0,0
BRDA:61,3,1,0
BRDA:62,4,0,0
BRDA:62,4,1,0
BRDA:62,4,2,0
BRDA:64,5,0,0
BRDA:64,5,1,0
BRDA:69,6,0,0
BRDA:69,6,1,0
BRDA:70,7,0,0
BRDA:70,7,1,0
BRDA:71,8,0,0
BRDA:71,8,1,0
BRDA:72,9,0,0
BRDA:72,9,1,0
BRDA:73,10,0,0
BRDA:73,10,1,0
BRDA:77,11,0,0
BRDA:77,11,1,0
BRDA:80,12,0,0
BRDA:80,12,1,0
BRDA:81,13,0,0
BRDA:81,13,1,0
BRDA:103,14,0,0
BRDA:103,14,1,0
BRDA:110,15,0,0
BRDA:110,15,1,0
BRDA:117,16,0,0
BRDA:117,16,1,0
BRDA:119,17,0,0
BRDA:119,17,1,0
BRDA:125,18,0,0
BRDA:125,18,1,0
BRDA:127,19,0,0
BRDA:127,19,1,0
BRDA:129,20,0,0
BRDA:129,20,1,0
BRDA:146,21,0,0
BRDA:146,21,1,0
BRDA:148,22,0,0
BRDA:148,22,1,0
BRDA:149,23,0,0
BRDA:149,23,1,0
BRDA:154,24,0,0
BRDA:154,24,1,0
BRDA:164,25,0,0
BRDA:164,25,1,0
BRDA:167,26,0,0
BRDA:167,26,1,0
BRDA:176,27,0,0
BRDA:176,27,1,0
BRDA:178,28,0,0
BRDA:178,28,1,0
BRDA:179,29,0,0
BRDA:179,29,1,0
BRDA:182,30,0,0
BRDA:182,30,1,0
BRDA:190,31,0,0
BRDA:190,31,1,0
BRDA:193,32,0,0
BRDA:193,32,1,0
BRDA:196,33,0,0
BRDA:196,33,1,0
BRDA:201,34,0,0
BRDA:201,34,1,0
BRDA:204,35,0,0
BRDA:204,35,1,0
BRDA:206,36,0,0
BRDA:206,36,1,0
BRDA:207,37,0,0
BRDA:207,37,1,0
BRDA:213,38,0,0
BRDA:213,38,1,0
BRDA:214,39,0,0
BRDA:214,39,1,0
BRDA:215,40,0,0
BRDA:215,40,1,0
BRDA:216,41,0,0
BRDA:216,41,1,0
BRDA:230,42,0,0
BRDA:230,42,1,0
BRDA:231,43,0,0
BRDA:231,43,1,0
BRDA:236,44,0,0
BRDA:236,44,1,0
BRDA:238,45,0,0
BRDA:238,45,1,0
BRDA:244,46,0,0
BRDA:244,46,1,0
BRDA:249,47,0,0
BRDA:249,47,1,0
BRDA:254,48,0,0
BRDA:254,48,1,0
BRDA:269,49,0,0
BRDA:269,49,1,0
BRF:101
BRH:0
end_of_record
TN:
SF:app\(tabs)\index.tsx
FN:10,CalendarScreen
FN:19,(anonymous_1)
FN:23,(anonymous_2)
FN:28,(anonymous_3)
FN:40,(anonymous_4)
FN:46,(anonymous_5)
FN:47,(anonymous_6)
FN:64,(anonymous_7)
FN:88,(anonymous_8)
FN:102,(anonymous_9)
FN:132,(anonymous_10)
FN:142,(anonymous_11)
FN:153,(anonymous_12)
FN:187,(anonymous_13)
FN:191,(anonymous_14)
FN:234,(anonymous_15)
FN:234,(anonymous_16)
FN:242,(anonymous_17)
FN:242,(anonymous_18)
FN:251,(anonymous_19)
FN:259,(anonymous_20)
FN:261,(anonymous_21)
FNF:22
FNH:0
FNDA:0,CalendarScreen
FNDA:0,(anonymous_1)
FNDA:0,(anonymous_2)
FNDA:0,(anonymous_3)
FNDA:0,(anonymous_4)
FNDA:0,(anonymous_5)
FNDA:0,(anonymous_6)
FNDA:0,(anonymous_7)
FNDA:0,(anonymous_8)
FNDA:0,(anonymous_9)
FNDA:0,(anonymous_10)
FNDA:0,(anonymous_11)
FNDA:0,(anonymous_12)
FNDA:0,(anonymous_13)
FNDA:0,(anonymous_14)
FNDA:0,(anonymous_15)
FNDA:0,(anonymous_16)
FNDA:0,(anonymous_17)
FNDA:0,(anonymous_18)
FNDA:0,(anonymous_19)
FNDA:0,(anonymous_20)
FNDA:0,(anonymous_21)
DA:11,0
DA:12,0
DA:13,0
DA:14,0
DA:15,0
DA:16,0
DA:17,0
DA:19,0
DA:20,0
DA:23,0
DA:24,0
DA:25,0
DA:28,0
DA:29,0
DA:41,0
DA:42,0
DA:46,0
DA:47,0
DA:48,0
DA:50,0
DA:51,0
DA:52,0
DA:54,0
DA:64,0
DA:88,0
DA:89,0
DA:90,0
DA:91,0
DA:92,0
DA:94,0
DA:99,0
DA:100,0
DA:102,0
DA:103,0
DA:104,0
DA:105,0
DA:107,0
DA:110,0
DA:111,0
DA:114,0
DA:117,0
DA:118,0
DA:125,0
DA:126,0
DA:133,0
DA:134,0
DA:142,0
DA:143,0
DA:146,0
DA:147,0
DA:153,0
DA:188,0
DA:191,0
DA:229,0
DA:234,0
DA:242,0
DA:252,0
DA:260,0
DA:261,0
DA:284,0
LF:60
LH:0
BRDA:52,0,0,0
BRDA:52,0,1,0
BRDA:59,1,0,0
BRDA:59,1,1,0
BRDA:60,2,0,0
BRDA:60,2,1,0
BRDA:61,3,0,0
BRDA:61,3,1,0
BRDA:62,4,0,0
BRDA:62,4,1,0
BRDA:62,4,2,0
BRDA:64,5,0,0
BRDA:64,5,1,0
BRDA:69,6,0,0
BRDA:69,6,1,0
BRDA:70,7,0,0
BRDA:70,7,1,0
BRDA:71,8,0,0
BRDA:71,8,1,0
BRDA:72,9,0,0
BRDA:72,9,1,0
BRDA:73,10,0,0
BRDA:73,10,1,0
BRDA:77,11,0,0
BRDA:77,11,1,0
BRDA:80,12,0,0
BRDA:80,12,1,0
BRDA:81,13,0,0
BRDA:81,13,1,0
BRDA:103,14,0,0
BRDA:103,14,1,0
BRDA:110,15,0,0
BRDA:110,15,1,0
BRDA:117,16,0,0
BRDA:117,16,1,0
BRDA:119,17,0,0
BRDA:119,17,1,0
BRDA:125,18,0,0
BRDA:125,18,1,0
BRDA:127,19,0,0
BRDA:127,19,1,0
BRDA:129,20,0,0
BRDA:129,20,1,0
BRDA:146,21,0,0
BRDA:146,21,1,0
BRDA:148,22,0,0
BRDA:148,22,1,0
BRDA:149,23,0,0
BRDA:149,23,1,0
BRDA:154,24,0,0
BRDA:154,24,1,0
BRDA:164,25,0,0
BRDA:164,25,1,0
BRDA:167,26,0,0
BRDA:167,26,1,0
BRDA:176,27,0,0
BRDA:176,27,1,0
BRDA:178,28,0,0
BRDA:178,28,1,0
BRDA:179,29,0,0
BRDA:179,29,1,0
BRDA:182,30,0,0
BRDA:182,30,1,0
BRDA:190,31,0,0
BRDA:190,31,1,0
BRDA:193,32,0,0
BRDA:193,32,1,0
BRDA:196,33,0,0
BRDA:196,33,1,0
BRDA:201,34,0,0
BRDA:201,34,1,0
BRDA:204,35,0,0
BRDA:204,35,1,0
BRDA:206,36,0,0
BRDA:206,36,1,0
BRDA:207,37,0,0
BRDA:207,37,1,0
BRDA:213,38,0,0
BRDA:213,38,1,0
BRDA:214,39,0,0
BRDA:214,39,1,0
BRDA:215,40,0,0
BRDA:215,40,1,0
BRDA:216,41,0,0
BRDA:216,41,1,0
BRDA:230,42,0,0
BRDA:230,42,1,0
BRDA:231,43,0,0
BRDA:231,43,1,0
BRDA:236,44,0,0
BRDA:236,44,1,0
BRDA:238,45,0,0
BRDA:238,45,1,0
BRDA:244,46,0,0
BRDA:244,46,1,0
BRDA:249,47,0,0
BRDA:249,47,1,0
BRDA:254,48,0,0
BRDA:254,48,1,0
BRDA:269,49,0,0
BRDA:269,49,1,0
BRF:101
BRH:0
end_of_record
TN:
SF:app\(tabs)\invitations.tsx
FN:51,mapJsonToEventInvitation
FN:81,InvitationsScreen
FN:94,(anonymous_2)
FN:100,(anonymous_3)
FN:160,(anonymous_4)
FN:161,(anonymous_5)
FN:175,(anonymous_6)
FN:192,(anonymous_7)
FN:203,(anonymous_8)
FN:210,(anonymous_9)
FN:211,(anonymous_10)
FN:215,(anonymous_11)
FN:233,(anonymous_12)
FN:248,(anonymous_13)
FN:262,(anonymous_14)
FN:284,(anonymous_15)
FN:291,(anonymous_16)
FN:296,(anonymous_17)
FN:345,(anonymous_18)
FN:358,(anonymous_19)
FN:405,(anonymous_20)
FN:427,(anonymous_21)
FN:447,(anonymous_22)
FNF:23
FNH:0
FNDA:0,mapJsonToEventInvitation
FNDA:0,InvitationsScreen
FNDA:0,(anonymous_2)
FNDA:0,(anonymous_3)
FNDA:0,(anonymous_4)
FNDA:0,(anonymous_5)
FNDA:0,(anonymous_6)
FNDA:0,(anonymous_7)
FNDA:0,(anonymous_8)
FNDA:0,(anonymous_9)
FNDA:0,(anonymous_10)
FNDA:0,(anonymous_11)
FNDA:0,(anonymous_12)
FNDA:0,(anonymous_13)
FNDA:0,(anonymous_14)
FNDA:0,(anonymous_15)
FNDA:0,(anonymous_16)
FNDA:0,(anonymous_17)
FNDA:0,(anonymous_18)
FNDA:0,(anonymous_19)
FNDA:0,(anonymous_20)
FNDA:0,(anonymous_21)
FNDA:0,(anonymous_22)
DA:52,0
DA:82,0
DA:83,0
DA:84,0
DA:85,0
DA:91,0
DA:92,0
DA:94,0
DA:95,0
DA:96,0
DA:100,0
DA:101,0
DA:102,0
DA:103,0
DA:106,0
DA:107,0
DA:108,0
DA:111,0
DA:112,0
DA:115,0
DA:116,0
DA:117,0
DA:118,0
DA:119,0
DA:124,0
DA:125,0
DA:126,0
DA:127,0
DA:128,0
DA:133,0
DA:134,0
DA:135,0
DA:136,0
DA:137,0
DA:141,0
DA:148,0
DA:149,0
DA:150,0
DA:153,0
DA:154,0
DA:155,0
DA:160,0
DA:161,0
DA:162,0
DA:166,0
DA:168,0
DA:169,0
DA:171,0
DA:175,0
DA:176,0
DA:178,0
DA:179,0
DA:182,0
DA:183,0
DA:185,0
DA:186,0
DA:189,0
DA:192,0
DA:193,0
DA:197,0
DA:203,0
DA:204,0
DA:210,0
DA:211,0
DA:212,0
DA:213,0
DA:214,0
DA:215,0
DA:219,0
DA:221,0
DA:227,0
DA:231,0
DA:232,0
DA:233,0
DA:235,0
DA:236,0
DA:240,0
DA:242,0
DA:243,0
DA:244,0
DA:248,0
DA:249,0
DA:250,0
DA:252,0
DA:253,0
DA:258,0
DA:261,0
DA:262,0
DA:264,0
DA:265,0
DA:266,0
DA:269,0
DA:277,0
DA:279,0
DA:280,0
DA:284,0
DA:285,0
DA:291,0
DA:292,0
DA:296,0
DA:345,0
DA:346,0
DA:348,0
DA:358,0
DA:359,0
DA:361,0
DA:362,0
DA:364,0
DA:379,0
DA:381,0
DA:382,0
DA:388,0
DA:393,0
DA:396,0
DA:397,0
DA:399,0
DA:400,0
DA:405,0
DA:406,0
DA:408,0
DA:409,0
DA:411,0
DA:412,0
DA:415,0
DA:418,0
DA:420,0
DA:422,0
DA:423,0
DA:427,0
DA:428,0
DA:436,0
DA:437,0
DA:447,0
DA:449,0
DA:487,0
LF:135
LH:0
BRDA:55,0,0,0
BRDA:55,0,1,0
BRDA:57,1,0,0
BRDA:57,1,1,0
BRDA:57,2,0,0
BRDA:57,2,1,0
BRDA:62,3,0,0
BRDA:62,3,1,0
BRDA:62,4,0,0
BRDA:62,4,1,0
BRDA:66,5,0,0
BRDA:66,5,1,0
BRDA:68,6,0,0
BRDA:68,6,1,0
BRDA:69,7,0,0
BRDA:69,7,1,0
BRDA:73,8,0,0
BRDA:73,8,1,0
BRDA:73,9,0,0
BRDA:73,9,1,0
BRDA:95,10,0,0
BRDA:95,10,1,0
BRDA:101,11,0,0
BRDA:101,11,1,0
BRDA:115,12,0,0
BRDA:115,12,1,0
BRDA:118,13,0,0
BRDA:118,13,1,0
BRDA:124,14,0,0
BRDA:124,14,1,0
BRDA:124,15,0,0
BRDA:124,15,1,0
BRDA:127,16,0,0
BRDA:127,16,1,0
BRDA:133,17,0,0
BRDA:133,17,1,0
BRDA:136,18,0,0
BRDA:136,18,1,0
BRDA:148,19,0,0
BRDA:148,19,1,0
BRDA:150,20,0,0
BRDA:150,20,1,0
BRDA:176,21,0,0
BRDA:176,21,1,0
BRDA:185,22,0,0
BRDA:185,22,1,0
BRDA:193,23,0,0
BRDA:193,23,1,0
BRDA:212,24,0,0
BRDA:212,24,1,0
BRDA:219,25,0,0
BRDA:219,25,1,0
BRDA:219,26,0,0
BRDA:219,26,1,0
BRDA:231,27,0,0
BRDA:231,27,1,0
BRDA:231,28,0,0
BRDA:231,28,1,0
BRDA:235,29,0,0
BRDA:235,29,1,0
BRDA:252,30,0,0
BRDA:252,30,1,0
BRDA:264,31,0,0
BRDA:264,31,1,0
BRDA:295,32,0,0
BRDA:295,32,1,0
BRDA:299,33,0,0
BRDA:299,33,1,0
BRDA:303,34,0,0
BRDA:303,34,1,0
BRDA:306,35,0,0
BRDA:306,35,1,0
BRDA:309,36,0,0
BRDA:309,36,1,0
BRDA:312,37,0,0
BRDA:312,37,1,0
BRDA:320,38,0,0
BRDA:320,38,1,0
BRDA:321,39,0,0
BRDA:321,39,1,0
BRDA:326,40,0,0
BRDA:326,40,1,0
BRDA:328,41,0,0
BRDA:328,41,1,0
BRDA:329,42,0,0
BRDA:329,42,1,0
BRDA:337,43,0,0
BRDA:337,43,1,0
BRDA:338,44,0,0
BRDA:338,44,1,0
BRDA:340,45,0,0
BRDA:340,45,1,0
BRDA:346,46,0,0
BRDA:346,46,1,0
BRDA:350,47,0,0
BRDA:350,47,1,0
BRDA:370,48,0,0
BRDA:370,48,1,0
BRDA:372,49,0,0
BRDA:372,49,1,0
BRDA:373,50,0,0
BRDA:373,50,1,0
BRDA:379,51,0,0
BRDA:379,51,1,0
BRDA:411,52,0,0
BRDA:411,52,1,0
BRDA:429,53,0,0
BRDA:429,53,1,0
BRDA:430,54,0,0
BRDA:430,54,1,0
BRDA:436,55,0,0
BRDA:436,55,1,0
BRDA:438,56,0,0
BRDA:438,56,1,0
BRDA:441,57,0,0
BRDA:441,57,1,0
BRDA:450,58,0,0
BRDA:450,58,1,0
BRDA:452,59,0,0
BRDA:452,59,1,0
BRDA:453,60,0,0
BRDA:453,60,1,0
BRDA:454,61,0,0
BRDA:454,61,1,0
BRDA:456,62,0,0
BRDA:456,62,1,0
BRDA:460,63,0,0
BRDA:460,63,1,0
BRDA:467,64,0,0
BRDA:467,64,1,0
BRDA:470,65,0,0
BRDA:470,65,1,0
BRDA:472,66,0,0
BRDA:472,66,1,0
BRF:134
BRH:0
end_of_record
TN:
SF:app\(tabs)\settings.tsx
FN:11,SettingsScreen
FN:25,(anonymous_1)
FN:32,(anonymous_2)
FN:43,(anonymous_3)
FN:56,(anonymous_4)
FN:80,(anonymous_5)
FN:106,(anonymous_6)
FN:121,(anonymous_7)
FN:138,(anonymous_8)
FN:144,(anonymous_9)
FN:144,(anonymous_10)
FN:249,(anonymous_11)
FN:259,(anonymous_12)
FN:260,(anonymous_13)
FN:276,(anonymous_14)
FN:319,(anonymous_15)
FN:324,(anonymous_16)
FN:331,(anonymous_17)
FN:331,(anonymous_18)
FN:332,(anonymous_19)
FN:336,(anonymous_20)
FNF:21
FNH:0
FNDA:0,SettingsScreen
FNDA:0,(anonymous_1)
FNDA:0,(anonymous_2)
FNDA:0,(anonymous_3)
FNDA:0,(anonymous_4)
FNDA:0,(anonymous_5)
FNDA:0,(anonymous_6)
FNDA:0,(anonymous_7)
FNDA:0,(anonymous_8)
FNDA:0,(anonymous_9)
FNDA:0,(anonymous_10)
FNDA:0,(anonymous_11)
FNDA:0,(anonymous_12)
FNDA:0,(anonymous_13)
FNDA:0,(anonymous_14)
FNDA:0,(anonymous_15)
FNDA:0,(anonymous_16)
FNDA:0,(anonymous_17)
FNDA:0,(anonymous_18)
FNDA:0,(anonymous_19)
FNDA:0,(anonymous_20)
DA:12,0
DA:13,0
DA:14,0
DA:15,0
DA:16,0
DA:18,0
DA:19,0
DA:20,0
DA:21,0
DA:22,0
DA:23,0
DA:25,0
DA:26,0
DA:27,0
DA:28,0
DA:32,0
DA:33,0
DA:34,0
DA:35,0
DA:36,0
DA:38,0
DA:39,0
DA:43,0
DA:44,0
DA:45,0
DA:46,0
DA:47,0
DA:48,0
DA:51,0
DA:52,0
DA:56,0
DA:57,0
DA:58,0
DA:59,0
DA:60,0
DA:69,0
DA:70,0
DA:73,0
DA:74,0
DA:76,0
DA:80,0
DA:81,0
DA:82,0
DA:83,0
DA:84,0
DA:92,0
DA:93,0
DA:94,0
DA:95,0
DA:99,0
DA:100,0
DA:102,0
DA:106,0
DA:111,0
DA:113,0
DA:114,0
DA:115,0
DA:121,0
DA:122,0
DA:125,0
DA:133,0
DA:134,0
DA:138,0
DA:139,0
DA:141,0
DA:142,0
DA:143,0
DA:144,0
DA:146,0
DA:147,0
DA:151,0
DA:152,0
DA:159,0
DA:249,0
DA:260,0
DA:261,0
DA:263,0
DA:276,0
DA:319,0
DA:324,0
DA:331,0
DA:333,0
DA:336,0
DA:358,0
LF:84
LH:0
BRDA:27,0,0,0
BRDA:27,0,1,0
BRDA:46,1,0,0
BRDA:46,1,1,0
BRDA:47,2,0,0
BRDA:47,2,1,0
BRDA:48,3,0,0
BRDA:48,3,1,0
BRDA:69,4,0,0
BRDA:69,4,1,0
BRDA:92,5,0,0
BRDA:92,5,1,0
BRDA:94,6,0,0
BRDA:94,6,1,0
BRDA:108,7,0,0
BRDA:109,8,0,0
BRDA:111,9,0,0
BRDA:111,9,1,0
BRDA:139,10,0,0
BRDA:139,10,1,0
BRDA:151,11,0,0
BRDA:151,11,1,0
BRDA:153,12,0,0
BRDA:153,12,1,0
BRDA:160,13,0,0
BRDA:160,13,1,0
BRDA:161,14,0,0
BRDA:161,14,1,0
BRDA:168,15,0,0
BRDA:168,15,1,0
BRDA:169,16,0,0
BRDA:169,16,1,0
BRDA:171,17,0,0
BRDA:171,17,1,0
BRDA:172,18,0,0
BRDA:172,18,1,0
BRDA:184,19,0,0
BRDA:184,19,1,0
BRDA:185,20,0,0
BRDA:185,20,1,0
BRDA:187,21,0,0
BRDA:187,21,1,0
BRDA:189,22,0,0
BRDA:189,22,1,0
BRDA:190,23,0,0
BRDA:190,23,1,0
BRDA:200,24,0,0
BRDA:200,24,1,0
BRDA:204,25,0,0
BRDA:204,25,1,0
BRDA:206,26,0,0
BRDA:206,26,1,0
BRDA:208,27,0,0
BRDA:208,27,1,0
BRDA:209,28,0,0
BRDA:209,28,1,0
BRDA:219,29,0,0
BRDA:219,29,1,0
BRDA:219,29,2,0
BRDA:225,30,0,0
BRDA:225,30,1,0
BRDA:226,31,0,0
BRDA:226,31,1,0
BRDA:228,32,0,0
BRDA:228,32,1,0
BRDA:230,33,0,0
BRDA:230,33,1,0
BRDA:231,34,0,0
BRDA:231,34,1,0
BRDA:245,35,0,0
BRDA:245,35,1,0
BRDA:248,36,0,0
BRDA:248,36,1,0
BRDA:251,37,0,0
BRDA:251,37,1,0
BRDA:252,38,0,0
BRDA:252,38,1,0
BRDA:256,39,0,0
BRDA:256,39,1,0
BRDA:261,40,0,0
BRDA:261,40,1,0
BRDA:266,41,0,0
BRDA:266,41,1,0
BRDA:268,42,0,0
BRDA:268,42,1,0
BRDA:271,43,0,0
BRDA:271,43,1,0
BRDA:272,44,0,0
BRDA:272,44,1,0
BRDA:287,45,0,0
BRDA:287,45,1,0
BRDA:288,46,0,0
BRDA:288,46,1,0
BRDA:290,47,0,0
BRDA:290,47,1,0
BRDA:291,48,0,0
BRDA:291,48,1,0
BRDA:293,49,0,0
BRDA:293,49,1,0
BRDA:298,50,0,0
BRDA:298,50,1,0
BRDA:299,51,0,0
BRDA:299,51,1,0
BRDA:301,52,0,0
BRDA:301,52,1,0
BRDA:302,53,0,0
BRDA:302,53,1,0
BRDA:304,54,0,0
BRDA:304,54,1,0
BRDA:309,55,0,0
BRDA:309,55,1,0
BRDA:321,56,0,0
BRDA:321,56,1,0
BRDA:323,57,0,0
BRDA:323,57,1,0
BRDA:325,58,0,0
BRDA:325,58,1,0
BRDA:335,59,0,0
BRDA:335,59,1,0
BRDA:338,60,0,0
BRDA:338,60,1,0
BRDA:341,61,0,0
BRDA:341,61,1,0
BRDA:342,62,0,0
BRDA:342,62,1,0
BRDA:347,63,0,0
BRDA:347,63,1,0
BRF:127
BRH:0
end_of_record
TN:
SF:app\(tabs)\calendar\_layout.tsx
FN:4,CalendarLayout
FNF:1
FNH:0
FNDA:0,CalendarLayout
DA:5,0
DA:7,0
LF:2
LH:0
BRDA:22,0,0,0
BRDA:22,0,1,0
BRDA:25,1,0,0
BRDA:25,1,1,0
BRDA:27,2,0,0
BRDA:27,2,1,0
BRF:6
BRH:0
end_of_record
TN:
SF:app\(tabs)\calendar\event.tsx
FN:25,EventScreen
FN:42,(anonymous_1)
FN:52,(anonymous_2)
FN:73,(anonymous_3)
FN:89,(anonymous_4)
FN:127,(anonymous_5)
FN:156,(anonymous_6)
FN:177,(anonymous_7)
FN:201,(anonymous_8)
FN:290,(anonymous_9)
FN:294,(anonymous_10)
FN:309,(anonymous_11)
FN:314,(anonymous_12)
FN:344,(anonymous_13)
FN:369,(anonymous_14)
FN:385,(anonymous_15)
FN:431,(anonymous_16)
FN:432,(anonymous_17)
FN:438,(anonymous_18)
FN:439,(anonymous_19)
FN:442,(anonymous_20)
FN:443,(anonymous_21)
FN:451,(anonymous_22)
FN:476,(anonymous_23)
FN:487,(anonymous_24)
FN:488,(anonymous_25)
FN:501,(anonymous_26)
FN:502,(anonymous_27)
FN:519,(anonymous_28)
FN:520,(anonymous_29)
FN:533,(anonymous_30)
FN:534,(anonymous_31)
FN:550,(anonymous_32)
FN:560,(anonymous_33)
FN:571,(anonymous_34)
FN:591,(anonymous_35)
FN:618,(anonymous_36)
FN:630,(anonymous_37)
FN:634,(anonymous_38)
FN:671,(anonymous_39)
FN:1118,sendEventNotification
FNF:41
FNH:0
FNDA:0,EventScreen
FNDA:0,(anonymous_1)
FNDA:0,(anonymous_2)
FNDA:0,(anonymous_3)
FNDA:0,(anonymous_4)
FNDA:0,(anonymous_5)
FNDA:0,(anonymous_6)
FNDA:0,(anonymous_7)
FNDA:0,(anonymous_8)
FNDA:0,(anonymous_9)
FNDA:0,(anonymous_10)
FNDA:0,(anonymous_11)
FNDA:0,(anonymous_12)
FNDA:0,(anonymous_13)
FNDA:0,(anonymous_14)
FNDA:0,(anonymous_15)
FNDA:0,(anonymous_16)
FNDA:0,(anonymous_17)
FNDA:0,(anonymous_18)
FNDA:0,(anonymous_19)
FNDA:0,(anonymous_20)
FNDA:0,(anonymous_21)
FNDA:0,(anonymous_22)
FNDA:0,(anonymous_23)
FNDA:0,(anonymous_24)
FNDA:0,(anonymous_25)
FNDA:0,(anonymous_26)
FNDA:0,(anonymous_27)
FNDA:0,(anonymous_28)
FNDA:0,(anonymous_29)
FNDA:0,(anonymous_30)
FNDA:0,(anonymous_31)
FNDA:0,(anonymous_32)
FNDA:0,(anonymous_33)
FNDA:0,(anonymous_34)
FNDA:0,(anonymous_35)
FNDA:0,(anonymous_36)
FNDA:0,(anonymous_37)
FNDA:0,(anonymous_38)
FNDA:0,(anonymous_39)
FNDA:0,sendEventNotification
DA:26,0
DA:27,0
DA:28,0
DA:29,0
DA:30,0
DA:31,0
DA:32,0
DA:33,0
DA:34,0
DA:37,0
DA:38,0
DA:39,0
DA:42,0
DA:43,0
DA:44,0
DA:45,0
DA:46,0
DA:48,0
DA:52,0
DA:53,0
DA:54,0
DA:55,0
DA:58,0
DA:65,0
DA:66,0
DA:67,0
DA:68,0
DA:69,0
DA:70,0
DA:73,0
DA:74,0
DA:75,0
DA:77,0
DA:84,0
DA:85,0
DA:86,0
DA:89,0
DA:90,0
DA:91,0
DA:92,0
DA:95,0
DA:96,0
DA:97,0
DA:100,0
DA:101,0
DA:108,0
DA:115,0
DA:116,0
DA:119,0
DA:120,0
DA:121,0
DA:122,0
DA:123,0
DA:126,0
DA:127,0
DA:129,0
DA:130,0
DA:131,0
DA:132,0
DA:135,0
DA:137,0
DA:139,0
DA:140,0
DA:141,0
DA:142,0
DA:146,0
DA:155,0
DA:156,0
DA:165,0
DA:166,0
DA:167,0
DA:168,0
DA:169,0
DA:172,0
DA:173,0
DA:175,0
DA:177,0
DA:185,0
DA:189,0
DA:190,0
DA:191,0
DA:194,0
DA:195,0
DA:197,0
DA:201,0
DA:202,0
DA:203,0
DA:275,0
DA:278,0
DA:279,0
DA:280,0
DA:281,0
DA:282,0
DA:285,0
DA:290,0
DA:291,0
DA:294,0
DA:303,0
DA:305,0
DA:309,0
DA:310,0
DA:311,0
DA:314,0
DA:315,0
DA:316,0
DA:317,0
DA:320,0
DA:321,0
DA:322,0
DA:323,0
DA:326,0
DA:327,0
DA:328,0
DA:329,0
DA:330,0
DA:333,0
DA:345,0
DA:347,0
DA:350,0
DA:353,0
DA:354,0
DA:356,0
DA:357,0
DA:364,0
DA:365,0
DA:369,0
DA:370,0
DA:371,0
DA:372,0
DA:373,0
DA:374,0
DA:375,0
DA:379,0
DA:385,0
DA:393,0
DA:394,0
DA:395,0
DA:396,0
DA:399,0
DA:400,0
DA:401,0
DA:406,0
DA:408,0
DA:411,0
DA:412,0
DA:413,0
DA:419,0
DA:424,0
DA:426,0
DA:427,0
DA:431,0
DA:432,0
DA:433,0
DA:435,0
DA:438,0
DA:439,0
DA:442,0
DA:443,0
DA:444,0
DA:447,0
DA:449,0
DA:450,0
DA:451,0
DA:454,0
DA:455,0
DA:462,0
DA:476,0
DA:488,0
DA:502,0
DA:520,0
DA:534,0
DA:550,0
DA:561,0
DA:562,0
DA:572,0
DA:591,0
DA:618,0
DA:631,0
DA:634,0
DA:671,0
DA:705,0
DA:1121,0
DA:1122,0
DA:1125,0
LF:184
LH:0
BRDA:30,0,0,0
BRDA:30,0,1,0
BRDA:31,1,0,0
BRDA:31,1,1,0
BRDA:32,2,0,0
BRDA:32,2,1,0
BRDA:33,3,0,0
BRDA:33,3,1,0
BRDA:43,4,0,0
BRDA:43,4,1,0
BRDA:90,5,0,0
BRDA:90,5,1,0
BRDA:95,6,0,0
BRDA:95,6,1,0
BRDA:95,7,0,0
BRDA:95,7,1,0
BRDA:100,8,0,0
BRDA:100,8,1,0
BRDA:121,9,0,0
BRDA:121,9,1,0
BRDA:129,10,0,0
BRDA:129,10,1,0
BRDA:139,11,0,0
BRDA:139,11,1,0
BRDA:150,12,0,0
BRDA:150,12,1,0
BRDA:151,13,0,0
BRDA:151,13,1,0
BRDA:155,14,0,0
BRDA:155,14,1,0
BRDA:157,15,0,0
BRDA:157,15,1,0
BRDA:157,15,2,0
BRDA:158,16,0,0
BRDA:158,16,1,0
BRDA:158,16,2,0
BRDA:159,17,0,0
BRDA:159,17,1,0
BRDA:160,18,0,0
BRDA:160,18,1,0
BRDA:167,19,0,0
BRDA:167,19,1,0
BRDA:175,20,0,0
BRDA:175,20,1,0
BRDA:175,21,0,0
BRDA:175,21,1,0
BRDA:175,21,2,0
BRDA:178,22,0,0
BRDA:178,22,1,0
BRDA:178,22,2,0
BRDA:179,23,0,0
BRDA:179,23,1,0
BRDA:179,23,2,0
BRDA:180,24,0,0
BRDA:180,24,1,0
BRDA:181,25,0,0
BRDA:181,25,1,0
BRDA:202,26,0,0
BRDA:202,26,1,0
BRDA:280,27,0,0
BRDA:280,27,1,0
BRDA:291,28,0,0
BRDA:291,28,1,0
BRDA:295,29,0,0
BRDA:295,29,1,0
BRDA:296,30,0,0
BRDA:296,30,1,0
BRDA:300,31,0,0
BRDA:300,31,1,0
BRDA:315,32,0,0
BRDA:315,32,1,0
BRDA:315,33,0,0
BRDA:315,33,1,0
BRDA:320,34,0,0
BRDA:320,34,1,0
BRDA:328,35,0,0
BRDA:328,35,1,0
BRDA:371,36,0,0
BRDA:371,36,1,0
BRDA:373,37,0,0
BRDA:373,37,1,0
BRDA:380,38,0,0
BRDA:380,38,1,0
BRDA:393,39,0,0
BRDA:393,39,1,0
BRDA:393,40,0,0
BRDA:393,40,1,0
BRDA:395,41,0,0
BRDA:395,41,1,0
BRDA:400,42,0,0
BRDA:400,42,1,0
BRDA:411,43,0,0
BRDA:411,43,1,0
BRDA:411,44,0,0
BRDA:411,44,1,0
BRDA:432,45,0,0
BRDA:432,45,1,0
BRDA:443,46,0,0
BRDA:443,46,1,0
BRDA:447,47,0,0
BRDA:447,47,1,0
BRDA:450,48,0,0
BRDA:450,48,1,0
BRDA:454,49,0,0
BRDA:454,49,1,0
BRDA:456,50,0,0
BRDA:456,50,1,0
BRDA:457,51,0,0
BRDA:457,51,1,0
BRDA:463,52,0,0
BRDA:463,52,1,0
BRDA:465,53,0,0
BRDA:465,53,1,0
BRDA:472,54,0,0
BRDA:472,54,1,0
BRDA:474,55,0,0
BRDA:474,55,1,0
BRDA:474,56,0,0
BRDA:474,56,1,0
BRDA:478,57,0,0
BRDA:478,57,1,0
BRDA:483,58,0,0
BRDA:483,58,1,0
BRDA:484,59,0,0
BRDA:484,59,1,0
BRDA:491,60,0,0
BRDA:491,60,1,0
BRDA:498,61,0,0
BRDA:498,61,1,0
BRDA:505,62,0,0
BRDA:505,62,1,0
BRDA:515,63,0,0
BRDA:515,63,1,0
BRDA:516,64,0,0
BRDA:516,64,1,0
BRDA:523,65,0,0
BRDA:523,65,1,0
BRDA:530,66,0,0
BRDA:530,66,1,0
BRDA:537,67,0,0
BRDA:537,67,1,0
BRDA:547,68,0,0
BRDA:547,68,1,0
BRDA:557,69,0,0
BRDA:557,69,1,0
BRDA:569,70,0,0
BRDA:569,70,1,0
BRDA:570,71,0,0
BRDA:570,71,1,0
BRDA:572,72,0,0
BRDA:572,72,1,0
BRDA:573,73,0,0
BRDA:573,73,1,0
BRDA:573,74,0,0
BRDA:573,74,1,0
BRDA:579,75,0,0
BRDA:579,75,1,0
BRDA:580,76,0,0
BRDA:580,76,1,0
BRDA:584,77,0,0
BRDA:584,77,1,0
BRDA:585,78,0,0
BRDA:585,78,1,0
BRDA:586,79,0,0
BRDA:586,79,1,0
BRDA:598,80,0,0
BRDA:598,80,1,0
BRDA:599,81,0,0
BRDA:599,81,1,0
BRDA:600,82,0,0
BRDA:600,82,1,0
BRDA:605,83,0,0
BRDA:605,83,1,0
BRDA:606,84,0,0
BRDA:606,84,1,0
BRDA:608,85,0,0
BRDA:608,85,1,0
BRDA:610,86,0,0
BRDA:610,86,1,0
BRDA:614,87,0,0
BRDA:614,87,1,0
BRDA:617,88,0,0
BRDA:617,88,1,0
BRDA:619,89,0,0
BRDA:619,89,1,0
BRDA:629,90,0,0
BRDA:629,90,1,0
BRDA:633,91,0,0
BRDA:633,91,1,0
BRDA:635,92,0,0
BRDA:635,92,1,0
BRDA:635,93,0,0
BRDA:635,93,1,0
BRDA:641,94,0,0
BRDA:641,94,1,0
BRDA:642,95,0,0
BRDA:642,95,1,0
BRDA:646,96,0,0
BRDA:646,96,1,0
BRDA:647,97,0,0
BRDA:647,97,1,0
BRDA:648,98,0,0
BRDA:648,98,1,0
BRDA:655,99,0,0
BRDA:655,99,1,0
BRDA:656,100,0,0
BRDA:656,100,1,0
BRDA:667,101,0,0
BRDA:667,101,1,0
BRDA:669,102,0,0
BRDA:669,102,1,0
BRDA:669,103,0,0
BRDA:669,103,1,0
BRDA:673,104,0,0
BRDA:673,104,1,0
BRDA:681,105,0,0
BRDA:681,105,1,0
BRDA:683,106,0,0
BRDA:683,106,1,0
BRDA:691,107,0,0
BRDA:691,107,1,0
BRDA:696,108,0,0
BRDA:696,108,1,0
BRDA:696,109,0,0
BRDA:696,109,1,0
BRF:225
BRH:0
end_of_record
TN:
SF:app\(tabs)\calendar\index.tsx
FN:3,CalendarIndex
FNF:1
FNH:0
FNDA:0,CalendarIndex
DA:5,0
LF:1
LH:0
BRF:0
BRH:0
end_of_record
TN:
SF:app\auth\_layout.tsx
FN:3,AuthLayout
FNF:1
FNH:0
FNDA:0,AuthLayout
DA:4,0
LF:1
LH:0
BRF:0
BRH:0
end_of_record
TN:
SF:app\auth\forgot-password.tsx
FN:9,ForgotPasswordScreen
FN:17,(anonymous_1)
FN:21,(anonymous_2)
FN:62,(anonymous_3)
FN:67,(anonymous_4)
FN:129,(anonymous_5)
FNF:6
FNH:0
FNDA:0,ForgotPasswordScreen
FNDA:0,(anonymous_1)
FNDA:0,(anonymous_2)
FNDA:0,(anonymous_3)
FNDA:0,(anonymous_4)
FNDA:0,(anonymous_5)
DA:10,0
DA:11,0
DA:12,0
DA:13,0
DA:14,0
DA:15,0
DA:17,0
DA:18,0
DA:21,0
DA:22,0
DA:24,0
DA:25,0
DA:26,0
DA:29,0
DA:30,0
DA:31,0
DA:34,0
DA:35,0
DA:37,0
DA:38,0
DA:40,0
DA:42,0
DA:44,0
DA:46,0
DA:47,0
DA:49,0
DA:50,0
DA:52,0
DA:53,0
DA:55,0
DA:58,0
DA:62,0
DA:63,0
DA:64,0
DA:67,0
DA:68,0
DA:71,0
DA:130,0
DA:131,0
DA:186,0
LF:40
LH:0
BRDA:24,0,0,0
BRDA:24,0,1,0
BRDA:29,1,0,0
BRDA:29,1,1,0
BRDA:44,2,0,0
BRDA:44,2,1,0
BRDA:44,2,2,0
BRDA:44,2,3,0
BRDA:72,3,0,0
BRDA:72,3,1,0
BRDA:78,4,0,0
BRDA:78,4,1,0
BRDA:87,5,0,0
BRDA:87,5,1,0
BRDA:88,6,0,0
BRDA:88,6,1,0
BRDA:91,7,0,0
BRDA:91,7,1,0
BRDA:94,8,0,0
BRDA:94,8,1,0
BRDA:104,9,0,0
BRDA:104,9,1,0
BRDA:107,10,0,0
BRDA:107,10,1,0
BRDA:110,11,0,0
BRDA:110,11,1,0
BRDA:111,12,0,0
BRDA:111,12,1,0
BRDA:123,13,0,0
BRDA:123,13,1,0
BRDA:124,14,0,0
BRDA:124,14,1,0
BRDA:125,15,0,0
BRDA:125,15,1,0
BRDA:127,16,0,0
BRDA:127,16,1,0
BRDA:134,17,0,0
BRDA:134,17,1,0
BRDA:141,18,0,0
BRDA:141,18,1,0
BRDA:147,19,0,0
BRDA:147,19,1,0
BRDA:150,20,0,0
BRDA:150,20,1,0
BRDA:164,21,0,0
BRDA:164,21,1,0
BRDA:165,22,0,0
BRDA:165,22,1,0
BRDA:172,23,0,0
BRDA:172,23,1,0
BRF:50
BRH:0
end_of_record
TN:
SF:app\auth\login.tsx
FN:12,LoginScreen
FN:29,(anonymous_1)
FN:40,(anonymous_2)
FN:50,(anonymous_3)
FN:72,(anonymous_4)
FN:99,(anonymous_5)
FN:110,(anonymous_6)
FN:114,(anonymous_7)
FN:171,(anonymous_8)
FN:192,(anonymous_9)
FN:202,(anonymous_10)
FN:250,(anonymous_11)
FNF:12
FNH:0
FNDA:0,LoginScreen
FNDA:0,(anonymous_1)
FNDA:0,(anonymous_2)
FNDA:0,(anonymous_3)
FNDA:0,(anonymous_4)
FNDA:0,(anonymous_5)
FNDA:0,(anonymous_6)
FNDA:0,(anonymous_7)
FNDA:0,(anonymous_8)
FNDA:0,(anonymous_9)
FNDA:0,(anonymous_10)
FNDA:0,(anonymous_11)
DA:10,0
DA:13,0
DA:14,0
DA:15,0
DA:16,0
DA:17,0
DA:18,0
DA:19,0
DA:20,0
DA:21,0
DA:23,0
DA:29,0
DA:30,0
DA:31,0
DA:32,0
DA:34,0
DA:35,0
DA:37,0
DA:40,0
DA:41,0
DA:42,0
DA:44,0
DA:45,0
DA:47,0
DA:50,0
DA:51,0
DA:52,0
DA:53,0
DA:56,0
DA:57,0
DA:58,0
DA:59,0
DA:63,0
DA:64,0
DA:65,0
DA:66,0
DA:69,0
DA:70,0
DA:72,0
DA:75,0
DA:77,0
DA:78,0
DA:80,0
DA:81,0
DA:83,0
DA:84,0
DA:86,0
DA:87,0
DA:89,0
DA:90,0
DA:92,0
DA:95,0
DA:99,0
DA:100,0
DA:101,0
DA:102,0
DA:103,0
DA:106,0
DA:110,0
DA:111,0
DA:114,0
DA:116,0
DA:117,0
DA:118,0
DA:120,0
DA:121,0
DA:124,0
DA:128,0
DA:172,0
DA:173,0
DA:193,0
DA:194,0
DA:202,0
DA:250,0
DA:260,0
LF:75
LH:0
BRDA:31,0,0,0
BRDA:31,0,1,0
BRDA:34,1,0,0
BRDA:34,1,1,0
BRDA:41,2,0,0
BRDA:41,2,1,0
BRDA:44,3,0,0
BRDA:44,3,1,0
BRDA:57,4,0,0
BRDA:57,4,1,0
BRDA:64,5,0,0
BRDA:64,5,1,0
BRDA:75,6,0,0
BRDA:75,6,1,0
BRDA:75,6,2,0
BRDA:75,6,3,0
BRDA:75,6,4,0
BRDA:75,6,5,0
BRDA:86,7,0,0
BRDA:86,7,1,0
BRDA:102,8,0,0
BRDA:102,8,1,0
BRDA:102,9,0,0
BRDA:102,9,1,0
BRDA:120,10,0,0
BRDA:120,10,1,0
BRDA:129,11,0,0
BRDA:129,11,1,0
BRDA:135,12,0,0
BRDA:135,12,1,0
BRDA:143,13,0,0
BRDA:143,13,1,0
BRDA:147,14,0,0
BRDA:147,14,1,0
BRDA:148,15,0,0
BRDA:148,15,1,0
BRDA:151,16,0,0
BRDA:151,16,1,0
BRDA:165,17,0,0
BRDA:165,17,1,0
BRDA:166,18,0,0
BRDA:166,18,1,0
BRDA:167,19,0,0
BRDA:167,19,1,0
BRDA:169,20,0,0
BRDA:169,20,1,0
BRDA:176,21,0,0
BRDA:176,21,1,0
BRDA:186,22,0,0
BRDA:186,22,1,0
BRDA:187,23,0,0
BRDA:187,23,1,0
BRDA:188,24,0,0
BRDA:188,24,1,0
BRDA:190,25,0,0
BRDA:190,25,1,0
BRDA:197,26,0,0
BRDA:197,26,1,0
BRDA:203,27,0,0
BRDA:203,27,1,0
BRDA:204,28,0,0
BRDA:204,28,1,0
BRDA:206,29,0,0
BRDA:206,29,1,0
BRDA:219,30,0,0
BRDA:219,30,1,0
BRDA:223,31,0,0
BRDA:223,31,1,0
BRDA:228,32,0,0
BRDA:228,32,1,0
BRDA:229,33,0,0
BRDA:229,33,1,0
BRDA:230,34,0,0
BRDA:230,34,1,0
BRDA:234,35,0,0
BRDA:234,35,1,0
BRDA:241,36,0,0
BRDA:241,36,1,0
BRDA:247,37,0,0
BRDA:247,37,1,0
BRF:80
BRH:0
end_of_record
TN:
SF:app\auth\register.tsx
FN:25,RegisterScreen
FN:50,(anonymous_1)
FN:91,(anonymous_2)
FN:102,(anonymous_3)
FN:129,(anonymous_4)
FN:133,(anonymous_5)
FN:137,(anonymous_6)
FN:141,(anonymous_7)
FN:144,(anonymous_8)
FN:152,(anonymous_9)
FN:190,(anonymous_10)
FN:191,(anonymous_11)
FN:192,(anonymous_12)
FN:211,(anonymous_13)
FN:212,(anonymous_14)
FN:213,(anonymous_15)
FN:233,(anonymous_16)
FN:234,(anonymous_17)
FN:235,(anonymous_18)
FN:256,(anonymous_19)
FN:257,(anonymous_20)
FN:258,(anonymous_21)
FN:278,(anonymous_22)
FN:279,(anonymous_23)
FN:280,(anonymous_24)
FN:300,(anonymous_25)
FN:301,(anonymous_26)
FN:302,(anonymous_27)
FN:309,(anonymous_28)
FN:337,(anonymous_29)
FN:338,(anonymous_30)
FN:339,(anonymous_31)
FN:346,(anonymous_32)
FN:361,(anonymous_33)
FN:368,(anonymous_34)
FN:372,(anonymous_35)
FN:414,(anonymous_36)
FNF:37
FNH:0
FNDA:0,RegisterScreen
FNDA:0,(anonymous_1)
FNDA:0,(anonymous_2)
FNDA:0,(anonymous_3)
FNDA:0,(anonymous_4)
FNDA:0,(anonymous_5)
FNDA:0,(anonymous_6)
FNDA:0,(anonymous_7)
FNDA:0,(anonymous_8)
FNDA:0,(anonymous_9)
FNDA:0,(anonymous_10)
FNDA:0,(anonymous_11)
FNDA:0,(anonymous_12)
FNDA:0,(anonymous_13)
FNDA:0,(anonymous_14)
FNDA:0,(anonymous_15)
FNDA:0,(anonymous_16)
FNDA:0,(anonymous_17)
FNDA:0,(anonymous_18)
FNDA:0,(anonymous_19)
FNDA:0,(anonymous_20)
FNDA:0,(anonymous_21)
FNDA:0,(anonymous_22)
FNDA:0,(anonymous_23)
FNDA:0,(anonymous_24)
FNDA:0,(anonymous_25)
FNDA:0,(anonymous_26)
FNDA:0,(anonymous_27)
FNDA:0,(anonymous_28)
FNDA:0,(anonymous_29)
FNDA:0,(anonymous_30)
FNDA:0,(anonymous_31)
FNDA:0,(anonymous_32)
FNDA:0,(anonymous_33)
FNDA:0,(anonymous_34)
FNDA:0,(anonymous_35)
FNDA:0,(anonymous_36)
DA:12,0
DA:26,0
DA:35,0
DA:36,0
DA:37,0
DA:38,0
DA:39,0
DA:40,0
DA:41,0
DA:42,0
DA:44,0
DA:50,0
DA:51,0
DA:53,0
DA:54,0
DA:57,0
DA:58,0
DA:61,0
DA:62,0
DA:63,0
DA:64,0
DA:67,0
DA:68,0
DA:69,0
DA:70,0
DA:71,0
DA:72,0
DA:75,0
DA:76,0
DA:79,0
DA:80,0
DA:83,0
DA:84,0
DA:87,0
DA:88,0
DA:91,0
DA:92,0
DA:93,0
DA:94,0
DA:95,0
DA:96,0
DA:97,0
DA:98,0
DA:99,0
DA:102,0
DA:103,0
DA:105,0
DA:106,0
DA:108,0
DA:115,0
DA:120,0
DA:121,0
DA:123,0
DA:126,0
DA:128,0
DA:129,0
DA:130,0
DA:132,0
DA:133,0
DA:134,0
DA:136,0
DA:137,0
DA:138,0
DA:140,0
DA:141,0
DA:142,0
DA:144,0
DA:146,0
DA:148,0
DA:152,0
DA:153,0
DA:154,0
DA:155,0
DA:156,0
DA:157,0
DA:160,0
DA:161,0
DA:165,0
DA:167,0
DA:191,0
DA:192,0
DA:212,0
DA:213,0
DA:234,0
DA:235,0
DA:257,0
DA:258,0
DA:279,0
DA:280,0
DA:301,0
DA:302,0
DA:309,0
DA:338,0
DA:339,0
DA:346,0
DA:361,0
DA:368,0
DA:372,0
DA:414,0
DA:423,0
LF:100
LH:0
BRDA:53,0,0,0
BRDA:53,0,1,0
BRDA:57,1,0,0
BRDA:57,1,1,0
BRDA:61,2,0,0
BRDA:61,2,1,0
BRDA:63,3,0,0
BRDA:63,3,1,0
BRDA:67,4,0,0
BRDA:67,4,1,0
BRDA:69,5,0,0
BRDA:69,5,1,0
BRDA:71,6,0,0
BRDA:71,6,1,0
BRDA:75,7,0,0
BRDA:75,7,1,0
BRDA:79,8,0,0
BRDA:79,8,1,0
BRDA:79,9,0,0
BRDA:79,9,1,0
BRDA:83,10,0,0
BRDA:83,10,1,0
BRDA:92,11,0,0
BRDA:92,11,1,0
BRDA:94,12,0,0
BRDA:94,12,1,0
BRDA:95,13,0,0
BRDA:95,13,1,0
BRDA:96,14,0,0
BRDA:96,14,1,0
BRDA:97,15,0,0
BRDA:97,15,1,0
BRDA:98,16,0,0
BRDA:98,16,1,0
BRDA:103,17,0,0
BRDA:103,17,1,0
BRDA:126,18,0,0
BRDA:126,18,1,0
BRDA:126,18,2,0
BRDA:126,18,3,0
BRDA:126,18,4,0
BRDA:155,19,0,0
BRDA:155,19,1,0
BRDA:168,20,0,0
BRDA:168,20,1,0
BRDA:174,21,0,0
BRDA:174,21,1,0
BRDA:181,22,0,0
BRDA:181,22,1,0
BRDA:184,23,0,0
BRDA:184,23,1,0
BRDA:185,24,0,0
BRDA:185,24,1,0
BRDA:186,25,0,0
BRDA:186,25,1,0
BRDA:188,26,0,0
BRDA:188,26,1,0
BRDA:192,27,0,0
BRDA:192,27,1,0
BRDA:195,28,0,0
BRDA:195,28,1,0
BRDA:199,29,0,0
BRDA:199,29,1,0
BRDA:205,30,0,0
BRDA:205,30,1,0
BRDA:206,31,0,0
BRDA:206,31,1,0
BRDA:207,32,0,0
BRDA:207,32,1,0
BRDA:209,33,0,0
BRDA:209,33,1,0
BRDA:213,34,0,0
BRDA:213,34,1,0
BRDA:216,35,0,0
BRDA:216,35,1,0
BRDA:220,36,0,0
BRDA:220,36,1,0
BRDA:227,37,0,0
BRDA:227,37,1,0
BRDA:228,38,0,0
BRDA:228,38,1,0
BRDA:229,39,0,0
BRDA:229,39,1,0
BRDA:231,40,0,0
BRDA:231,40,1,0
BRDA:235,41,0,0
BRDA:235,41,1,0
BRDA:238,42,0,0
BRDA:238,42,1,0
BRDA:244,43,0,0
BRDA:244,43,1,0
BRDA:250,44,0,0
BRDA:250,44,1,0
BRDA:251,45,0,0
BRDA:251,45,1,0
BRDA:252,46,0,0
BRDA:252,46,1,0
BRDA:254,47,0,0
BRDA:254,47,1,0
BRDA:258,48,0,0
BRDA:258,48,1,0
BRDA:261,49,0,0
BRDA:261,49,1,0
BRDA:266,50,0,0
BRDA:266,50,1,0
BRDA:272,51,0,0
BRDA:272,51,1,0
BRDA:273,52,0,0
BRDA:273,52,1,0
BRDA:274,53,0,0
BRDA:274,53,1,0
BRDA:276,54,0,0
BRDA:276,54,1,0
BRDA:280,55,0,0
BRDA:280,55,1,0
BRDA:283,56,0,0
BRDA:283,56,1,0
BRDA:288,57,0,0
BRDA:288,57,1,0
BRDA:294,58,0,0
BRDA:294,58,1,0
BRDA:295,59,0,0
BRDA:295,59,1,0
BRDA:296,60,0,0
BRDA:296,60,1,0
BRDA:298,61,0,0
BRDA:298,61,1,0
BRDA:302,62,0,0
BRDA:302,62,1,0
BRDA:305,63,0,0
BRDA:305,63,1,0
BRDA:310,64,0,0
BRDA:310,64,1,0
BRDA:311,65,0,0
BRDA:311,65,1,0
BRDA:313,66,0,0
BRDA:313,66,1,0
BRDA:317,67,0,0
BRDA:317,67,1,0
BRDA:320,68,0,0
BRDA:320,68,1,0
BRDA:321,69,0,0
BRDA:321,69,1,0
BRDA:321,70,0,0
BRDA:321,70,1,0
BRDA:325,71,0,0
BRDA:325,71,1,0
BRDA:331,72,0,0
BRDA:331,72,1,0
BRDA:332,73,0,0
BRDA:332,73,1,0
BRDA:333,74,0,0
BRDA:333,74,1,0
BRDA:335,75,0,0
BRDA:335,75,1,0
BRDA:339,76,0,0
BRDA:339,76,1,0
BRDA:342,77,0,0
BRDA:342,77,1,0
BRDA:347,78,0,0
BRDA:347,78,1,0
BRDA:348,79,0,0
BRDA:348,79,1,0
BRDA:350,80,0,0
BRDA:350,80,1,0
BRDA:354,81,0,0
BRDA:354,81,1,0
BRDA:362,82,0,0
BRDA:362,82,1,0
BRDA:363,83,0,0
BRDA:363,83,1,0
BRDA:366,84,0,0
BRDA:366,84,1,0
BRDA:378,85,0,0
BRDA:378,85,1,0
BRDA:383,86,0,0
BRDA:383,86,1,0
BRDA:387,87,0,0
BRDA:387,87,1,0
BRDA:392,88,0,0
BRDA:392,88,1,0
BRDA:393,89,0,0
BRDA:393,89,1,0
BRDA:394,90,0,0
BRDA:394,90,1,0
BRDA:398,91,0,0
BRDA:398,91,1,0
BRDA:405,92,0,0
BRDA:405,92,1,0
BRDA:411,93,0,0
BRDA:411,93,1,0
BRF:191
BRH:0
end_of_record
TN:
SF:app\contact\[id].tsx
FN:9,ContactProfileScreen
FN:22,(anonymous_1)
FN:30,(anonymous_2)
FN:37,(anonymous_3)
FN:57,(anonymous_4)
FN:67,(anonymous_5)
FN:98,(anonymous_6)
FN:105,(anonymous_7)
FN:118,(anonymous_8)
FN:138,(anonymous_9)
FN:143,(anonymous_10)
FN:150,(anonymous_11)
FN:160,(anonymous_12)
FN:160,(anonymous_13)
FN:161,(anonymous_14)
FN:165,(anonymous_15)
FN:186,(anonymous_16)
FN:191,(anonymous_17)
FNF:18
FNH:0
FNDA:0,ContactProfileScreen
FNDA:0,(anonymous_1)
FNDA:0,(anonymous_2)
FNDA:0,(anonymous_3)
FNDA:0,(anonymous_4)
FNDA:0,(anonymous_5)
FNDA:0,(anonymous_6)
FNDA:0,(anonymous_7)
FNDA:0,(anonymous_8)
FNDA:0,(anonymous_9)
FNDA:0,(anonymous_10)
FNDA:0,(anonymous_11)
FNDA:0,(anonymous_12)
FNDA:0,(anonymous_13)
FNDA:0,(anonymous_14)
FNDA:0,(anonymous_15)
FNDA:0,(anonymous_16)
FNDA:0,(anonymous_17)
DA:10,0
DA:11,0
DA:12,0
DA:13,0
DA:14,0
DA:15,0
DA:16,0
DA:17,0
DA:19,0
DA:20,0
DA:22,0
DA:23,0
DA:24,0
DA:25,0
DA:26,0
DA:30,0
DA:31,0
DA:32,0
DA:33,0
DA:37,0
DA:38,0
DA:41,0
DA:42,0
DA:49,0
DA:50,0
DA:57,0
DA:64,0
DA:67,0
DA:98,0
DA:106,0
DA:118,0
DA:138,0
DA:143,0
DA:151,0
DA:152,0
DA:160,0
DA:162,0
DA:165,0
DA:186,0
DA:191,0
DA:222,0
LF:41
LH:0
BRDA:23,0,0,0
BRDA:23,0,1,0
BRDA:31,1,0,0
BRDA:31,1,1,0
BRDA:41,2,0,0
BRDA:41,2,1,0
BRDA:43,3,0,0
BRDA:43,3,1,0
BRDA:49,4,0,0
BRDA:49,4,1,0
BRDA:49,5,0,0
BRDA:49,5,1,0
BRDA:51,6,0,0
BRDA:51,6,1,0
BRDA:52,7,0,0
BRDA:52,7,1,0
BRDA:53,8,0,0
BRDA:53,8,1,0
BRDA:65,9,0,0
BRDA:65,9,1,0
BRDA:66,10,0,0
BRDA:66,10,1,0
BRDA:68,11,0,0
BRDA:68,11,1,0
BRDA:70,12,0,0
BRDA:70,12,1,0
BRDA:74,13,0,0
BRDA:74,13,1,0
BRDA:75,14,0,0
BRDA:75,14,1,0
BRDA:78,15,0,0
BRDA:78,15,1,0
BRDA:79,16,0,0
BRDA:79,16,1,0
BRDA:82,17,0,0
BRDA:82,17,1,0
BRDA:83,18,0,0
BRDA:83,18,1,0
BRDA:84,19,0,0
BRDA:84,19,1,0
BRDA:86,20,0,0
BRDA:86,20,1,0
BRDA:87,21,0,0
BRDA:87,21,1,0
BRDA:93,22,0,0
BRDA:93,22,1,0
BRDA:95,23,0,0
BRDA:95,23,1,0
BRDA:104,24,0,0
BRDA:104,24,1,0
BRDA:106,25,0,0
BRDA:106,25,1,0
BRDA:108,26,0,0
BRDA:108,26,1,0
BRDA:110,27,0,0
BRDA:110,27,1,0
BRDA:111,28,0,0
BRDA:111,28,1,0
BRDA:112,29,0,0
BRDA:112,29,1,0
BRDA:125,30,0,0
BRDA:125,30,1,0
BRDA:126,31,0,0
BRDA:126,31,1,0
BRDA:140,32,0,0
BRDA:140,32,1,0
BRDA:142,33,0,0
BRDA:142,33,1,0
BRDA:144,34,0,0
BRDA:144,34,1,0
BRDA:149,35,0,0
BRDA:149,35,1,0
BRDA:164,36,0,0
BRDA:164,36,1,0
BRDA:166,37,0,0
BRDA:166,37,1,0
BRDA:168,38,0,0
BRDA:168,38,1,0
BRDA:171,39,0,0
BRDA:171,39,1,0
BRDA:172,40,0,0
BRDA:172,40,1,0
BRDA:188,41,0,0
BRDA:188,41,1,0
BRDA:190,42,0,0
BRDA:190,42,1,0
BRDA:192,43,0,0
BRDA:192,43,1,0
BRDA:196,44,0,0
BRDA:196,44,1,0
BRDA:198,45,0,0
BRDA:198,45,1,0
BRDA:200,46,0,0
BRDA:200,46,1,0
BRDA:209,47,0,0
BRDA:209,47,1,0
BRF:96
BRH:0
end_of_record
TN:
SF:app\invitation\[id].tsx
FN:29,InvitationDetailsScreen
FN:39,(anonymous_1)
FN:43,(anonymous_2)
FN:86,(anonymous_3)
FN:129,(anonymous_4)
FN:167,(anonymous_5)
FN:228,(anonymous_6)
FN:282,(anonymous_7)
FN:303,(anonymous_8)
FN:324,(anonymous_9)
FNF:10
FNH:0
FNDA:0,InvitationDetailsScreen
FNDA:0,(anonymous_1)
FNDA:0,(anonymous_2)
FNDA:0,(anonymous_3)
FNDA:0,(anonymous_4)
FNDA:0,(anonymous_5)
FNDA:0,(anonymous_6)
FNDA:0,(anonymous_7)
FNDA:0,(anonymous_8)
FNDA:0,(anonymous_9)
DA:30,0
DA:31,0
DA:32,0
DA:33,0
DA:34,0
DA:35,0
DA:36,0
DA:37,0
DA:39,0
DA:40,0
DA:43,0
DA:44,0
DA:45,0
DA:46,0
DA:49,0
DA:50,0
DA:53,0
DA:54,0
DA:55,0
DA:56,0
DA:57,0
DA:62,0
DA:63,0
DA:64,0
DA:65,0
DA:66,0
DA:71,0
DA:72,0
DA:73,0
DA:74,0
DA:75,0
DA:79,0
DA:80,0
DA:81,0
DA:84,0
DA:85,0
DA:86,0
DA:88,0
DA:89,0
DA:90,0
DA:94,0
DA:95,0
DA:97,0
DA:98,0
DA:99,0
DA:102,0
DA:104,0
DA:120,0
DA:122,0
DA:123,0
DA:125,0
DA:129,0
DA:130,0
DA:131,0
DA:132,0
DA:135,0
DA:138,0
DA:139,0
DA:140,0
DA:141,0
DA:145,0
DA:146,0
DA:147,0
DA:148,0
DA:152,0
DA:153,0
DA:154,0
DA:155,0
DA:158,0
DA:159,0
DA:162,0
DA:163,0
DA:164,0
DA:165,0
DA:166,0
DA:167,0
DA:169,0
DA:170,0
DA:180,0
DA:185,0
DA:186,0
DA:188,0
DA:192,0
DA:193,0
DA:203,0
DA:204,0
DA:220,0
DA:221,0
DA:228,0
DA:237,0
DA:282,0
DA:303,0
DA:324,0
DA:345,0
LF:94
LH:0
BRDA:53,0,0,0
BRDA:53,0,1,0
BRDA:56,1,0,0
BRDA:56,1,1,0
BRDA:62,2,0,0
BRDA:62,2,1,0
BRDA:62,3,0,0
BRDA:62,3,1,0
BRDA:65,4,0,0
BRDA:65,4,1,0
BRDA:71,5,0,0
BRDA:71,5,1,0
BRDA:74,6,0,0
BRDA:74,6,1,0
BRDA:79,7,0,0
BRDA:79,7,1,0
BRDA:85,8,0,0
BRDA:85,8,1,0
BRDA:88,9,0,0
BRDA:88,9,1,0
BRDA:97,10,0,0
BRDA:97,10,1,0
BRDA:107,11,0,0
BRDA:107,11,1,0
BRDA:108,12,0,0
BRDA:108,12,1,0
BRDA:109,13,0,0
BRDA:109,13,1,0
BRDA:110,14,0,0
BRDA:110,14,1,0
BRDA:111,15,0,0
BRDA:111,15,1,0
BRDA:112,16,0,0
BRDA:112,16,1,0
BRDA:114,17,0,0
BRDA:114,17,1,0
BRDA:115,18,0,0
BRDA:115,18,1,0
BRDA:117,19,0,0
BRDA:117,19,1,0
BRDA:138,20,0,0
BRDA:138,20,1,0
BRDA:145,21,0,0
BRDA:145,21,1,0
BRDA:145,22,0,0
BRDA:145,22,1,0
BRDA:152,23,0,0
BRDA:152,23,1,0
BRDA:158,24,0,0
BRDA:158,24,1,0
BRDA:158,25,0,0
BRDA:158,25,1,0
BRDA:162,26,0,0
BRDA:162,26,1,0
BRDA:162,27,0,0
BRDA:162,27,1,0
BRDA:165,28,0,0
BRDA:165,28,1,0
BRDA:169,29,0,0
BRDA:169,29,1,0
BRDA:192,30,0,0
BRDA:192,30,1,0
BRDA:194,31,0,0
BRDA:194,31,1,0
BRDA:197,32,0,0
BRDA:197,32,1,0
BRDA:203,33,0,0
BRDA:203,33,1,0
BRDA:205,34,0,0
BRDA:205,34,1,0
BRDA:206,35,0,0
BRDA:206,35,1,0
BRDA:207,36,0,0
BRDA:207,36,1,0
BRDA:208,37,0,0
BRDA:208,37,1,0
BRDA:210,38,0,0
BRDA:210,38,1,0
BRDA:213,39,0,0
BRDA:213,39,1,0
BRDA:220,40,0,0
BRDA:220,40,1,0
BRDA:222,41,0,0
BRDA:222,41,1,0
BRDA:223,42,0,0
BRDA:223,42,1,0
BRDA:224,43,0,0
BRDA:224,43,1,0
BRDA:225,44,0,0
BRDA:225,44,1,0
BRDA:227,45,0,0
BRDA:227,45,1,0
BRDA:230,46,0,0
BRDA:230,46,1,0
BRDA:238,47,0,0
BRDA:238,47,1,0
BRDA:240,48,0,0
BRDA:240,48,1,0
BRDA:242,49,0,0
BRDA:242,49,1,0
BRDA:243,50,0,0
BRDA:243,50,1,0
BRDA:250,51,0,0
BRDA:250,51,1,0
BRDA:251,52,0,0
BRDA:251,52,1,0
BRDA:256,53,0,0
BRDA:256,53,1,0
BRDA:258,54,0,0
BRDA:258,54,1,0
BRDA:259,55,0,0
BRDA:259,55,1,0
BRDA:266,56,0,0
BRDA:266,56,1,0
BRDA:267,57,0,0
BRDA:267,57,1,0
BRDA:274,58,0,0
BRDA:274,58,1,0
BRDA:279,59,0,0
BRDA:279,59,1,0
BRDA:280,60,0,0
BRDA:280,60,1,0
BRDA:285,61,0,0
BRDA:285,61,1,0
BRDA:289,62,0,0
BRDA:289,62,1,0
BRDA:290,63,0,0
BRDA:290,63,1,0
BRDA:300,64,0,0
BRDA:300,64,1,0
BRDA:301,65,0,0
BRDA:301,65,1,0
BRDA:306,66,0,0
BRDA:306,66,1,0
BRDA:310,67,0,0
BRDA:310,67,1,0
BRDA:311,68,0,0
BRDA:311,68,1,0
BRDA:321,69,0,0
BRDA:321,69,1,0
BRDA:322,70,0,0
BRDA:322,70,1,0
BRDA:327,71,0,0
BRDA:327,71,1,0
BRDA:331,72,0,0
BRDA:331,72,1,0
BRDA:332,73,0,0
BRDA:332,73,1,0
BRF:148
BRH:0
end_of_record
TN:
SF:app\legal\_layout.tsx
FN:4,LegalLayout
FNF:1
FNH:0
FNDA:0,LegalLayout
DA:5,0
DA:7,0
LF:2
LH:0
BRDA:11,0,0,0
BRDA:11,0,1,0
BRDA:13,1,0,0
BRDA:13,1,1,0
BRF:4
BRH:0
end_of_record
TN:
SF:app\legal\privacy.tsx
FN:4,PrivacyPolicy
FNF:1
FNH:0
FNDA:0,PrivacyPolicy
DA:5,0
DA:7,0
DA:156,0
LF:3
LH:0
BRDA:8,0,0,0
BRDA:8,0,1,0
BRDA:10,1,0,0
BRDA:10,1,1,0
BRDA:11,2,0,0
BRDA:11,2,1,0
BRDA:14,3,0,0
BRDA:14,3,1,0
BRDA:15,4,0,0
BRDA:15,4,1,0
BRDA:21,5,0,0
BRDA:21,5,1,0
BRDA:22,6,0,0
BRDA:22,6,1,0
BRDA:23,7,0,0
BRDA:23,7,1,0
BRDA:26,8,0,0
BRDA:26,8,1,0
BRDA:29,9,0,0
BRDA:29,9,1,0
BRDA:32,10,0,0
BRDA:32,10,1,0
BRDA:36,11,0,0
BRDA:36,11,1,0
BRDA:37,12,0,0
BRDA:37,12,1,0
BRDA:40,13,0,0
BRDA:40,13,1,0
BRDA:43,14,0,0
BRDA:43,14,1,0
BRDA:46,15,0,0
BRDA:46,15,1,0
BRDA:52,16,0,0
BRDA:52,16,1,0
BRDA:53,17,0,0
BRDA:53,17,1,0
BRDA:56,18,0,0
BRDA:56,18,1,0
BRDA:59,19,0,0
BRDA:59,19,1,0
BRDA:62,20,0,0
BRDA:62,20,1,0
BRDA:65,21,0,0
BRDA:65,21,1,0
BRDA:71,22,0,0
BRDA:71,22,1,0
BRDA:72,23,0,0
BRDA:72,23,1,0
BRDA:75,24,0,0
BRDA:75,24,1,0
BRDA:78,25,0,0
BRDA:78,25,1,0
BRDA:81,26,0,0
BRDA:81,26,1,0
BRDA:87,27,0,0
BRDA:87,27,1,0
BRDA:88,28,0,0
BRDA:88,28,1,0
BRDA:91,29,0,0
BRDA:91,29,1,0
BRDA:94,30,0,0
BRDA:94,30,1,0
BRDA:97,31,0,0
BRDA:97,31,1,0
BRDA:100,32,0,0
BRDA:100,32,1,0
BRDA:103,33,0,0
BRDA:103,33,1,0
BRDA:109,34,0,0
BRDA:109,34,1,0
BRDA:110,35,0,0
BRDA:110,35,1,0
BRDA:113,36,0,0
BRDA:113,36,1,0
BRDA:119,37,0,0
BRDA:119,37,1,0
BRDA:120,38,0,0
BRDA:120,38,1,0
BRDA:126,39,0,0
BRDA:126,39,1,0
BRDA:127,40,0,0
BRDA:127,40,1,0
BRDA:133,41,0,0
BRDA:133,41,1,0
BRDA:134,42,0,0
BRDA:134,42,1,0
BRDA:140,43,0,0
BRDA:140,43,1,0
BRDA:141,44,0,0
BRDA:141,44,1,0
BRDA:144,45,0,0
BRDA:144,45,1,0
BRDA:147,46,0,0
BRDA:147,46,1,0
BRF:94
BRH:0
end_of_record
TN:
SF:app\legal\terms.tsx
FN:4,TermsOfService
FNF:1
FNH:0
FNDA:0,TermsOfService
DA:5,0
DA:7,0
DA:103,0
LF:3
LH:0
BRDA:8,0,0,0
BRDA:8,0,1,0
BRDA:10,1,0,0
BRDA:10,1,1,0
BRDA:11,2,0,0
BRDA:11,2,1,0
BRDA:14,3,0,0
BRDA:14,3,1,0
BRDA:15,4,0,0
BRDA:15,4,1,0
BRDA:21,5,0,0
BRDA:21,5,1,0
BRDA:22,6,0,0
BRDA:22,6,1,0
BRDA:25,7,0,0
BRDA:25,7,1,0
BRDA:28,8,0,0
BRDA:28,8,1,0
BRDA:34,9,0,0
BRDA:34,9,1,0
BRDA:35,10,0,0
BRDA:35,10,1,0
BRDA:38,11,0,0
BRDA:38,11,1,0
BRDA:41,12,0,0
BRDA:41,12,1,0
BRDA:47,13,0,0
BRDA:47,13,1,0
BRDA:48,14,0,0
BRDA:48,14,1,0
BRDA:51,15,0,0
BRDA:51,15,1,0
BRDA:57,16,0,0
BRDA:57,16,1,0
BRDA:58,17,0,0
BRDA:58,17,1,0
BRDA:61,18,0,0
BRDA:61,18,1,0
BRDA:64,19,0,0
BRDA:64,19,1,0
BRDA:67,20,0,0
BRDA:67,20,1,0
BRDA:70,21,0,0
BRDA:70,21,1,0
BRDA:76,22,0,0
BRDA:76,22,1,0
BRDA:77,23,0,0
BRDA:77,23,1,0
BRDA:80,24,0,0
BRDA:80,24,1,0
BRDA:86,25,0,0
BRDA:86,25,1,0
BRDA:87,26,0,0
BRDA:87,26,1,0
BRDA:93,27,0,0
BRDA:93,27,1,0
BRDA:94,28,0,0
BRDA:94,28,1,0
BRF:58
BRH:0
end_of_record
TN:
SF:components\CalendarView.tsx
FN:38,CalendarView
FN:42,(anonymous_1)
FN:45,(anonymous_2)
FN:69,(anonymous_3)
FN:77,(anonymous_4)
FN:86,(anonymous_5)
FN:144,(anonymous_6)
FN:201,(anonymous_7)
FNF:8
FNH:0
FNDA:0,CalendarView
FNDA:0,(anonymous_1)
FNDA:0,(anonymous_2)
FNDA:0,(anonymous_3)
FNDA:0,(anonymous_4)
FNDA:0,(anonymous_5)
FNDA:0,(anonymous_6)
FNDA:0,(anonymous_7)
DA:39,0
DA:40,0
DA:42,0
DA:43,0
DA:45,0
DA:69,0
DA:70,0
DA:72,0
DA:77,0
DA:86,0
DA:145,0
DA:176,0
DA:201,0
DA:211,0
LF:14
LH:0
BRDA:44,0,0,0
BRDA:44,0,1,0
BRDA:48,1,0,0
BRDA:48,1,1,0
BRDA:54,2,0,0
BRDA:54,2,1,0
BRDA:57,3,0,0
BRDA:57,3,1,0
BRDA:61,4,0,0
BRDA:61,4,1,0
BRDA:62,5,0,0
BRDA:62,5,1,0
BRDA:70,6,0,0
BRDA:70,6,1,0
BRDA:79,7,0,0
BRDA:79,7,1,0
BRDA:80,8,0,0
BRDA:80,8,1,0
BRDA:82,9,0,0
BRDA:82,9,1,0
BRDA:92,10,0,0
BRDA:92,10,1,0
BRDA:97,11,0,0
BRDA:97,11,1,0
BRDA:105,12,0,0
BRDA:105,12,1,0
BRDA:107,13,0,0
BRDA:107,13,1,0
BRDA:113,14,0,0
BRDA:113,14,1,0
BRDA:118,15,0,0
BRDA:118,15,1,0
BRDA:120,16,0,0
BRDA:120,16,1,0
BRDA:126,17,0,0
BRDA:126,17,1,0
BRDA:131,18,0,0
BRDA:131,18,1,0
BRDA:133,19,0,0
BRDA:133,19,1,0
BRDA:139,20,0,0
BRDA:139,20,1,0
BRDA:139,20,2,0
BRDA:141,21,0,0
BRDA:141,21,1,0
BRDA:149,22,0,0
BRDA:149,22,1,0
BRDA:151,23,0,0
BRDA:151,23,1,0
BRDA:152,24,0,0
BRDA:152,24,1,0
BRDA:154,25,0,0
BRDA:154,25,1,0
BRDA:158,26,0,0
BRDA:158,26,1,0
BRDA:159,27,0,0
BRDA:159,27,1,0
BRDA:160,28,0,0
BRDA:160,28,1,0
BRDA:183,29,0,0
BRDA:183,29,1,0
BRDA:184,30,0,0
BRDA:184,30,1,0
BRDA:186,31,0,0
BRDA:186,31,1,0
BRDA:193,32,0,0
BRDA:193,32,1,0
BRF:67
BRH:0
end_of_record
TN:
SF:components\DateTimePicker.tsx
FN:14,DateTimePicker
FN:22,(anonymous_1)
FN:44,(anonymous_2)
FN:79,(anonymous_3)
FNF:4
FNH:0
FNDA:0,DateTimePicker
FNDA:0,(anonymous_1)
FNDA:0,(anonymous_2)
FNDA:0,(anonymous_3)
DA:15,0
DA:18,0
DA:22,0
DA:23,0
DA:24,0
DA:25,0
DA:29,0
DA:30,0
DA:45,0
DA:46,0
DA:47,0
DA:48,0
DA:49,0
DA:51,0
DA:52,0
DA:54,0
DA:55,0
DA:58,0
DA:75,0
DA:79,0
DA:106,0
LF:21
LH:0
BRDA:18,0,0,0
BRDA:18,0,1,0
BRDA:18,1,0,0
BRDA:18,1,1,0
BRDA:24,2,0,0
BRDA:24,2,1,0
BRDA:24,3,0,0
BRDA:24,3,1,0
BRDA:29,4,0,0
BRDA:29,4,1,0
BRDA:31,5,0,0
BRDA:31,5,1,0
BRDA:32,6,0,0
BRDA:32,6,1,0
BRDA:33,7,0,0
BRDA:33,7,1,0
BRDA:35,8,0,0
BRDA:35,8,1,0
BRDA:40,9,0,0
BRDA:40,9,1,0
BRDA:47,10,0,0
BRDA:47,10,1,0
BRDA:54,11,0,0
BRDA:54,11,1,0
BRDA:64,12,0,0
BRDA:64,12,1,0
BRDA:78,13,0,0
BRDA:78,13,1,0
BRDA:80,14,0,0
BRDA:80,14,1,0
BRDA:81,15,0,0
BRDA:81,15,1,0
BRDA:83,16,0,0
BRDA:83,16,1,0
BRDA:85,17,0,0
BRDA:85,17,1,0
BRDA:86,18,0,0
BRDA:86,18,1,0
BRDA:90,19,0,0
BRDA:90,19,1,0
BRDA:93,20,0,0
BRDA:93,20,1,0
BRF:42
BRH:0
end_of_record
TN:
SF:components\LocationAutocomplete.tsx
FN:19,LocationAutocomplete
FN:33,(anonymous_1)
FN:58,(anonymous_2)
FN:74,(anonymous_3)
FN:112,(anonymous_4)
FN:116,(anonymous_5)
FN:122,(anonymous_6)
FN:130,(anonymous_7)
FN:149,(anonymous_8)
FN:180,(anonymous_9)
FN:184,(anonymous_10)
FNF:11
FNH:0
FNDA:0,LocationAutocomplete
FNDA:0,(anonymous_1)
FNDA:0,(anonymous_2)
FNDA:0,(anonymous_3)
FNDA:0,(anonymous_4)
FNDA:0,(anonymous_5)
FNDA:0,(anonymous_6)
FNDA:0,(anonymous_7)
FNDA:0,(anonymous_8)
FNDA:0,(anonymous_9)
FNDA:0,(anonymous_10)
DA:25,0
DA:26,0
DA:27,0
DA:28,0
DA:29,0
DA:30,0
DA:32,0
DA:34,0
DA:35,0
DA:36,0
DA:37,0
DA:40,0
DA:41,0
DA:47,0
DA:48,0
DA:51,0
DA:53,0
DA:54,0
DA:55,0
DA:58,0
DA:63,0
DA:64,0
DA:66,0
DA:67,0
DA:68,0
DA:74,0
DA:75,0
DA:76,0
DA:78,0
DA:79,0
DA:80,0
DA:81,0
DA:82,0
DA:85,0
DA:86,0
DA:89,0
DA:93,0
DA:95,0
DA:96,0
DA:97,0
DA:98,0
DA:99,0
DA:100,0
DA:102,0
DA:105,0
DA:106,0
DA:108,0
DA:112,0
DA:113,0
DA:116,0
DA:117,0
DA:118,0
DA:119,0
DA:122,0
DA:123,0
DA:124,0
DA:125,0
DA:126,0
DA:127,0
DA:130,0
DA:131,0
DA:132,0
DA:133,0
DA:134,0
DA:135,0
DA:138,0
DA:149,0
DA:181,0
DA:184,0
DA:199,0
LF:70
LH:0
BRDA:22,0,0,0
BRDA:23,1,0,0
BRDA:34,2,0,0
BRDA:34,2,1,0
BRDA:47,3,0,0
BRDA:47,3,1,0
BRDA:53,4,0,0
BRDA:53,4,1,0
BRDA:80,5,0,0
BRDA:80,5,1,0
BRDA:95,6,0,0
BRDA:95,6,1,0
BRDA:95,7,0,0
BRDA:95,7,1,0
BRDA:140,8,0,0
BRDA:140,8,1,0
BRDA:141,9,0,0
BRDA:141,9,1,0
BRDA:144,10,0,0
BRDA:144,10,1,0
BRDA:148,11,0,0
BRDA:148,11,1,0
BRDA:151,12,0,0
BRDA:151,12,1,0
BRDA:153,13,0,0
BRDA:153,13,1,0
BRDA:160,14,0,0
BRDA:160,14,1,0
BRDA:161,15,0,0
BRDA:161,15,1,0
BRDA:163,16,0,0
BRDA:163,16,1,0
BRDA:169,17,0,0
BRDA:169,17,1,0
BRDA:170,18,0,0
BRDA:170,18,1,0
BRDA:175,19,0,0
BRDA:175,19,1,0
BRDA:175,19,2,0
BRDA:177,20,0,0
BRDA:177,20,1,0
BRDA:183,21,0,0
BRDA:183,21,1,0
BRDA:185,22,0,0
BRDA:185,22,1,0
BRDA:187,23,0,0
BRDA:187,23,1,0
BRF:47
BRH:0
end_of_record
TN:
SF:components\SharedCalendars.tsx
FN:42,SharedCalendars
FN:50,(anonymous_1)
FN:88,(anonymous_2)
FN:92,(anonymous_3)
FN:97,(anonymous_4)
FN:118,(anonymous_5)
FN:136,(anonymous_6)
FN:145,(anonymous_7)
FN:170,(anonymous_8)
FN:173,(anonymous_9)
FN:212,(anonymous_10)
FN:234,(anonymous_11)
FNF:12
FNH:0
FNDA:0,SharedCalendars
FNDA:0,(anonymous_1)
FNDA:0,(anonymous_2)
FNDA:0,(anonymous_3)
FNDA:0,(anonymous_4)
FNDA:0,(anonymous_5)
FNDA:0,(anonymous_6)
FNDA:0,(anonymous_7)
FNDA:0,(anonymous_8)
FNDA:0,(anonymous_9)
FNDA:0,(anonymous_10)
FNDA:0,(anonymous_11)
DA:43,0
DA:44,0
DA:45,0
DA:46,0
DA:47,0
DA:48,0
DA:50,0
DA:51,0
DA:52,0
DA:54,0
DA:55,0
DA:57,0
DA:58,0
DA:59,0
DA:61,0
DA:62,0
DA:64,0
DA:65,0
DA:66,0
DA:68,0
DA:78,0
DA:81,0
DA:83,0
DA:84,0
DA:88,0
DA:89,0
DA:92,0
DA:93,0
DA:94,0
DA:97,0
DA:98,0
DA:99,0
DA:101,0
DA:102,0
DA:104,0
DA:109,0
DA:111,0
DA:113,0
DA:114,0
DA:118,0
DA:119,0
DA:120,0
DA:122,0
DA:123,0
DA:125,0
DA:129,0
DA:131,0
DA:132,0
DA:136,0
DA:137,0
DA:138,0
DA:139,0
DA:140,0
DA:141,0
DA:144,0
DA:145,0
DA:147,0
DA:148,0
DA:149,0
DA:152,0
DA:153,0
DA:163,0
DA:165,0
DA:166,0
DA:170,0
DA:171,0
DA:173,0
DA:199,0
DA:200,0
DA:207,0
DA:212,0
DA:234,0
DA:241,0
LF:73
LH:0
BRDA:52,0,0,0
BRDA:52,0,1,0
BRDA:52,1,0,0
BRDA:52,1,1,0
BRDA:57,2,0,0
BRDA:57,2,1,0
BRDA:62,3,0,0
BRDA:62,3,1,0
BRDA:66,4,0,0
BRDA:66,4,1,0
BRDA:74,5,0,0
BRDA:74,5,1,0
BRDA:99,6,0,0
BRDA:99,6,1,0
BRDA:120,7,0,0
BRDA:120,7,1,0
BRDA:139,8,0,0
BRDA:139,8,1,0
BRDA:147,9,0,0
BRDA:147,9,1,0
BRDA:172,10,0,0
BRDA:172,10,1,0
BRDA:176,11,0,0
BRDA:176,11,1,0
BRDA:182,12,0,0
BRDA:182,12,1,0
BRDA:185,13,0,0
BRDA:185,13,1,0
BRDA:189,14,0,0
BRDA:189,14,1,0
BRDA:192,15,0,0
BRDA:192,15,1,0
BRDA:199,16,0,0
BRDA:199,16,1,0
BRDA:201,17,0,0
BRDA:201,17,1,0
BRDA:202,18,0,0
BRDA:202,18,1,0
BRDA:208,19,0,0
BRDA:208,19,1,0
BRDA:222,20,0,0
BRDA:222,20,1,0
BRDA:224,21,0,0
BRDA:224,21,1,0
BRDA:230,22,0,0
BRDA:230,22,1,0
BRF:46
BRH:0
end_of_record
TN:
SF:context\AuthContext.tsx
FN:56,(anonymous_0)
FN:57,(anonymous_1)
FN:58,(anonymous_2)
FN:59,(anonymous_3)
FN:62,(anonymous_4)
FN:63,(anonymous_5)
FN:67,useProtectedRoute
FN:71,(anonymous_7)
FN:86,AuthProvider
FN:102,(anonymous_9)
FN:115,(anonymous_10)
FN:127,(anonymous_11)
FN:128,(anonymous_12)
FN:149,(anonymous_13)
FN:150,(anonymous_14)
FN:169,(anonymous_15)
FN:209,(anonymous_16)
FN:216,(anonymous_17)
FN:219,(anonymous_18)
FN:268,(anonymous_19)
FN:307,(anonymous_20)
FN:366,(anonymous_21)
FN:383,(anonymous_22)
FN:420,(anonymous_23)
FN:440,(anonymous_24)
FN:448,(anonymous_25)
FNF:26
FNH:0
FNDA:0,(anonymous_0)
FNDA:0,(anonymous_1)
FNDA:0,(anonymous_2)
FNDA:0,(anonymous_3)
FNDA:0,(anonymous_4)
FNDA:0,(anonymous_5)
FNDA:0,useProtectedRoute
FNDA:0,(anonymous_7)
FNDA:0,AuthProvider
FNDA:0,(anonymous_9)
FNDA:0,(anonymous_10)
FNDA:0,(anonymous_11)
FNDA:0,(anonymous_12)
FNDA:0,(anonymous_13)
FNDA:0,(anonymous_14)
FNDA:0,(anonymous_15)
FNDA:0,(anonymous_16)
FNDA:0,(anonymous_17)
FNDA:0,(anonymous_18)
FNDA:0,(anonymous_19)
FNDA:0,(anonymous_20)
FNDA:0,(anonymous_21)
FNDA:0,(anonymous_22)
FNDA:0,(anonymous_23)
FNDA:0,(anonymous_24)
FNDA:0,(anonymous_25)
DA:24,0
DA:49,0
DA:63,0
DA:68,0
DA:69,0
DA:71,0
DA:72,0
DA:74,0
DA:76,0
DA:78,0
DA:79,0
DA:81,0
DA:87,0
DA:88,0
DA:92,0
DA:93,0
DA:94,0
DA:98,0
DA:100,0
DA:102,0
DA:103,0
DA:104,0
DA:107,0
DA:108,0
DA:109,0
DA:114,0
DA:115,0
DA:120,0
DA:122,0
DA:123,0
DA:127,0
DA:128,0
DA:129,0
DA:130,0
DA:131,0
DA:132,0
DA:133,0
DA:136,0
DA:137,0
DA:142,0
DA:146,0
DA:149,0
DA:150,0
DA:151,0
DA:152,0
DA:154,0
DA:156,0
DA:157,0
DA:160,0
DA:161,0
DA:164,0
DA:168,0
DA:169,0
DA:174,0
DA:176,0
DA:192,0
DA:203,0
DA:204,0
DA:209,0
DA:210,0
DA:211,0
DA:213,0
DA:216,0
DA:219,0
DA:220,0
DA:221,0
DA:222,0
DA:224,0
DA:225,0
DA:226,0
DA:229,0
DA:239,0
DA:240,0
DA:243,0
DA:258,0
DA:259,0
DA:261,0
DA:262,0
DA:264,0
DA:268,0
DA:269,0
DA:270,0
DA:271,0
DA:273,0
DA:274,0
DA:275,0
DA:278,0
DA:288,0
DA:289,0
DA:292,0
DA:297,0
DA:298,0
DA:300,0
DA:301,0
DA:303,0
DA:307,0
DA:308,0
DA:309,0
DA:310,0
DA:313,0
DA:316,0
DA:317,0
DA:318,0
DA:321,0
DA:324,0
DA:325,0
DA:328,0
DA:329,0
DA:332,0
DA:333,0
DA:335,0
DA:336,0
DA:345,0
DA:351,0
DA:352,0
DA:353,0
DA:354,0
DA:355,0
DA:356,0
DA:358,0
DA:359,0
DA:362,0
DA:366,0
DA:367,0
DA:368,0
DA:369,0
DA:370,0
DA:371,0
DA:372,0
DA:373,0
DA:374,0
DA:376,0
DA:377,0
DA:379,0
DA:383,0
DA:384,0
DA:385,0
DA:386,0
DA:390,0
DA:393,0
DA:394,0
DA:395,0
DA:396,0
DA:399,0
DA:400,0
DA:403,0
DA:405,0
DA:406,0
DA:412,0
DA:413,0
DA:420,0
DA:421,0
DA:422,0
DA:424,0
DA:428,0
DA:440,0
DA:448,0
LF:157
LH:0
BRDA:72,0,0,0
BRDA:72,0,1,0
BRDA:76,1,0,0
BRDA:76,1,1,0
BRDA:76,2,0,0
BRDA:76,2,1,0
BRDA:79,3,0,0
BRDA:79,3,1,0
BRDA:79,4,0,0
BRDA:79,4,1,0
BRDA:103,5,0,0
BRDA:103,5,1,0
BRDA:108,6,0,0
BRDA:108,6,1,0
BRDA:131,7,0,0
BRDA:131,7,1,0
BRDA:136,8,0,0
BRDA:136,8,1,0
BRDA:136,8,2,0
BRDA:154,9,0,0
BRDA:154,9,1,0
BRDA:174,10,0,0
BRDA:174,10,1,0
BRDA:178,11,0,0
BRDA:178,11,1,0
BRDA:179,12,0,0
BRDA:179,12,1,0
BRDA:180,13,0,0
BRDA:180,13,1,0
BRDA:194,14,0,0
BRDA:194,14,1,0
BRDA:195,15,0,0
BRDA:195,15,1,0
BRDA:196,16,0,0
BRDA:196,16,1,0
BRDA:210,17,0,0
BRDA:210,17,1,0
BRDA:225,18,0,0
BRDA:225,18,1,0
BRDA:230,19,0,0
BRDA:230,19,1,0
BRDA:231,20,0,0
BRDA:231,20,1,0
BRDA:232,21,0,0
BRDA:232,21,1,0
BRDA:233,22,0,0
BRDA:233,22,1,0
BRDA:234,23,0,0
BRDA:234,23,1,0
BRDA:235,24,0,0
BRDA:235,24,1,0
BRDA:236,25,0,0
BRDA:236,25,1,0
BRDA:245,26,0,0
BRDA:245,26,1,0
BRDA:247,27,0,0
BRDA:247,27,1,0
BRDA:274,28,0,0
BRDA:274,28,1,0
BRDA:279,29,0,0
BRDA:279,29,1,0
BRDA:280,30,0,0
BRDA:280,30,1,0
BRDA:281,31,0,0
BRDA:281,31,1,0
BRDA:282,32,0,0
BRDA:282,32,1,0
BRDA:283,33,0,0
BRDA:283,33,1,0
BRDA:284,34,0,0
BRDA:284,34,1,0
BRDA:285,35,0,0
BRDA:285,35,1,0
BRDA:335,36,0,0
BRDA:335,36,1,0
BRDA:351,37,0,0
BRDA:351,37,1,0
BRDA:353,38,0,0
BRDA:353,38,1,0
BRDA:355,39,0,0
BRDA:355,39,1,0
BRDA:385,40,0,0
BRDA:385,40,1,0
BRDA:394,41,0,0
BRDA:394,41,1,0
BRDA:405,42,0,0
BRDA:405,42,1,0
BRDA:421,43,0,0
BRDA:421,43,1,0
BRF:89
BRH:0
end_of_record
TN:
SF:context\CalendarContext.tsx
FN:45,(anonymous_0)
FN:46,(anonymous_1)
FN:49,CalendarProvider
FN:54,(anonymous_3)
FN:107,(anonymous_4)
FN:114,(anonymous_5)
FN:129,(anonymous_6)
FN:142,(anonymous_7)
FN:173,(anonymous_8)
FN:190,(anonymous_9)
FNF:10
FNH:0
FNDA:0,(anonymous_0)
FNDA:0,(anonymous_1)
FNDA:0,CalendarProvider
FNDA:0,(anonymous_3)
FNDA:0,(anonymous_4)
FNDA:0,(anonymous_5)
FNDA:0,(anonymous_6)
FNDA:0,(anonymous_7)
FNDA:0,(anonymous_8)
FNDA:0,(anonymous_9)
DA:41,0
DA:50,0
DA:51,0
DA:52,0
DA:54,0
DA:55,0
DA:56,0
DA:58,0
DA:59,0
DA:60,0
DA:93,0
DA:94,0
DA:97,0
DA:98,0
DA:99,0
DA:102,0
DA:103,0
DA:104,0
DA:106,0
DA:108,0
DA:114,0
DA:129,0
DA:142,0
DA:143,0
DA:146,0
DA:151,0
DA:153,0
DA:155,0
DA:156,0
DA:159,0
DA:160,0
DA:161,0
DA:163,0
DA:166,0
DA:169,0
DA:173,0
DA:174,0
DA:177,0
DA:190,0
LF:39
LH:0
BRDA:59,0,0,0
BRDA:59,0,1,0
BRDA:98,1,0,0
BRDA:98,1,1,0
BRDA:125,2,0,0
BRDA:125,2,1,0
BRDA:159,3,0,0
BRDA:159,3,1,0
BRF:8
BRH:0
end_of_record
TN:
SF:context\ContactsContext.tsx
FN:34,(anonymous_0)
FN:35,(anonymous_1)
FN:36,(anonymous_2)
FN:122,ContactsProvider
FN:127,(anonymous_4)
FN:131,(anonymous_5)
FN:145,(anonymous_6)
FN:146,(anonymous_7)
FN:150,(anonymous_8)
FN:173,(anonymous_9)
FN:174,(anonymous_10)
FN:177,(anonymous_11)
FN:183,(anonymous_12)
FN:201,(anonymous_13)
FNF:14
FNH:0
FNDA:0,(anonymous_0)
FNDA:0,(anonymous_1)
FNDA:0,(anonymous_2)
FNDA:0,ContactsProvider
FNDA:0,(anonymous_4)
FNDA:0,(anonymous_5)
FNDA:0,(anonymous_6)
FNDA:0,(anonymous_7)
FNDA:0,(anonymous_8)
FNDA:0,(anonymous_9)
FNDA:0,(anonymous_10)
FNDA:0,(anonymous_11)
FNDA:0,(anonymous_12)
FNDA:0,(anonymous_13)
DA:30,0
DA:34,0
DA:39,0
DA:123,0
DA:124,0
DA:125,0
DA:127,0
DA:128,0
DA:131,0
DA:132,0
DA:133,0
DA:134,0
DA:135,0
DA:144,0
DA:145,0
DA:146,0
DA:150,0
DA:159,0
DA:162,0
DA:165,0
DA:167,0
DA:169,0
DA:173,0
DA:174,0
DA:177,0
DA:178,0
DA:179,0
DA:180,0
DA:183,0
DA:184,0
DA:187,0
DA:201,0
LF:32
LH:0
BRDA:134,0,0,0
BRDA:134,0,1,0
BRDA:148,1,0,0
BRDA:148,1,1,0
BRDA:151,2,0,0
BRDA:151,2,1,0
BRDA:152,3,0,0
BRDA:152,3,1,0
BRDA:156,4,0,0
BRDA:156,4,1,0
BRF:10
BRH:0
end_of_record
TN:
SF:context\GroupContext.tsx
FN:32,(anonymous_0)
FN:33,(anonymous_1)
FN:34,(anonymous_2)
FN:35,(anonymous_3)
FN:36,(anonymous_4)
FN:39,GroupProvider
FN:44,(anonymous_6)
FN:50,(anonymous_7)
FN:55,(anonymous_8)
FN:67,(anonymous_9)
FN:78,(anonymous_10)
FN:84,(anonymous_11)
FN:89,(anonymous_12)
FN:89,(anonymous_13)
FN:95,(anonymous_14)
FN:100,(anonymous_15)
FN:100,(anonymous_16)
FN:101,(anonymous_17)
FN:114,(anonymous_18)
FN:119,(anonymous_19)
FN:119,(anonymous_20)
FN:123,(anonymous_21)
FN:133,(anonymous_22)
FN:134,(anonymous_23)
FN:135,(anonymous_24)
FN:153,(anonymous_25)
FNF:26
FNH:0
FNDA:0,(anonymous_0)
FNDA:0,(anonymous_1)
FNDA:0,(anonymous_2)
FNDA:0,(anonymous_3)
FNDA:0,(anonymous_4)
FNDA:0,GroupProvider
FNDA:0,(anonymous_6)
FNDA:0,(anonymous_7)
FNDA:0,(anonymous_8)
FNDA:0,(anonymous_9)
FNDA:0,(anonymous_10)
FNDA:0,(anonymous_11)
FNDA:0,(anonymous_12)
FNDA:0,(anonymous_13)
FNDA:0,(anonymous_14)
FNDA:0,(anonymous_15)
FNDA:0,(anonymous_16)
FNDA:0,(anonymous_17)
FNDA:0,(anonymous_18)
FNDA:0,(anonymous_19)
FNDA:0,(anonymous_20)
FNDA:0,(anonymous_21)
FNDA:0,(anonymous_22)
FNDA:0,(anonymous_23)
FNDA:0,(anonymous_24)
FNDA:0,(anonymous_25)
DA:30,0
DA:36,0
DA:40,0
DA:41,0
DA:42,0
DA:44,0
DA:45,0
DA:46,0
DA:50,0
DA:51,0
DA:53,0
DA:54,0
DA:55,0
DA:61,0
DA:63,0
DA:67,0
DA:68,0
DA:70,0
DA:71,0
DA:72,0
DA:78,0
DA:80,0
DA:84,0
DA:85,0
DA:87,0
DA:88,0
DA:89,0
DA:91,0
DA:95,0
DA:96,0
DA:98,0
DA:99,0
DA:100,0
DA:101,0
DA:102,0
DA:107,0
DA:110,0
DA:114,0
DA:115,0
DA:117,0
DA:118,0
DA:119,0
DA:120,0
DA:121,0
DA:123,0
DA:126,0
DA:129,0
DA:133,0
DA:134,0
DA:135,0
DA:139,0
DA:153,0
LF:52
LH:0
BRDA:42,0,0,0
BRDA:42,0,1,0
BRDA:45,1,0,0
BRDA:45,1,1,0
BRDA:51,2,0,0
BRDA:51,2,1,0
BRDA:68,3,0,0
BRDA:68,3,1,0
BRDA:85,4,0,0
BRDA:85,4,1,0
BRDA:96,5,0,0
BRDA:96,5,1,0
BRDA:101,6,0,0
BRDA:101,6,1,0
BRDA:101,7,0,0
BRDA:101,7,1,0
BRDA:115,8,0,0
BRDA:115,8,1,0
BRDA:120,9,0,0
BRDA:120,9,1,0
BRF:20
BRH:0
end_of_record
TN:
SF:context\NotificationContext.tsx
FN:22,(anonymous_0)
FN:23,(anonymous_1)
FN:24,(anonymous_2)
FN:25,(anonymous_3)
FN:28,NotificationProvider
FN:36,(anonymous_5)
FN:42,(anonymous_6)
FN:60,(anonymous_7)
FN:82,(anonymous_8)
FN:106,(anonymous_9)
FN:117,(anonymous_10)
FN:133,(anonymous_11)
FN:152,(anonymous_12)
FN:183,(anonymous_13)
FNF:14
FNH:0
FNDA:0,(anonymous_0)
FNDA:0,(anonymous_1)
FNDA:0,(anonymous_2)
FNDA:0,(anonymous_3)
FNDA:0,NotificationProvider
FNDA:0,(anonymous_5)
FNDA:0,(anonymous_6)
FNDA:0,(anonymous_7)
FNDA:0,(anonymous_8)
FNDA:0,(anonymous_9)
FNDA:0,(anonymous_10)
FNDA:0,(anonymous_11)
FNDA:0,(anonymous_12)
FNDA:0,(anonymous_13)
DA:17,0
DA:29,0
DA:30,0
DA:31,0
DA:32,0
DA:34,0
DA:36,0
DA:37,0
DA:38,0
DA:42,0
DA:43,0
DA:44,0
DA:45,0
DA:48,0
DA:49,0
DA:50,0
DA:51,0
DA:53,0
DA:54,0
DA:56,0
DA:60,0
DA:61,0
DA:62,0
DA:65,0
DA:66,0
DA:67,0
DA:69,0
DA:70,0
DA:75,0
DA:78,0
DA:79,0
DA:81,0
DA:82,0
DA:87,0
DA:89,0
DA:90,0
DA:96,0
DA:99,0
DA:100,0
DA:102,0
DA:106,0
DA:107,0
DA:108,0
DA:111,0
DA:112,0
DA:113,0
DA:114,0
DA:116,0
DA:117,0
DA:121,0
DA:123,0
DA:126,0
DA:127,0
DA:129,0
DA:133,0
DA:139,0
DA:140,0
DA:143,0
DA:144,0
DA:145,0
DA:147,0
DA:148,0
DA:152,0
DA:153,0
DA:154,0
DA:157,0
DA:158,0
DA:159,0
DA:161,0
DA:162,0
DA:166,0
DA:183,0
LF:72
LH:0
BRDA:34,0,0,0
BRDA:34,0,1,0
BRDA:37,1,0,0
BRDA:37,1,1,0
BRDA:43,2,0,0
BRDA:43,2,1,0
BRDA:43,3,0,0
BRDA:43,3,1,0
BRDA:61,4,0,0
BRDA:61,4,1,0
BRDA:61,5,0,0
BRDA:61,5,1,0
BRDA:61,5,2,0
BRDA:69,6,0,0
BRDA:69,6,1,0
BRDA:81,7,0,0
BRDA:81,7,1,0
BRDA:82,8,0,0
BRDA:82,8,1,0
BRDA:85,9,0,0
BRDA:85,9,1,0
BRDA:89,10,0,0
BRDA:89,10,1,0
BRDA:107,11,0,0
BRDA:107,11,1,0
BRDA:107,12,0,0
BRDA:107,12,1,0
BRDA:107,12,2,0
BRDA:107,12,3,0
BRDA:116,13,0,0
BRDA:116,13,1,0
BRDA:117,14,0,0
BRDA:117,14,1,0
BRDA:139,15,0,0
BRDA:139,15,1,0
BRDA:139,16,0,0
BRDA:139,16,1,0
BRDA:139,16,2,0
BRDA:153,17,0,0
BRDA:153,17,1,0
BRDA:153,18,0,0
BRDA:153,18,1,0
BRDA:169,19,0,0
BRDA:169,19,1,0
BRDA:170,20,0,0
BRDA:170,20,1,0
BRF:46
BRH:0
end_of_record
TN:
SF:context\ThemeContext.tsx
FN:11,(anonymous_0)
FN:14,ThemeProvider
FN:18,(anonymous_2)
FN:22,(anonymous_3)
FN:23,(anonymous_4)
FN:33,(anonymous_5)
FNF:6
FNH:0
FNDA:0,(anonymous_0)
FNDA:0,ThemeProvider
FNDA:0,(anonymous_2)
FNDA:0,(anonymous_3)
FNDA:0,(anonymous_4)
FNDA:0,(anonymous_5)
DA:9,0
DA:15,0
DA:16,0
DA:18,0
DA:19,0
DA:22,0
DA:23,0
DA:26,0
DA:33,0
LF:9
LH:0
BRF:0
BRH:0
end_of_record
TN:
SF:hooks\useCalendarSync.ts
FN:5,useCalendarSync
FN:11,(anonymous_1)
FNF:2
FNH:0
FNDA:0,useCalendarSync
FNDA:0,(anonymous_1)
DA:6,0
DA:7,0
DA:8,0
DA:9,0
DA:11,0
DA:12,0
DA:13,0
DA:14,0
DA:17,0
DA:18,0
DA:20,0
DA:21,0
DA:22,0
DA:24,0
DA:26,0
DA:27,0
DA:30,0
DA:32,0
DA:33,0
DA:34,0
DA:36,0
DA:40,0
LF:22
LH:0
BRDA:12,0,0,0
BRDA:12,0,1,0
BRDA:26,1,0,0
BRDA:26,1,1,0
BRDA:32,2,0,0
BRDA:32,2,1,0
BRF:6
BRH:0
end_of_record
TN:
SF:hooks\useEventSync.ts
FN:5,useEventSync
FN:12,(anonymous_1)
FN:33,(anonymous_2)
FN:57,(anonymous_3)
FNF:4
FNH:0
FNDA:0,useEventSync
FNDA:0,(anonymous_1)
FNDA:0,(anonymous_2)
FNDA:0,(anonymous_3)
DA:6,0
DA:7,0
DA:8,0
DA:10,0
DA:12,0
DA:13,0
DA:14,0
DA:15,0
DA:18,0
DA:19,0
DA:21,0
DA:22,0
DA:23,0
DA:25,0
DA:26,0
DA:27,0
DA:29,0
DA:33,0
DA:37,0
DA:38,0
DA:39,0
DA:42,0
DA:43,0
DA:45,0
DA:46,0
DA:47,0
DA:49,0
DA:50,0
DA:51,0
DA:53,0
DA:57,0
DA:58,0
DA:59,0
DA:60,0
DA:63,0
DA:64,0
DA:66,0
DA:67,0
DA:68,0
DA:70,0
DA:71,0
DA:72,0
DA:74,0
DA:78,0
LF:44
LH:0
BRDA:10,0,0,0
BRDA:10,0,1,0
BRDA:13,1,0,0
BRDA:13,1,1,0
BRDA:25,2,0,0
BRDA:25,2,1,0
BRDA:37,3,0,0
BRDA:37,3,1,0
BRDA:49,4,0,0
BRDA:49,4,1,0
BRDA:58,5,0,0
BRDA:58,5,1,0
BRDA:70,6,0,0
BRDA:70,6,1,0
BRF:14
BRH:0
end_of_record
TN:
SF:hooks\useFrameworkReady.ts
FN:9,useFrameworkReady
FN:10,(anonymous_1)
FNF:2
FNH:0
FNDA:0,useFrameworkReady
FNDA:0,(anonymous_1)
DA:10,0
DA:11,0
LF:2
LH:0
BRF:0
BRH:0
end_of_record
TN:
SF:hooks\useGroups.ts
FN:6,useGroups
FN:13,(anonymous_1)
FN:37,(anonymous_2)
FN:61,(anonymous_3)
FN:85,(anonymous_4)
FN:106,(anonymous_5)
FNF:6
FNH:0
FNDA:0,useGroups
FNDA:0,(anonymous_1)
FNDA:0,(anonymous_2)
FNDA:0,(anonymous_3)
FNDA:0,(anonymous_4)
FNDA:0,(anonymous_5)
DA:7,0
DA:8,0
DA:9,0
DA:11,0
DA:13,0
DA:17,0
DA:18,0
DA:19,0
DA:22,0
DA:23,0
DA:25,0
DA:26,0
DA:27,0
DA:29,0
DA:30,0
DA:31,0
DA:33,0
DA:37,0
DA:41,0
DA:42,0
DA:43,0
DA:46,0
DA:47,0
DA:49,0
DA:50,0
DA:51,0
DA:53,0
DA:54,0
DA:55,0
DA:57,0
DA:61,0
DA:65,0
DA:66,0
DA:67,0
DA:70,0
DA:71,0
DA:73,0
DA:74,0
DA:75,0
DA:77,0
DA:78,0
DA:79,0
DA:81,0
DA:85,0
DA:86,0
DA:87,0
DA:88,0
DA:91,0
DA:92,0
DA:94,0
DA:95,0
DA:96,0
DA:98,0
DA:99,0
DA:100,0
DA:102,0
DA:106,0
DA:109,0
DA:110,0
DA:111,0
DA:114,0
DA:115,0
DA:117,0
DA:118,0
DA:119,0
DA:121,0
DA:122,0
DA:123,0
DA:125,0
DA:129,0
LF:70
LH:0
BRDA:11,0,0,0
BRDA:11,0,1,0
BRDA:17,1,0,0
BRDA:17,1,1,0
BRDA:29,2,0,0
BRDA:29,2,1,0
BRDA:41,3,0,0
BRDA:41,3,1,0
BRDA:53,4,0,0
BRDA:53,4,1,0
BRDA:65,5,0,0
BRDA:65,5,1,0
BRDA:77,6,0,0
BRDA:77,6,1,0
BRDA:86,7,0,0
BRDA:86,7,1,0
BRDA:98,8,0,0
BRDA:98,8,1,0
BRDA:109,9,0,0
BRDA:109,9,1,0
BRDA:121,10,0,0
BRDA:121,10,1,0
BRF:22
BRH:0
end_of_record
TN:
SF:hooks\useUserSettings.ts
FN:5,useUserSettings
FN:12,(anonymous_1)
FN:33,(anonymous_2)
FNF:3
FNH:0
FNDA:0,useUserSettings
FNDA:0,(anonymous_1)
FNDA:0,(anonymous_2)
DA:6,0
DA:7,0
DA:8,0
DA:10,0
DA:12,0
DA:13,0
DA:14,0
DA:15,0
DA:18,0
DA:19,0
DA:21,0
DA:22,0
DA:23,0
DA:25,0
DA:26,0
DA:27,0
DA:29,0
DA:33,0
DA:34,0
DA:35,0
DA:36,0
DA:39,0
DA:40,0
DA:42,0
DA:43,0
DA:44,0
DA:46,0
DA:47,0
DA:48,0
DA:50,0
DA:54,0
LF:31
LH:0
BRDA:10,0,0,0
BRDA:10,0,1,0
BRDA:13,1,0,0
BRDA:13,1,1,0
BRDA:25,2,0,0
BRDA:25,2,1,0
BRDA:34,3,0,0
BRDA:34,3,1,0
BRDA:46,4,0,0
BRDA:46,4,1,0
BRF:10
BRH:0
end_of_record
TN:
SF:services\CalendarSyncService.ts
FN:36,(anonymous_0)
FN:43,(anonymous_1)
FN:79,(anonymous_2)
FN:87,(anonymous_3)
FN:122,(anonymous_4)
FN:146,(anonymous_5)
FN:157,(anonymous_6)
FN:167,(anonymous_7)
FN:188,(anonymous_8)
FN:201,(anonymous_9)
FN:213,(anonymous_10)
FN:223,(anonymous_11)
FN:235,(anonymous_12)
FN:246,(anonymous_13)
FN:260,(anonymous_14)
FN:273,(anonymous_15)
FNF:16
FNH:0
FNDA:0,(anonymous_0)
FNDA:0,(anonymous_1)
FNDA:0,(anonymous_2)
FNDA:0,(anonymous_3)
FNDA:0,(anonymous_4)
FNDA:0,(anonymous_5)
FNDA:0,(anonymous_6)
FNDA:0,(anonymous_7)
FNDA:0,(anonymous_8)
FNDA:0,(anonymous_9)
FNDA:0,(anonymous_10)
FNDA:0,(anonymous_11)
FNDA:0,(anonymous_12)
FNDA:0,(anonymous_13)
FNDA:0,(anonymous_14)
FNDA:0,(anonymous_15)
DA:32,0
DA:33,0
DA:34,0
DA:37,0
DA:38,0
DA:40,0
DA:44,0
DA:45,0
DA:53,0
DA:60,0
DA:62,0
DA:63,0
DA:64,0
DA:68,0
DA:69,0
DA:72,0
DA:75,0
DA:78,0
DA:79,0
DA:81,0
DA:82,0
DA:86,0
DA:87,0
DA:91,0
DA:92,0
DA:93,0
DA:95,0
DA:97,0
DA:98,0
DA:99,0
DA:101,0
DA:105,0
DA:106,0
DA:108,0
DA:109,0
DA:110,0
DA:114,0
DA:115,0
DA:120,0
DA:121,0
DA:122,0
DA:124,0
DA:126,0
DA:127,0
DA:130,0
DA:131,0
DA:136,0
DA:139,0
DA:140,0
DA:143,0
DA:147,0
DA:148,0
DA:149,0
DA:156,0
DA:157,0
DA:162,0
DA:163,0
DA:168,0
DA:169,0
DA:170,0
DA:172,0
DA:173,0
DA:178,0
DA:181,0
DA:183,0
DA:184,0
DA:189,0
DA:190,0
DA:201,0
DA:208,0
DA:209,0
DA:214,0
DA:215,0
DA:223,0
DA:230,0
DA:231,0
DA:236,0
DA:237,0
DA:238,0
DA:246,0
DA:255,0
DA:256,0
DA:261,0
DA:262,0
DA:263,0
DA:268,0
DA:269,0
DA:274,0
DA:275,0
DA:276,0
DA:280,0
LF:91
LH:0
BRDA:37,0,0,0
BRDA:37,0,1,0
BRDA:44,1,0,0
BRDA:44,1,1,0
BRDA:63,2,0,0
BRDA:63,2,1,0
BRDA:79,3,0,0
BRDA:79,3,1,0
BRDA:81,4,0,0
BRDA:81,4,1,0
BRDA:95,5,0,0
BRDA:95,5,1,0
BRDA:98,6,0,0
BRDA:98,6,1,0
BRDA:108,7,0,0
BRDA:108,7,1,0
BRDA:124,8,0,0
BRDA:124,8,1,0
BRF:18
BRH:0
end_of_record
TN:
SF:services\EventService.ts
FN:27,(anonymous_0)
FN:38,(anonymous_1)
FN:45,(anonymous_2)
FN:71,(anonymous_3)
FN:79,(anonymous_4)
FN:83,(anonymous_5)
FN:124,(anonymous_6)
FN:133,(anonymous_7)
FN:187,(anonymous_8)
FN:214,(anonymous_9)
FN:254,(anonymous_10)
FN:277,(anonymous_11)
FN:291,(anonymous_12)
FN:320,(anonymous_13)
FN:330,(anonymous_14)
FN:346,(anonymous_15)
FN:351,(anonymous_16)
FN:402,(anonymous_17)
FN:426,(anonymous_18)
FN:452,(anonymous_19)
FN:469,(anonymous_20)
FN:476,(anonymous_21)
FN:482,(anonymous_22)
FN:493,(anonymous_23)
FN:510,(anonymous_24)
FN:521,(anonymous_25)
FN:542,(anonymous_26)
FN:560,(anonymous_27)
FN:570,(anonymous_28)
FN:586,(anonymous_29)
FNF:30
FNH:0
FNDA:0,(anonymous_0)
FNDA:0,(anonymous_1)
FNDA:0,(anonymous_2)
FNDA:0,(anonymous_3)
FNDA:0,(anonymous_4)
FNDA:0,(anonymous_5)
FNDA:0,(anonymous_6)
FNDA:0,(anonymous_7)
FNDA:0,(anonymous_8)
FNDA:0,(anonymous_9)
FNDA:0,(anonymous_10)
FNDA:0,(anonymous_11)
FNDA:0,(anonymous_12)
FNDA:0,(anonymous_13)
FNDA:0,(anonymous_14)
FNDA:0,(anonymous_15)
FNDA:0,(anonymous_16)
FNDA:0,(anonymous_17)
FNDA:0,(anonymous_18)
FNDA:0,(anonymous_19)
FNDA:0,(anonymous_20)
FNDA:0,(anonymous_21)
FNDA:0,(anonymous_22)
FNDA:0,(anonymous_23)
FNDA:0,(anonymous_24)
FNDA:0,(anonymous_25)
FNDA:0,(anonymous_26)
FNDA:0,(anonymous_27)
FNDA:0,(anonymous_28)
FNDA:0,(anonymous_29)
DA:28,0
DA:29,0
DA:35,0
DA:36,0
DA:39,0
DA:40,0
DA:42,0
DA:46,0
DA:47,0
DA:50,0
DA:51,0
DA:54,0
DA:55,0
DA:58,0
DA:59,0
DA:62,0
DA:63,0
DA:66,0
DA:67,0
DA:70,0
DA:71,0
DA:72,0
DA:73,0
DA:80,0
DA:84,0
DA:86,0
DA:89,0
DA:90,0
DA:91,0
DA:95,0
DA:102,0
DA:108,0
DA:110,0
DA:112,0
DA:113,0
DA:116,0
DA:125,0
DA:126,0
DA:127,0
DA:131,0
DA:132,0
DA:133,0
DA:135,0
DA:136,0
DA:140,0
DA:144,0
DA:147,0
DA:153,0
DA:154,0
DA:158,0
DA:163,0
DA:165,0
DA:171,0
DA:173,0
DA:175,0
DA:176,0
DA:179,0
DA:188,0
DA:190,0
DA:207,0
DA:208,0
DA:209,0
DA:210,0
DA:213,0
DA:214,0
DA:216,0
DA:217,0
DA:220,0
DA:234,0
DA:249,0
DA:250,0
DA:259,0
DA:260,0
DA:263,0
DA:264,0
DA:265,0
DA:266,0
DA:269,0
DA:277,0
DA:284,0
DA:286,0
DA:287,0
DA:292,0
DA:293,0
DA:294,0
DA:296,0
DA:298,0
DA:303,0
DA:309,0
DA:310,0
DA:313,0
DA:315,0
DA:316,0
DA:321,0
DA:322,0
DA:323,0
DA:325,0
DA:326,0
DA:329,0
DA:330,0
DA:331,0
DA:334,0
DA:337,0
DA:338,0
DA:341,0
DA:342,0
DA:348,0
DA:352,0
DA:353,0
DA:355,0
DA:358,0
DA:360,0
DA:363,0
DA:365,0
DA:366,0
DA:368,0
DA:384,0
DA:386,0
DA:391,0
DA:397,0
DA:403,0
DA:404,0
DA:406,0
DA:409,0
DA:411,0
DA:414,0
DA:416,0
DA:417,0
DA:419,0
DA:421,0
DA:422,0
DA:425,0
DA:426,0
DA:427,0
DA:428,0
DA:441,0
DA:444,0
DA:447,0
DA:454,0
DA:464,0
DA:465,0
DA:468,0
DA:469,0
DA:470,0
DA:471,0
DA:472,0
DA:473,0
DA:474,0
DA:475,0
DA:476,0
DA:479,0
DA:483,0
DA:485,0
DA:486,0
DA:488,0
DA:489,0
DA:492,0
DA:493,0
DA:495,0
DA:496,0
DA:500,0
DA:501,0
DA:502,0
DA:504,0
DA:510,0
DA:511,0
DA:514,0
DA:516,0
DA:517,0
DA:522,0
DA:523,0
DA:525,0
DA:528,0
DA:529,0
DA:532,0
DA:534,0
DA:535,0
DA:537,0
DA:539,0
DA:542,0
DA:543,0
DA:546,0
DA:548,0
DA:551,0
DA:555,0
DA:561,0
DA:562,0
DA:563,0
DA:565,0
DA:566,0
DA:569,0
DA:570,0
DA:572,0
DA:573,0
DA:577,0
DA:586,0
DA:594,0
DA:595,0
LF:198
LH:0
BRDA:39,0,0,0
BRDA:39,0,1,0
BRDA:46,1,0,0
BRDA:46,1,1,0
BRDA:50,2,0,0
BRDA:50,2,1,0
BRDA:54,3,0,0
BRDA:54,3,1,0
BRDA:54,4,0,0
BRDA:54,4,1,0
BRDA:58,5,0,0
BRDA:58,5,1,0
BRDA:58,6,0,0
BRDA:58,6,1,0
BRDA:62,7,0,0
BRDA:62,7,1,0
BRDA:66,8,0,0
BRDA:66,8,1,0
BRDA:66,9,0,0
BRDA:66,9,1,0
BRDA:70,10,0,0
BRDA:70,10,1,0
BRDA:72,11,0,0
BRDA:72,11,1,0
BRDA:72,12,0,0
BRDA:72,12,1,0
BRDA:90,13,0,0
BRDA:90,13,1,0
BRDA:112,14,0,0
BRDA:112,14,1,0
BRDA:117,15,0,0
BRDA:117,15,1,0
BRDA:126,16,0,0
BRDA:126,16,1,0
BRDA:135,17,0,0
BRDA:135,17,1,0
BRDA:153,18,0,0
BRDA:153,18,1,0
BRDA:175,19,0,0
BRDA:175,19,1,0
BRDA:180,20,0,0
BRDA:180,20,1,0
BRDA:188,21,0,0
BRDA:188,21,1,0
BRDA:202,22,0,0
BRDA:202,22,1,0
BRDA:203,23,0,0
BRDA:203,23,1,0
BRDA:209,24,0,0
BRDA:209,24,1,0
BRDA:214,25,0,0
BRDA:214,25,1,0
BRDA:216,26,0,0
BRDA:216,26,1,0
BRDA:246,27,0,0
BRDA:246,27,1,0
BRDA:259,28,0,0
BRDA:259,28,1,0
BRDA:265,29,0,0
BRDA:265,29,1,0
BRDA:296,30,0,0
BRDA:296,30,1,0
BRDA:309,31,0,0
BRDA:309,31,1,0
BRDA:309,32,0,0
BRDA:309,32,1,0
BRDA:325,33,0,0
BRDA:325,33,1,0
BRDA:331,34,0,0
BRDA:331,34,1,0
BRDA:337,35,0,0
BRDA:337,35,1,0
BRDA:337,36,0,0
BRDA:337,36,1,0
BRDA:353,37,0,0
BRDA:353,37,1,0
BRDA:353,38,0,0
BRDA:353,38,1,0
BRDA:360,39,0,0
BRDA:360,39,1,0
BRDA:373,40,0,0
BRDA:373,40,1,0
BRDA:374,41,0,0
BRDA:374,41,1,0
BRDA:379,42,0,0
BRDA:379,42,1,0
BRDA:380,43,0,0
BRDA:380,43,1,0
BRDA:384,44,0,0
BRDA:384,44,1,0
BRDA:404,45,0,0
BRDA:404,45,1,0
BRDA:404,46,0,0
BRDA:404,46,1,0
BRDA:411,47,0,0
BRDA:411,47,1,0
BRDA:419,48,0,0
BRDA:419,48,1,0
BRDA:425,49,0,0
BRDA:425,49,1,0
BRDA:427,50,0,0
BRDA:427,50,1,0
BRDA:433,51,0,0
BRDA:433,51,1,0
BRDA:434,52,0,0
BRDA:434,52,1,0
BRDA:436,53,0,0
BRDA:436,53,1,0
BRDA:437,54,0,0
BRDA:437,54,1,0
BRDA:464,55,0,0
BRDA:464,55,1,0
BRDA:465,56,0,0
BRDA:465,56,1,0
BRDA:468,57,0,0
BRDA:468,57,1,0
BRDA:468,58,0,0
BRDA:468,58,1,0
BRDA:471,59,0,0
BRDA:471,59,1,0
BRDA:472,60,0,0
BRDA:472,60,1,0
BRDA:473,61,0,0
BRDA:473,61,1,0
BRDA:474,62,0,0
BRDA:474,62,1,0
BRDA:488,63,0,0
BRDA:488,63,1,0
BRDA:492,64,0,0
BRDA:492,64,1,0
BRDA:495,65,0,0
BRDA:495,65,1,0
BRDA:500,66,0,0
BRDA:500,66,1,0
BRDA:500,67,0,0
BRDA:500,67,1,0
BRDA:514,68,0,0
BRDA:514,68,1,0
BRDA:523,69,0,0
BRDA:523,69,1,0
BRDA:523,70,0,0
BRDA:523,70,1,0
BRDA:529,71,0,0
BRDA:529,71,1,0
BRDA:537,72,0,0
BRDA:537,72,1,0
BRDA:539,73,0,0
BRDA:539,73,1,0
BRDA:546,74,0,0
BRDA:546,74,1,0
BRDA:565,75,0,0
BRDA:565,75,1,0
BRDA:569,76,0,0
BRDA:569,76,1,0
BRDA:572,77,0,0
BRDA:572,77,1,0
BRF:156
BRH:0
end_of_record
TN:
SF:services\GroupService.ts
FN:34,(anonymous_0)
FN:41,(anonymous_1)
FN:45,(anonymous_2)
FN:85,(anonymous_3)
FN:95,(anonymous_4)
FN:111,(anonymous_5)
FN:121,(anonymous_6)
FN:136,(anonymous_7)
FN:144,(anonymous_8)
FN:147,(anonymous_9)
FN:160,(anonymous_10)
FN:191,(anonymous_11)
FN:195,(anonymous_12)
FN:200,(anonymous_13)
FN:221,(anonymous_14)
FN:228,(anonymous_15)
FN:240,(anonymous_16)
FN:243,(anonymous_17)
FN:248,(anonymous_18)
FN:249,(anonymous_19)
FN:257,(anonymous_20)
FN:263,(anonymous_21)
FNF:22
FNH:0
FNDA:0,(anonymous_0)
FNDA:0,(anonymous_1)
FNDA:0,(anonymous_2)
FNDA:0,(anonymous_3)
FNDA:0,(anonymous_4)
FNDA:0,(anonymous_5)
FNDA:0,(anonymous_6)
FNDA:0,(anonymous_7)
FNDA:0,(anonymous_8)
FNDA:0,(anonymous_9)
FNDA:0,(anonymous_10)
FNDA:0,(anonymous_11)
FNDA:0,(anonymous_12)
FNDA:0,(anonymous_13)
FNDA:0,(anonymous_14)
FNDA:0,(anonymous_15)
FNDA:0,(anonymous_16)
FNDA:0,(anonymous_17)
FNDA:0,(anonymous_18)
FNDA:0,(anonymous_19)
FNDA:0,(anonymous_20)
FNDA:0,(anonymous_21)
DA:30,0
DA:31,0
DA:35,0
DA:36,0
DA:38,0
DA:42,0
DA:46,0
DA:47,0
DA:48,0
DA:58,0
DA:68,0
DA:69,0
DA:72,0
DA:74,0
DA:80,0
DA:81,0
DA:86,0
DA:87,0
DA:88,0
DA:90,0
DA:91,0
DA:94,0
DA:95,0
DA:96,0
DA:98,0
DA:104,0
DA:106,0
DA:107,0
DA:112,0
DA:113,0
DA:114,0
DA:116,0
DA:117,0
DA:120,0
DA:121,0
DA:123,0
DA:129,0
DA:131,0
DA:132,0
DA:137,0
DA:138,0
DA:141,0
DA:144,0
DA:145,0
DA:146,0
DA:147,0
DA:153,0
DA:155,0
DA:156,0
DA:161,0
DA:162,0
DA:163,0
DA:166,0
DA:167,0
DA:169,0
DA:178,0
DA:184,0
DA:186,0
DA:187,0
DA:192,0
DA:193,0
DA:195,0
DA:196,0
DA:199,0
DA:200,0
DA:204,0
DA:210,0
DA:216,0
DA:217,0
DA:222,0
DA:223,0
DA:224,0
DA:228,0
DA:235,0
DA:236,0
DA:241,0
DA:242,0
DA:243,0
DA:246,0
DA:248,0
DA:249,0
DA:252,0
DA:253,0
DA:258,0
DA:259,0
DA:260,0
DA:261,0
DA:263,0
DA:264,0
DA:268,0
DA:276,0
DA:277,0
LF:92
LH:0
BRDA:35,0,0,0
BRDA:35,0,1,0
BRDA:68,1,0,0
BRDA:68,1,1,0
BRDA:90,2,0,0
BRDA:90,2,1,0
BRDA:116,3,0,0
BRDA:116,3,1,0
BRF:8
BRH:0
end_of_record
TN:
SF:services\NotificationService.ts
FN:30,(anonymous_0)
FN:34,(anonymous_1)
FN:42,(anonymous_2)
FN:74,(anonymous_3)
FN:105,(anonymous_4)
FN:129,(anonymous_5)
FN:157,(anonymous_6)
FN:194,(anonymous_7)
FN:226,(anonymous_8)
FNF:9
FNH:0
FNDA:0,(anonymous_0)
FNDA:0,(anonymous_1)
FNDA:0,(anonymous_2)
FNDA:0,(anonymous_3)
FNDA:0,(anonymous_4)
FNDA:0,(anonymous_5)
FNDA:0,(anonymous_6)
FNDA:0,(anonymous_7)
FNDA:0,(anonymous_8)
DA:16,0
DA:27,0
DA:28,0
DA:31,0
DA:35,0
DA:36,0
DA:39,0
DA:41,0
DA:42,0
DA:50,0
DA:53,0
DA:54,0
DA:55,0
DA:57,0
DA:62,0
DA:63,0
DA:67,0
DA:69,0
DA:70,0
DA:75,0
DA:77,0
DA:78,0
DA:80,0
DA:81,0
DA:82,0
DA:89,0
DA:90,0
DA:91,0
DA:93,0
DA:94,0
DA:98,0
DA:100,0
DA:101,0
DA:106,0
DA:108,0
DA:111,0
DA:112,0
DA:115,0
DA:117,0
DA:124,0
DA:125,0
DA:130,0
DA:131,0
DA:134,0
DA:135,0
DA:137,0
DA:138,0
DA:141,0
DA:150,0
DA:152,0
DA:153,0
DA:158,0
DA:159,0
DA:162,0
DA:163,0
DA:165,0
DA:166,0
DA:167,0
DA:168,0
DA:172,0
DA:173,0
DA:180,0
DA:182,0
DA:184,0
DA:187,0
DA:189,0
DA:190,0
DA:195,0
DA:196,0
DA:199,0
DA:200,0
DA:203,0
DA:204,0
DA:207,0
DA:212,0
DA:214,0
DA:216,0
DA:219,0
DA:221,0
DA:222,0
DA:230,0
DA:231,0
DA:237,0
DA:238,0
DA:239,0
DA:244,0
DA:245,0
LF:87
LH:0
BRDA:35,0,0,0
BRDA:35,0,1,0
BRDA:53,1,0,0
BRDA:53,1,1,0
BRDA:55,2,0,0
BRDA:55,2,1,0
BRDA:80,3,0,0
BRDA:80,3,1,0
BRDA:90,4,0,0
BRDA:90,4,1,0
BRDA:130,5,0,0
BRDA:130,5,1,0
BRDA:137,6,0,0
BRDA:137,6,1,0
BRDA:158,7,0,0
BRDA:158,7,1,0
BRDA:165,8,0,0
BRDA:165,8,1,0
BRDA:167,9,0,0
BRDA:167,9,1,0
BRDA:177,10,0,0
BRDA:177,10,1,0
BRDA:182,11,0,0
BRDA:182,11,1,0
BRDA:195,12,0,0
BRDA:195,12,1,0
BRDA:203,13,0,0
BRDA:203,13,1,0
BRDA:203,14,0,0
BRDA:203,14,1,0
BRDA:214,15,0,0
BRDA:214,15,1,0
BRDA:230,16,0,0
BRDA:230,16,1,0
BRF:34
BRH:0
end_of_record
TN:
SF:services\SharedContactsService.ts
FN:20,(anonymous_0)
FN:27,(anonymous_1)
FN:31,(anonymous_2)
FN:78,(anonymous_3)
FN:84,(anonymous_4)
FN:99,(anonymous_5)
FN:109,(anonymous_6)
FNF:7
FNH:0
FNDA:0,(anonymous_0)
FNDA:0,(anonymous_1)
FNDA:0,(anonymous_2)
FNDA:0,(anonymous_3)
FNDA:0,(anonymous_4)
FNDA:0,(anonymous_5)
FNDA:0,(anonymous_6)
DA:17,0
DA:21,0
DA:22,0
DA:24,0
DA:28,0
DA:36,0
DA:37,0
DA:38,0
DA:40,0
DA:49,0
DA:50,0
DA:51,0
DA:53,0
DA:54,0
DA:56,0
DA:57,0
DA:59,0
DA:60,0
DA:62,0
DA:65,0
DA:71,0
DA:73,0
DA:74,0
DA:79,0
DA:80,0
DA:81,0
DA:82,0
DA:84,0
DA:85,0
DA:86,0
DA:94,0
DA:95,0
DA:100,0
DA:101,0
DA:102,0
DA:104,0
DA:105,0
DA:113,0
DA:114,0
DA:115,0
DA:117,0
DA:118,0
DA:121,0
DA:123,0
DA:124,0
LF:45
LH:0
BRDA:21,0,0,0
BRDA:21,0,1,0
BRDA:49,1,0,0
BRDA:49,1,1,0
BRDA:51,2,0,0
BRDA:51,2,1,0
BRDA:51,2,2,0
BRDA:68,3,0,0
BRDA:68,3,1,0
BRDA:90,4,0,0
BRDA:90,4,1,0
BRDA:117,5,0,0
BRDA:117,5,1,0
BRF:13
BRH:0
end_of_record
TN:
SF:services\UserSettingsService.ts
FN:27,(anonymous_0)
FN:36,(anonymous_1)
FN:42,(anonymous_2)
FN:68,(anonymous_3)
FN:111,(anonymous_4)
FNF:5
FNH:0
FNDA:0,(anonymous_0)
FNDA:0,(anonymous_1)
FNDA:0,(anonymous_2)
FNDA:0,(anonymous_3)
FNDA:0,(anonymous_4)
DA:28,0
DA:29,0
DA:34,0
DA:37,0
DA:38,0
DA:43,0
DA:44,0
DA:47,0
DA:49,0
DA:52,0
DA:54,0
DA:57,0
DA:59,0
DA:62,0
DA:64,0
DA:69,0
DA:70,0
DA:72,0
DA:73,0
DA:75,0
DA:76,0
DA:81,0
DA:83,0
DA:89,0
DA:92,0
DA:97,0
DA:99,0
DA:100,0
DA:103,0
DA:112,0
DA:113,0
DA:114,0
DA:116,0
DA:117,0
DA:120,0
DA:122,0
DA:123,0
LF:37
LH:0
BRDA:37,0,0,0
BRDA:37,0,1,0
BRDA:43,1,0,0
BRDA:43,1,1,0
BRDA:43,2,0,0
BRDA:43,2,1,0
BRDA:47,3,0,0
BRDA:47,3,1,0
BRDA:47,4,0,0
BRDA:47,4,1,0
BRDA:52,5,0,0
BRDA:52,5,1,0
BRDA:52,6,0,0
BRDA:52,6,1,0
BRDA:57,7,0,0
BRDA:57,7,1,0
BRDA:57,8,0,0
BRDA:57,8,1,0
BRDA:57,8,2,0
BRDA:62,9,0,0
BRDA:62,9,1,0
BRDA:62,10,0,0
BRDA:62,10,1,0
BRDA:62,10,2,0
BRDA:81,11,0,0
BRDA:81,11,1,0
BRDA:99,12,0,0
BRDA:99,12,1,0
BRDA:104,13,0,0
BRDA:104,13,1,0
BRDA:116,14,0,0
BRDA:116,14,1,0
BRF:32
BRH:0
end_of_record
TN:
SF:types\auth.d.ts
FNF:0
FNH:0
LF:0
LH:0
BRF:0
BRH:0
end_of_record
TN:
SF:types\contexts.d.ts
FNF:0
FNH:0
LF:0
LH:0
BRF:0
BRH:0
end_of_record
TN:
SF:types\firebaseConfig.d.ts
FNF:0
FNH:0
LF:0
LH:0
BRF:0
BRH:0
end_of_record
